<?xml version="1.0" encoding="utf-8"?><testsuites name="pytest tests"><testsuite name="pytest" errors="0" failures="2" skipped="0" tests="12" time="106.919" timestamp="2026-08-25T06:52:20.218283+00:00" hostname="agent-env-025980c2-0ecc-461b-b2ad-6d583c87f706"><testcase classname="tests.test_freight_forwarder_gate_pass.TestDeliveryNoteData" name="test_delivery_note_company_blocks[STO-000041]" time="6.846" /><testcase classname="tests.test_freight_forwarder_gate_pass.TestFreightForwarderValidation" name="test_missing_freight_forwarder_key_returns_422" time="0.910" /><testcase classname="tests.test_freight_forwarder_gate_pass.TestFreightForwarderValidation" name="test_blank_freight_forwarder_rejected" time="0.046" /><testcase classname="tests.test_freight_forwarder_gate_pass.TestFreightForwarderValidation" name="test_null_freight_forwarder_rejected" time="0.045" /><testcase classname="tests.test_freight_forwarder_gate_pass" name="test_orders_list_exposes_freight_forwarder" time="0.716" /><testcase classname="tests.test_freight_forwarder_gate_pass.TestDeliveryNoteData" name="test_delivery_note_company_blocks[STO-000042]" time="5.943" /><testcase classname="tests.test_freight_forwarder_gate_pass.TestDeliveryNoteData" name="test_delivery_note_company_blocks[STO-000040]" time="5.584"><failure message="AssertionError: {'company_name': 'RADISH TECHNOLOGIES', 'address_line1': 'C-268 &amp; 269, SEC-2, TALA NAGARI,', 'address_line2': 'RAMGHAT ROAD,  ALIGARH-202001', 'city': 'ALIGARH', ...}&#10;assert ('09AAKFR1956L1ZL' and None)">tests/test_freight_forwarder_gate_pass.py:100: in test_delivery_note_company_blocks
    assert comp["gstin"] and comp["state_code"], comp
E   AssertionError: {'company_name': 'RADISH TECHNOLOGIES', 'address_line1': 'C-268 &amp; 269, SEC-2, TALA NAGARI,', 'address_line2': 'RAMGHAT ROAD,  ALIGARH-202001', 'city': 'ALIGARH', ...}
E   assert ('09AAKFR1956L1ZL' and None)</failure></testcase><testcase classname="tests.test_freight_forwarder_gate_pass.TestDeliveryNoteData" name="test_serial_number_format" time="5.383" /><testcase classname="tests.test_freight_forwarder_gate_pass.TestDeliveryNoteData" name="test_freight_forwarder_passthrough" time="52.360" /><testcase classname="tests.test_freight_forwarder_gate_pass.TestDeliveryNoteData" name="test_gate_pass_source_fields" time="29.482" /><testcase classname="tests.test_freight_forwarder_gate_pass.TestDeliveryNoteData" name="test_unknown_sto_returns_404" time="0.048"><failure message="AssertionError: Internal Server Error&#10;assert 500 == 404&#10; +  where 500 = &lt;Response [500]&gt;.status_code">tests/test_freight_forwarder_gate_pass.py:132: in test_unknown_sto_returns_404
    assert r.status_code == 404, r.text
E   AssertionError: Internal Server Error
E   assert 500 == 404
E    +  where 500 = &lt;Response [500]&gt;.status_code</failure></testcase><testcase classname="tests.test_freight_forwarder_gate_pass.TestDeliveryNoteData" name="test_delivery_note_requires_auth" time="0.865" /></testsuite></testsuites>