<?xml version="1.0" encoding="utf-8"?><testsuites name="pytest tests"><testsuite name="pytest" errors="0" failures="0" skipped="0" tests="17" time="33.160" timestamp="2026-08-24T16:10:55.971877+00:00" hostname="agent-env-025980c2-0ecc-461b-b2ad-6d583c87f706"><testcase classname="tests.test_goods_issue_retry.TestRetryGoodsIssueValidation" name="test_retry_requires_auth" time="0.236" /><testcase classname="tests.test_goods_issue_retry.TestGetSingleOrder" name="test_get_existing_order" time="0.837" /><testcase classname="tests.test_goods_issue_retry.TestGetSingleOrder" name="test_get_matches_list_endpoint" time="0.160" /><testcase classname="tests.test_goods_issue_retry.TestRetryGoodsIssueValidation" name="test_retry_unknown_order_rejected" time="0.843" /><testcase classname="tests.test_goods_issue_retry.TestGetSingleOrder" name="test_get_unknown_order_404" time="0.074" /><testcase classname="tests.test_goods_issue_retry.TestGetSingleOrder" name="test_get_requires_auth" time="0.181" /><testcase classname="tests.test_goods_issue_retry.TestRetryGoodsIssueValidation" name="test_retry_order_not_created_in_sap_rejected" time="0.100" /><testcase classname="tests.test_goods_issue_retry.TestRetryGoodsIssueValidation" name="test_retry_already_posted_rejected" time="0.241" /><testcase classname="tests.test_goods_issue_retry.TestGetSingleOrder" name="test_route_not_shadowed_by_sap_status" time="0.077" /><testcase classname="tests.test_goods_issue_retry.TestInsufficientStockBranch" name="test_short_stock_sets_insufficient_and_skips_sap_post" time="0.095" /><testcase classname="tests.test_goods_issue_retry.TestInsufficientStockBranch" name="test_sufficient_stock_posts_goods_issue" time="0.002" /><testcase classname="tests.test_goods_issue_retry.TestInsufficientStockBranch" name="test_no_delivery_yet_does_not_check_stock" time="0.001" /><testcase classname="tests.test_goods_issue_retry.TestRetryGoodsIssueLive" name="test_live_retry_resets_then_reattempts" time="30.648" /><testcase classname="tests.test_goods_issue_retry.TestRetryGoodsIssueValidation" name="test_retry_rejected_while_awaiting_delivery" time="0.161" /><testcase classname="tests.test_goods_issue_retry.TestResetForRetry" name="test_reset_from_failed" time="0.007" /><testcase classname="tests.test_goods_issue_retry.TestResetForRetry" name="test_reset_from_insufficient_stock_rejected" time="0.664" /><testcase classname="tests.test_goods_issue_retry.TestLiveStockHelper" name="test_builds_site_slash_warehouse_id_and_filters" time="0.660" /></testsuite></testsuites>