<?xml version="1.0" encoding="utf-8"?><testsuites name="pytest tests"><testsuite name="pytest" errors="0" failures="1" skipped="0" tests="15" time="88.471" timestamp="2026-08-21T18:21:40.237788+00:00" hostname="agent-env-025980c2-0ecc-461b-b2ad-6d583c87f706"><testcase classname="tests.test_gm_warehouse_id_fix.TestWarehouseIdMatching" name="test_rm_location_selected_by_warehouse_id" time="0.007" /><testcase classname="tests.test_gm_warehouse_id_fix.TestWarehouseIdMatching" name="test_no_rm_stock_means_no_movement" time="0.002" /><testcase classname="tests.test_gm_warehouse_id_fix.TestWarehouseIdMatching" name="test_legacy_doc_without_warehouse_id_does_not_move" time="0.001" /><testcase classname="tests.test_gm_warehouse_id_fix.TestSapLogErrorDetection" name="test_has_sap_log_error_detects_severity_3" time="0.000" /><testcase classname="tests.test_gm_warehouse_id_fix.TestSapLogErrorDetection" name="test_has_sap_log_error_ignores_info_severity" time="0.000" /><testcase classname="tests.test_gm_warehouse_id_fix.TestSapLogErrorDetection" name="test_trigger_downgrades_ok_true_with_sap_error" time="0.000" /><testcase classname="tests.test_gm_warehouse_id_fix.TestSapLogErrorDetection" name="test_trigger_keeps_ok_true_when_clean" time="0.000" /><testcase classname="tests.test_gm_warehouse_id_fix.TestSapLogErrorDetection" name="test_trigger_handles_client_exception" time="0.000" /><testcase classname="tests.test_gm_warehouse_id_fix.TestSapLogErrorDetection" name="test_end_to_end_downgrade_visible_on_component" time="0.002" /><testcase classname="tests.test_gm_warehouse_id_fix.TestPlumbing" name="test_check_availability_against_stock_emits_warehouse_id" time="0.001" /><testcase classname="tests.test_gm_warehouse_id_fix.TestPlumbing" name="test_live_inventory_exposes_logistics_area_id" time="42.118" /><testcase classname="tests.test_gm_warehouse_id_fix.TestSmoke" name="test_list_and_journal" time="0.506" /><testcase classname="tests.test_gm_warehouse_id_fix.TestSmoke" name="test_live_issue_via_api_attempts_movement" time="1.663" /><testcase classname="tests.test_gm_warehouse_id_fix.TestDryRunFlagPlumbing" name="test_env_false_is_honoured_by_running_server" time="0.253"><failure message="AssertionError: server still ran the movement in DRY-RUN despite .env=false (import order: store_approval_service imported before load_dotenv)&#10;assert True is False">E   AssertionError: server still ran the movement in DRY-RUN despite .env=false (import order: store_approval_service imported before load_dotenv)
    assert True is False</failure></testcase><testcase classname="tests.test_gm_warehouse_id_fix.TestLiveMovementWithFlagForced" name="test_live_movement_against_real_rm_stock" time="43.800" /></testsuite></testsuites>