<?xml version="1.0" encoding="utf-8"?><testsuites name="pytest tests"><testsuite name="pytest" errors="0" failures="0" skipped="0" tests="4" time="0.447" timestamp="2026-08-29T07:36:41.399827+00:00" hostname="agent-env-025980c2-0ecc-461b-b2ad-6d583c87f706"><testcase classname="tests.test_supplier_grn_fixes_iter139" name="test_retry_unknown_doc_code_returns_404[retry-goods-receipt]" time="0.137" /><testcase classname="tests.test_supplier_grn_fixes_iter139" name="test_retry_unknown_doc_code_returns_404[retry-movement]" time="0.048" /><testcase classname="tests.test_supplier_grn_fixes_iter139" name="test_retry_requires_auth[retry-goods-receipt]" time="0.113" /><testcase classname="tests.test_supplier_grn_fixes_iter139" name="test_retry_requires_auth[retry-movement]" time="0.098" /></testsuite></testsuites>