<?xml version="1.0" encoding="utf-8"?><testsuites name="pytest tests"><testsuite name="pytest" errors="0" failures="2" skipped="0" tests="11" time="0.826" timestamp="2026-08-29T07:09:20.558071+00:00" hostname="agent-env-025980c2-0ecc-461b-b2ad-6d583c87f706"><testcase classname="tests.test_supplier_grn_async_iter138.TestGrnApproveValidation" name="test_approve_missing_site_id_422" time="0.180" /><testcase classname="tests.test_supplier_grn_async_iter138.TestGrnReadEndpoints" name="test_sites" time="0.252" /><testcase classname="tests.test_supplier_grn_async_iter138.TestGrnApproveValidation" name="test_approve_unknown_shipment_404" time="0.046" /><testcase classname="tests.test_supplier_grn_async_iter138.TestGrnApproveValidation" name="test_approve_bad_actual_qty_type_422" time="0.084" /><testcase classname="tests.test_supplier_grn_async_iter138.TestGrnReadEndpoints" name="test_warehouses_for_site" time="0.054" /><testcase classname="tests.test_supplier_grn_async_iter138.TestGrnReadEndpoints" name="test_shipments_filter_and_no_mongo_id_leak" time="0.045" /><testcase classname="tests.test_supplier_grn_async_iter138.TestGrnRetryGuards" name="test_retry_goods_receipt_unknown_shipment" time="0.045"><failure message="AssertionError: expected 404 for unknown shipment, got 500: Internal Server Error&#10;assert 500 == 404&#10; +  where 500 = &lt;Response [500]&gt;.status_code">self = &lt;test_supplier_grn_async_iter138.TestGrnRetryGuards object at 0xff7e30dc8f90&gt;
client = &lt;requests.sessions.Session object at 0xff7e31137e50&gt;

    def test_retry_goods_receipt_unknown_shipment(self, client):
        r = client.post(f"{BASE_URL}/api/admin/grn/ZZZZZZ/retry-goods-receipt", timeout=60)
        assert r.status_code in (404, 500), r.text[:300]
&gt;       assert r.status_code == 404, f"expected 404 for unknown shipment, got {r.status_code}: {r.text[:300]}"
E       AssertionError: expected 404 for unknown shipment, got 500: Internal Server Error
E       assert 500 == 404
E        +  where 500 = &lt;Response [500]&gt;.status_code

tests/test_supplier_grn_async_iter138.py:113: AssertionError</failure></testcase><testcase classname="tests.test_supplier_grn_async_iter138.TestGrnReadEndpoints" name="test_lookup_test_shipment_structure" time="0.053" /><testcase classname="tests.test_supplier_grn_async_iter138.TestGrnRetryGuards" name="test_retry_movement_unknown_shipment" time="0.045"><failure message="AssertionError: Internal Server Error&#10;assert 500 == 404&#10; +  where 500 = &lt;Response [500]&gt;.status_code">self = &lt;test_supplier_grn_async_iter138.TestGrnRetryGuards object at 0xff7e30dc9590&gt;
client = &lt;requests.sessions.Session object at 0xff7e31137e50&gt;

    def test_retry_movement_unknown_shipment(self, client):
        r = client.post(f"{BASE_URL}/api/admin/grn/ZZZZZZ/retry-movement", timeout=60)
&gt;       assert r.status_code == 404, r.text[:300]
E       AssertionError: Internal Server Error
E       assert 500 == 404
E        +  where 500 = &lt;Response [500]&gt;.status_code

tests/test_supplier_grn_async_iter138.py:117: AssertionError</failure></testcase><testcase classname="tests.test_supplier_grn_async_iter138.TestGrnReadEndpoints" name="test_lookup_unknown_code_404" time="0.048" /><testcase classname="tests.test_supplier_grn_async_iter138.TestGrnReadEndpoints" name="test_receipt_status_unknown_job_404" time="0.046" /></testsuite></testsuites>