<?xml version="1.0" encoding="utf-8"?><testsuites name="pytest tests"><testsuite name="pytest" errors="0" failures="5" skipped="0" tests="16" time="181.294" timestamp="2026-08-29T07:15:27.514165+00:00" hostname="agent-env-025980c2-0ecc-461b-b2ad-6d583c87f706"><testcase classname="tests.test_supplier_grn_async_iter138.TestGrnReadEndpoints" name="test_sites" time="60.161"><failure message="AssertionError: &lt;!DOCTYPE html&gt;&#10;  &lt;!--[if lt IE 7]&gt; &lt;html class=&quot;no-js ie6 oldie&quot; lang=&quot;en-US&quot;&gt; &lt;![endif]--&gt;&#10;  &lt;!--[if IE 7]&gt;    &lt;html class=&quot;no-js ie7 oldie&quot; lang=&quot;en-US&quot;&gt; &lt;![endif]--&gt;&#10;  &lt;!--[if IE 8]&gt;    &lt;html class=&quot;no-js ie8 oldie&quot; lang=&quot;en-US&quot;&gt; &lt;![endif]--&gt;&#10;  &lt;!--[if gt IE 8]&gt;&lt;!--&gt; &lt;html class=&quot;no-js&quot; lang=&quot;en-US&quot;&gt; &lt;!&#10;assert 502 == 200&#10; +  where 502 = &lt;Response [502]&gt;.status_code">E   AssertionError: &lt;!DOCTYPE html&gt;
      &lt;!--[if lt IE 7]&gt; &lt;html class="no-js ie6 oldie" lang="en-US"&gt; &lt;![endif]--&gt;
      &lt;!--[if IE 7]&gt;    &lt;html class="no-js ie7 oldie" lang="en-US"&gt; &lt;![endif]--&gt;
      &lt;!--[if IE 8]&gt;    &lt;html class="no-js ie8 oldie" lang="en-US"&gt; &lt;![endif]--&gt;
      &lt;!--[if gt IE 8]&gt;&lt;!--&gt; &lt;html class="no-js" lang="en-US"&gt; &lt;!
    assert 502 == 200
     +  where 502 = &lt;Response [502]&gt;.status_code</failure></testcase><testcase classname="tests.test_supplier_grn_async_iter138.TestGrnReadEndpoints" name="test_warehouses_for_site" time="60.138"><failure message="AssertionError: &lt;!DOCTYPE html&gt;&#10;  &lt;!--[if lt IE 7]&gt; &lt;html class=&quot;no-js ie6 oldie&quot; lang=&quot;en-US&quot;&gt; &lt;![endif]--&gt;&#10;  &lt;!--[if IE 7]&gt;    &lt;html class=&quot;no-js ie7 oldie&quot; lang=&quot;en-US&quot;&gt; &lt;![endif]--&gt;&#10;  &lt;!--[if IE 8]&gt;    &lt;html class=&quot;no-js ie8 oldie&quot; lang=&quot;en-US&quot;&gt; &lt;![endif]--&gt;&#10;  &lt;!--[if gt IE 8]&gt;&lt;!--&gt; &lt;html class=&quot;no-js&quot; lang=&quot;en-US&quot;&gt; &lt;!&#10;assert 502 == 200&#10; +  where 502 = &lt;Response [502]&gt;.status_code">E   AssertionError: &lt;!DOCTYPE html&gt;
      &lt;!--[if lt IE 7]&gt; &lt;html class="no-js ie6 oldie" lang="en-US"&gt; &lt;![endif]--&gt;
      &lt;!--[if IE 7]&gt;    &lt;html class="no-js ie7 oldie" lang="en-US"&gt; &lt;![endif]--&gt;
      &lt;!--[if IE 8]&gt;    &lt;html class="no-js ie8 oldie" lang="en-US"&gt; &lt;![endif]--&gt;
      &lt;!--[if gt IE 8]&gt;&lt;!--&gt; &lt;html class="no-js" lang="en-US"&gt; &lt;!
    assert 502 == 200
     +  where 502 = &lt;Response [502]&gt;.status_code</failure></testcase><testcase classname="tests.test_supplier_grn_async_iter138.TestGrnReadEndpoints" name="test_shipments_filter_and_no_mongo_id_leak" time="60.062"><failure message="requests.exceptions.ReadTimeout: HTTPSConnectionPool(host='sap-data-sync.preview.emergentagent.com', port=443): Read timed out. (read timeout=60)">E   TimeoutError: The read operation timed out

The above exception was the direct cause of the following exception:
E   urllib3.exceptions.ReadTimeoutError: HTTPSConnectionPool(host='sap-data-sync.preview.emergentagent.com', port=443): Read timed out. (read timeout=60)

During handling of the above exception, another exception occurred:
E   requests.exceptions.ReadTimeout: HTTPSConnectionPool(host='sap-data-sync.preview.emergentagent.com', port=443): Read timed out. (read timeout=60)</failure></testcase><testcase classname="tests.test_supplier_grn_async_iter138.TestGrnReadEndpoints" name="test_lookup_test_shipment_structure" time="0.239" /><testcase classname="tests.test_supplier_grn_async_iter138.TestGrnReadEndpoints" name="test_lookup_unknown_code_404" time="0.049" /><testcase classname="tests.test_supplier_grn_async_iter138.TestGrnReadEndpoints" name="test_receipt_status_unknown_job_404" time="0.049" /><testcase classname="tests.test_supplier_grn_async_iter138.TestGrnApproveValidation" name="test_approve_missing_site_id_422" time="0.048" /><testcase classname="tests.test_supplier_grn_async_iter138.TestGrnApproveValidation" name="test_approve_unknown_shipment_404" time="0.048" /><testcase classname="tests.test_supplier_grn_async_iter138.TestGrnApproveValidation" name="test_approve_bad_actual_qty_type_422" time="0.048" /><testcase classname="tests.test_supplier_grn_async_iter138.TestGrnPostApproveState" name="test_shipment_persisted_approval_fields" time="0.049" /><testcase classname="tests.test_supplier_grn_async_iter138.TestGrnPostApproveState" name="test_fake_po_never_reports_posted" time="0.045" /><testcase classname="tests.test_supplier_grn_async_iter138.TestGrnPostApproveState" name="test_double_approve_rejected" time="0.045" /><testcase classname="tests.test_supplier_grn_async_iter138.TestGrnPostApproveState" name="test_retry_movement_blocked_while_gr_not_posted" time="0.050" /><testcase classname="tests.test_supplier_grn_async_iter138.TestGrnPostApproveState" name="test_approve_requires_auth" time="0.092" /><testcase classname="tests.test_supplier_grn_async_iter138.TestGrnRetryGuards" name="test_retry_goods_receipt_unknown_shipment" time="0.047"><failure message="AssertionError: expected 404 for unknown shipment, got 500: Internal Server Error&#10;assert 500 == 404&#10; +  where 500 = &lt;Response [500]&gt;.status_code">E   AssertionError: expected 404 for unknown shipment, got 500: Internal Server Error
    assert 500 == 404
     +  where 500 = &lt;Response [500]&gt;.status_code</failure></testcase><testcase classname="tests.test_supplier_grn_async_iter138.TestGrnRetryGuards" name="test_retry_movement_unknown_shipment" time="0.044"><failure message="AssertionError: Internal Server Error&#10;assert 500 == 404&#10; +  where 500 = &lt;Response [500]&gt;.status_code">E   AssertionError: Internal Server Error
    assert 500 == 404
     +  where 500 = &lt;Response [500]&gt;.status_code</failure></testcase></testsuite></testsuites>