<?xml version="1.0" encoding="utf-8"?><testsuites name="pytest tests"><testsuite name="pytest" errors="0" failures="0" skipped="0" tests="24" time="5.397" timestamp="2026-08-26T13:55:08.997073+00:00" hostname="agent-env-025980c2-0ecc-461b-b2ad-6d583c87f706"><testcase classname="tests.test_supplier_shipment_grn.TestGrnAdmin" name="test_lookup_case_insensitive" time="0.905" /><testcase classname="tests.test_supplier_shipment_grn.TestShipmentCreation" name="test_create_shipment_returns_6char_code_and_persists" time="0.944" /><testcase classname="tests.test_supplier_shipment_grn.TestGrnAdmin" name="test_lookup_unknown_code_404" time="0.149" /><testcase classname="tests.test_supplier_shipment_grn.TestShipmentCreation" name="test_ship_qty_zero_rejected" time="0.127" /><testcase classname="tests.test_supplier_shipment_grn.TestGrnAdmin" name="test_pending_list_filtered_by_status" time="0.199" /><testcase classname="tests.test_supplier_shipment_grn.TestShipmentCreation" name="test_ship_qty_negative_rejected" time="0.096" /><testcase classname="tests.test_supplier_shipment_grn.TestShipmentCreation" name="test_ship_more_than_po_qty_rejected" time="0.103" /><testcase classname="tests.test_supplier_shipment_grn.TestGrnAdmin" name="test_approve_never_blocked_by_missing_sap_config" time="0.253" /><testcase classname="tests.test_supplier_shipment_grn.TestShipmentCreation" name="test_ship_exceeding_remaining_after_prior_shipments_rejected" time="0.343" /><testcase classname="tests.test_supplier_shipment_grn.TestGrnAdmin" name="test_approved_shipment_cannot_be_reprocessed" time="0.315" /><testcase classname="tests.test_supplier_shipment_grn.TestShipmentCreation" name="test_unknown_item_rejected" time="0.098" /><testcase classname="tests.test_supplier_shipment_grn.TestShipmentCreation" name="test_empty_items_rejected" time="0.094" /><testcase classname="tests.test_supplier_shipment_grn.TestShipmentCreation" name="test_unknown_po_rejected" time="0.093" /><testcase classname="tests.test_supplier_shipment_grn.TestGrnAdmin" name="test_reject_stores_reason_and_releases_qty" time="0.428" /><testcase classname="tests.test_supplier_shipment_grn.TestShipmentCreation" name="test_shipment_creation_requires_login" time="0.171" /><testcase classname="tests.test_supplier_shipment_grn.TestShipmentCreation" name="test_doc_codes_are_unique" time="0.729" /><testcase classname="tests.test_supplier_shipment_grn.TestGrnAdmin" name="test_rejected_shipment_cannot_be_reprocessed" time="0.226" /><testcase classname="tests.test_supplier_shipment_grn.TestGrnAdmin" name="test_approve_unknown_code_404" time="0.082" /><testcase classname="tests.test_supplier_shipment_grn.TestPurchaseOrderList" name="test_po_list_returns_seeded_items_and_live_sync_false" time="0.077" /><testcase classname="tests.test_supplier_shipment_grn.TestPurchaseOrderList" name="test_po_list_requires_login" time="0.248" /><testcase classname="tests.test_supplier_shipment_grn.TestGrnPermissions" name="test_grn_routes_require_login" time="0.678" /><testcase classname="tests.test_supplier_shipment_grn.TestGrnPermissions" name="test_supplier_jwt_does_not_authenticate_grn_routes" time="0.095" /><testcase classname="tests.test_supplier_shipment_grn.TestGrnPermissions" name="test_user_without_page_permission_gets_403" time="0.317" /><testcase classname="tests.test_supplier_shipment_grn.TestGrnPermissions" name="test_internal_user_without_supplier_portal_admin_gets_403_on_grn" time="0.665" /></testsuite></testsuites>