<?xml version="1.0" encoding="utf-8"?><testsuites name="pytest tests"><testsuite name="pytest" errors="0" failures="1" skipped="0" tests="3" time="0.942" timestamp="2026-08-28T08:43:00.612089+00:00" hostname="agent-env-025980c2-0ecc-461b-b2ad-6d583c87f706"><testcase classname="tests.test_inbound_receipt_lock" name="test_sto_level_lock_returns_same_job_id" time="0.473"><failure message="AssertionError: assert 2 == 1&#10; +  where 2 = count_documents({'sto_id': 'STO-000051'})&#10; +    where count_documents = Collection(Database(MongoClient(host=['localhost:27017'], document_class=dict, tz_aware=False, connect=True), 'test_database'), 'background_jobs').count_documents">tests/test_inbound_receipt_lock.py:56: in test_sto_level_lock_returns_same_job_id
    assert jobs.count_documents({"sto_id": sto_id}) == 1
E   AssertionError: assert 2 == 1
E    +  where 2 = count_documents({'sto_id': 'STO-000051'})
E    +    where count_documents = Collection(Database(MongoClient(host=['localhost:27017'], document_class=dict, tz_aware=False, connect=True), 'test_database'), 'background_jobs').count_documents</failure></testcase><testcase classname="tests.test_inbound_receipt_lock" name="test_over_shipped_quantity_rejected_before_job" time="0.198" /><testcase classname="tests.test_inbound_receipt_lock" name="test_zero_quantity_rejected" time="0.133" /></testsuite></testsuites>