<?xml version="1.0" encoding="utf-8"?><testsuites name="pytest tests"><testsuite name="pytest" errors="0" failures="0" skipped="0" tests="14" time="2.912" timestamp="2026-08-21T15:12:12.318592+00:00" hostname="agent-env-025980c2-0ecc-461b-b2ad-6d583c87f706"><testcase classname="tests.test_issue_id_and_target_bins.TestTargetBinsEndpoint" name="test_unknown_site_returns_empty_list" time="0.177" /><testcase classname="tests.test_issue_id_and_target_bins.TestIssueIdGeneration" name="test_issue_id_created_and_shaped_correctly" time="0.324" /><testcase classname="tests.test_issue_id_and_target_bins.TestTargetBinsEndpoint" name="test_missing_site_id_is_422" time="0.159" /><testcase classname="tests.test_issue_id_and_target_bins.TestIssueIdGeneration" name="test_issue_id_counter_is_independent_of_request_id_counter" time="0.381" /><testcase classname="tests.test_issue_id_and_target_bins.TestTargetBinsEndpoint" name="test_returns_distinct_sorted_non_null_bins_for_site" time="0.129" /><testcase classname="tests.test_issue_id_and_target_bins.TestTargetBinsEndpoint" name="test_bin_typed_at_issue_time_becomes_available_afterwards" time="0.464" /><testcase classname="tests.test_issue_id_and_target_bins.TestIssueIdGeneration" name="test_issue_ids_unique_across_requests" time="0.503" /><testcase classname="tests.test_issue_id_and_target_bins.TestTargetBinsEndpoint" name="test_site_scoped" time="0.149" /><testcase classname="tests.test_issue_id_and_target_bins.TestRegressionSmoke" name="test_queue_and_journal_still_ok" time="0.322" /><testcase classname="tests.test_issue_id_and_target_bins.TestIssueIdGeneration" name="test_second_issue_on_same_request_rejected_and_issue_id_unchanged" time="0.470" /><testcase classname="tests.test_issue_id_and_target_bins.TestRegressionSmoke" name="test_issue_requires_actor" time="0.191" /><testcase classname="tests.test_issue_id_and_target_bins.TestRegressionSmoke" name="test_unknown_request_id_404" time="0.142" /><testcase classname="tests.test_issue_id_and_target_bins.TestIssueIdGeneration" name="test_pending_request_has_no_issue_id" time="0.158" /><testcase classname="tests.test_issue_id_and_target_bins.TestIssueIdGeneration" name="test_issue_id_present_in_journal_payload" time="0.301" /></testsuite></testsuites>