<?xml version="1.0" encoding="utf-8"?><testsuites name="pytest tests"><testsuite name="pytest" errors="0" failures="0" skipped="0" tests="8" time="85.376" timestamp="2026-09-22T19:19:09.886960+00:00" hostname="agent-env-025980c2-0ecc-461b-b2ad-6d583c87f706"><testcase classname="tests.test_inbound_receipts_automated_iter194.TestWebhookAuth" name="test_webhook_rejects_no_auth" time="0.346" /><testcase classname="tests.test_inbound_receipts_automated_iter194.TestWebhookAuth" name="test_webhook_accepts_valid_basic_auth_and_ignores_unrelated_event" time="0.157" /><testcase classname="tests.test_inbound_receipts_automated_iter194.TestReadEndpoints" name="test_pending_list" time="0.177" /><testcase classname="tests.test_inbound_receipts_automated_iter194.TestReadEndpoints" name="test_completed_list" time="0.142" /><testcase classname="tests.test_inbound_receipts_automated_iter194.TestReadEndpoints" name="test_sites_list" time="0.155" /><testcase classname="tests.test_inbound_receipts_automated_iter194.TestReadEndpoints" name="test_completed_bad_date" time="0.164" /><testcase classname="tests.test_inbound_receipts_automated_iter194.TestReadEndpoints" name="test_job_status_unknown_id" time="0.153" /><testcase classname="tests.test_inbound_receipts_automated_iter194.TestReceiveSto63FastPath" name="test_receive_sto_000063_completes_fast_path" time="84.025" /></testsuite></testsuites>