<?xml version="1.0" encoding="utf-8"?><testsuites name="pytest tests"><testsuite name="pytest" errors="0" failures="0" skipped="0" tests="4" time="0.829" timestamp="2026-09-18T13:56:15.567714+00:00" hostname="agent-env-025980c2-0ecc-461b-b2ad-6d583c87f706"><testcase classname="tests.test_grn_full_auto_iter184" name="test_full_auto_rejects_site_p1" time="0.234" /><testcase classname="tests.test_grn_full_auto_iter184" name="test_full_auto_rejects_site_p3" time="0.158" /><testcase classname="tests.test_grn_full_auto_iter184" name="test_full_auto_requires_invoice_and_bill_date" time="0.205" /><testcase classname="tests.test_grn_full_auto_iter184" name="test_full_auto_requires_auth" time="0.176" /></testsuite></testsuites>