<?xml version="1.0" encoding="utf-8"?><testsuites name="pytest tests"><testsuite name="pytest" errors="0" failures="0" skipped="0" tests="10" time="1.028" timestamp="2026-09-17T09:17:04.370874+00:00" hostname="agent-env-025980c2-0ecc-461b-b2ad-6d583c87f706"><testcase classname="tests.test_p8_receipt_relocation_iter181" name="test_old_retry_receipt_relocation_endpoint_removed" time="0.157" /><testcase classname="tests.test_p8_receipt_relocation_iter181" name="test_stock_transfer_service_has_no_relocation_symbols" time="0.005" /><testcase classname="tests.test_p8_receipt_relocation_iter181" name="test_check_manual_gi_completion_signature_no_gm_client" time="0.000" /><testcase classname="tests.test_p8_receipt_relocation_iter181" name="test_new_inbound_retry_endpoint_404_for_missing_sto" time="0.114" /><testcase classname="tests.test_p8_receipt_relocation_iter181" name="test_new_inbound_retry_endpoint_400_when_not_received" time="0.140" /><testcase classname="tests.test_p8_receipt_relocation_iter181" name="test_new_inbound_retry_endpoint_400_when_non_p8" time="0.115" /><testcase classname="tests.test_p8_receipt_relocation_iter181" name="test_relocate_returns_stock_not_exist_error_for_zero_hold_stock" time="0.002" /><testcase classname="tests.test_p8_receipt_relocation_iter181" name="test_relocate_skips_same_warehouse" time="0.000" /><testcase classname="tests.test_p8_receipt_relocation_iter181" name="test_completed_endpoint_returns_receipt_relocation_field" time="0.183" /><testcase classname="tests.test_p8_receipt_relocation_iter181" name="test_complete_manual_gi_endpoint_reachable" time="0.187" /></testsuite></testsuites>