<?xml version="1.0" encoding="utf-8"?><testsuites name="pytest tests"><testsuite name="pytest" errors="0" failures="0" skipped="0" tests="12" time="2.045" timestamp="2026-09-16T12:54:56.097097+00:00" hostname="agent-env-025980c2-0ecc-461b-b2ad-6d583c87f706"><testcase classname="tests.test_manual_grn_iter178.TestAuthMeFields" name="test_me_exposes_manual_grn_fields" time="0.186" /><testcase classname="tests.test_manual_grn_iter178.TestAuthMeFields" name="test_me_reflects_blocked_state" time="0.194" /><testcase classname="tests.test_manual_grn_iter178.TestManualPreferenceToggle" name="test_toggle_on_and_off_persists" time="0.340" /><testcase classname="tests.test_manual_grn_iter178.TestManualPreferenceToggle" name="test_toggle_requires_auth" time="0.173" /><testcase classname="tests.test_manual_grn_iter178.TestBlockedUsersListing" name="test_admin_can_list" time="0.214" /><testcase classname="tests.test_manual_grn_iter178.TestBlockedUsersListing" name="test_non_admin_forbidden" time="0.081" /><testcase classname="tests.test_manual_grn_iter178.TestOverrideBlock" name="test_empty_reason_rejected" time="0.191" /><testcase classname="tests.test_manual_grn_iter178.TestOverrideBlock" name="test_non_admin_forbidden" time="0.084" /><testcase classname="tests.test_manual_grn_iter178.TestOverrideBlock" name="test_valid_override_clears_block_and_logs_audit" time="0.092" /><testcase classname="tests.test_manual_grn_iter178.TestOverrideBlock" name="test_override_unknown_user_404" time="0.086" /><testcase classname="tests.test_manual_grn_iter178.TestApproveBlockedCheck" name="test_blocked_user_cannot_approve" time="0.170" /><testcase classname="tests.test_manual_grn_iter178.TestRecheckEndpoint" name="test_recheck_unknown_shipment_returns_404" time="0.081" /></testsuite></testsuites>