<?xml version="1.0" encoding="utf-8"?><testsuites name="pytest tests"><testsuite name="pytest" errors="0" failures="0" skipped="0" tests="15" time="15.841" timestamp="2026-08-24T18:58:02.236819+00:00" hostname="agent-env-025980c2-0ecc-461b-b2ad-6d583c87f706"><testcase classname="tests.test_erp_portal_sync.TestERPPortalClientConnectivity" name="test_env_vars_present" time="0.000" /><testcase classname="tests.test_erp_portal_sync.TestERPPortalClientConnectivity" name="test_live_connection_and_procs_exist" time="1.379" /><testcase classname="tests.test_erp_portal_sync.TestSyncFieldMapping" name="test_comp_code_ri_for_p8" time="0.080" /><testcase classname="tests.test_erp_portal_sync.TestSyncFieldMapping" name="test_comp_code_ri_for_p1" time="0.002" /><testcase classname="tests.test_erp_portal_sync.TestSyncFieldMapping" name="test_comp_code_rt_for_other_sites[P2]" time="0.002" /><testcase classname="tests.test_erp_portal_sync.TestSyncFieldMapping" name="test_comp_code_rt_for_other_sites[P9]" time="0.002" /><testcase classname="tests.test_erp_portal_sync.TestSyncFieldMapping" name="test_comp_code_rt_for_other_sites[P3]" time="0.002" /><testcase classname="tests.test_erp_portal_sync.TestSyncFieldMapping" name="test_missing_price_falls_back_to_zero_rate" time="0.002" /><testcase classname="tests.test_erp_portal_sync.TestSyncFieldMapping" name="test_mark_erp_portal_failed" time="0.002" /><testcase classname="tests.test_erp_portal_sync.TestSyncFieldMapping" name="test_unknown_sto_raises" time="0.001" /><testcase classname="tests.test_erp_portal_sync.TestOrderApiExposesErpFields" name="test_list_orders_includes_erp_fields" time="0.948" /><testcase classname="tests.test_erp_portal_sync.TestOrderApiExposesErpFields" name="test_get_single_order_includes_erp_fields" time="0.233" /><testcase classname="tests.test_erp_portal_sync.TestOrderApiExposesErpFields" name="test_orders_requires_auth" time="0.153" /><testcase classname="tests.test_erp_portal_sync.TestERPPortalClientConnectivity" name="test_unreachable_host_raises_erp_portal_error" time="3.001" /><testcase classname="tests.test_erp_portal_sync.TestERPPortalClientConnectivity" name="test_failover_to_second_host" time="11.064" /></testsuite></testsuites>