<?xml version="1.0" encoding="utf-8"?><testsuites name="pytest tests"><testsuite name="pytest" errors="0" failures="0" skipped="2" tests="19" time="1.997" timestamp="2026-08-28T13:54:42.823644+00:00" hostname="agent-env-025980c2-0ecc-461b-b2ad-6d583c87f706"><testcase classname="tests.test_batch_receive_iter133.TestReceiveValidation" name="test_unknown_sto_400" time="0.312" /><testcase classname="tests.test_batch_receive_iter133.TestBuildLineStatus" name="test_shipped_from_sap_fulfilment_code" time="0.065" /><testcase classname="tests.test_batch_receive_iter133.TestBuildLineStatus" name="test_failed_and_insufficient_take_precedence" time="0.000" /><testcase classname="tests.test_batch_receive_iter133.TestBuildLineStatus" name="test_force_shipped" time="0.000" /><testcase classname="tests.test_batch_receive_iter133.TestBuildLineStatus" name="test_status_values_match_frontend_style_keys" time="0.000" /><testcase classname="tests.test_batch_receive_iter133.TestInboundReceiptReadPaths" name="test_sites" time="0.238" /><testcase classname="tests.test_batch_receive_iter133.TestInboundReceiptReadPaths" name="test_pending_shape" time="0.082" /><testcase classname="tests.test_batch_receive_iter133.TestReceiveValidation" name="test_qty_over_shipped_rejected" time="0.136" /><testcase classname="tests.test_batch_receive_iter133.TestInboundReceiptReadPaths" name="test_receive_status_unknown_job_404" time="0.066" /><testcase classname="tests.test_batch_receive_iter133.TestReceiveValidation" name="test_qty_zero_rejected" time="0.076" /><testcase classname="tests.test_batch_receive_iter133.TestPlaywrightConcurrency" name="test_cap_is_three" time="0.001" /><testcase classname="tests.test_batch_receive_iter133.TestPlaywrightConcurrency" name="test_only_three_run_concurrently" time="1.201" /><testcase classname="tests.test_batch_receive_iter133.TestReceiveValidation" name="test_no_job_created_by_rejected_requests" time="0.070" /><testcase classname="tests.test_batch_receive_iter133.TestStockTransferGiLineStatus" name="test_list_orders_shape" time="0.088" /><testcase classname="tests.test_batch_receive_iter133.TestStockTransferGiLineStatus" name="test_get_single_order_and_line_status_contract" time="0.143"><skipped type="pytest.skip" message="STO-000068 predates gi_line_status (fallback path used by UI)">/app/backend/tests/test_batch_receive_iter133.py:228: STO-000068 predates gi_line_status (fallback path used by UI)</skipped></testcase><testcase classname="tests.test_batch_receive_iter133.TestStockTransferGiLineStatus" name="test_any_order_with_line_status_is_consistent" time="0.071"><skipped type="pytest.skip" message="No STO with gi_line_status yet (all orders predate the feature)">/app/backend/tests/test_batch_receive_iter133.py:238: No STO with gi_line_status yet (all orders predate the feature)</skipped></testcase><testcase classname="tests.test_batch_receive_iter133.TestPlaywrightConcurrency" name="test_both_services_acquire_semaphore_and_release_in_finally" time="0.000" /><testcase classname="tests.test_batch_receive_iter133.TestNoAutomationWordingInBadges" name="test_badge_and_progress_strings_are_generic" time="0.000" /><testcase classname="tests.test_batch_receive_iter133.TestNoAutomationWordingInBadges" name="test_progress_panel_string_is_generic" time="0.001" /></testsuite></testsuites>