<?xml version="1.0" encoding="utf-8"?><testsuites name="pytest tests"><testsuite name="pytest" errors="0" failures="0" skipped="0" tests="20" time="11.886" timestamp="2026-08-27T11:51:58.249406+00:00" hostname="agent-env-025980c2-0ecc-461b-b2ad-6d583c87f706"><testcase classname="tests.test_purchase_order_create_iter126.TestPurchaseOrderAuth" name="test_no_cookie_is_401" time="0.231" /><testcase classname="tests.test_purchase_order_create_iter126.TestPurchaseOrderAuth" name="test_without_permission_is_403" time="0.299" /><testcase classname="tests.test_purchase_order_create_iter126.TestPurchaseOrderAuth" name="test_create_without_permission_is_403" time="0.193" /><testcase classname="tests.test_purchase_order_create_iter126.TestPurchaseOrderAuth" name="test_with_permission_allowed" time="0.164" /><testcase classname="tests.test_purchase_order_create_iter126.TestPurchaseOrderLookups" name="test_sites" time="0.069" /><testcase classname="tests.test_purchase_order_create_iter126.TestPurchaseOrderLookups" name="test_supplier_search_hamidi" time="0.072" /><testcase classname="tests.test_purchase_order_create_iter126.TestPurchaseOrderLookups" name="test_supplier_search_by_code_prefix" time="0.075" /><testcase classname="tests.test_purchase_order_create_iter126.TestPurchaseOrderLookups" name="test_supplier_search_no_match_returns_empty" time="0.080" /><testcase classname="tests.test_purchase_order_create_iter126.TestPurchaseOrderLookups" name="test_supplier_search_requires_q" time="0.075" /><testcase classname="tests.test_purchase_order_create_iter126.TestPurchaseOrderLookups" name="test_supplier_search_regex_special_chars_safe" time="0.073" /><testcase classname="tests.test_purchase_order_create_iter126.TestPurchaseOrderLookups" name="test_product_search_box" time="0.078" /><testcase classname="tests.test_purchase_order_create_iter126.TestPurchaseOrderLookups" name="test_product_search_limit_respected" time="0.075" /><testcase classname="tests.test_purchase_order_create_iter126.TestPurchaseOrderLookups" name="test_history_shape_and_no_raw_xml" time="0.103" /><testcase classname="tests.test_purchase_order_create_iter126.TestPurchaseOrderCreateLive" name="test_validation_rejects_bad_bill_to" time="0.077" /><testcase classname="tests.test_purchase_order_create_iter126.TestPurchaseOrderCreateLive" name="test_validation_rejects_empty_items" time="0.066" /><testcase classname="tests.test_purchase_order_create_iter126.TestPurchaseOrderCreateLive" name="test_validation_rejects_non_positive_qty" time="0.068" /><testcase classname="tests.test_purchase_order_create_iter126.TestPurchaseOrderCreateLive" name="test_live_sap_rejects_fake_references" time="7.815" /><testcase classname="tests.test_purchase_order_create_iter126.TestPurchaseOrderCreateMocked" name="test_success_path_derives_company_and_writes_history" time="1.745" /><testcase classname="tests.test_purchase_order_create_iter126.TestPurchaseOrderCreateMocked" name="test_company_derivation_mapping" time="0.000" /><testcase classname="tests.test_purchase_order_create_iter126.TestRegression" name="test_existing_suppliers_endpoint_still_ok" time="0.409" /></testsuite></testsuites>