<?xml version="1.0" encoding="utf-8"?><testsuites name="pytest tests"><testsuite name="pytest" errors="0" failures="0" skipped="0" tests="9" time="1.526" timestamp="2026-09-10T16:11:17.309726+00:00" hostname="agent-env-025980c2-0ecc-461b-b2ad-6d583c87f706"><testcase classname="tests.test_sfg_shortage_allowed_flag.TestSfgOnlyShortage" name="test_sfg_shortage_field_present_and_shaped" time="0.356" /><testcase classname="tests.test_sfg_shortage_allowed_flag.TestSfgOnlyShortage" name="test_sfg_only_did_not_pause_or_fail" time="0.195" /><testcase classname="tests.test_sfg_shortage_allowed_flag.TestBopOnlyShortage" name="test_bop_shortage_pauses_at_waiting_store_approval" time="0.172" /><testcase classname="tests.test_sfg_shortage_allowed_flag.TestBothShort" name="test_both_flags_coexist" time="0.187" /><testcase classname="tests.test_sfg_shortage_allowed_flag.TestNormalNoShortage" name="test_no_shortage_job_done_no_flags" time="0.154" /><testcase classname="tests.test_sfg_shortage_allowed_flag.TestSourceGuards" name="test_no_sfg_shortage_failure_branch_in_server" time="0.001" /><testcase classname="tests.test_sfg_shortage_allowed_flag.TestSourceGuards" name="test_short_sfg_branch_only_flags" time="0.001" /><testcase classname="tests.test_sfg_shortage_allowed_flag.TestApiSurface" name="test_status_endpoint_404_for_unknown" time="0.175" /><testcase classname="tests.test_sfg_shortage_allowed_flag.TestApiSurface" name="test_status_endpoint_requires_page_access" time="0.148" /></testsuite></testsuites>