<?xml version="1.0" encoding="utf-8"?><testsuites name="pytest tests"><testsuite name="pytest" errors="0" failures="0" skipped="1" tests="14" time="19.302" timestamp="2026-08-18T07:02:43.697024+00:00" hostname="agent-env-025980c2-0ecc-461b-b2ad-6d583c87f706"><testcase classname="tests.test_weight_dims.TestAdminComponentsList" name="test_list_includes_new_2_physical_fields" time="0.368" /><testcase classname="tests.test_weight_dims.TestAdminComponentsList" name="test_list_no_longer_exposes_dropped_fields" time="0.221" /><testcase classname="tests.test_weight_dims.TestGetSapPhysicalAttributes" name="test_returns_uuid_and_attributes_dict" time="1.749" /><testcase classname="tests.test_weight_dims.TestGetSapPhysicalAttributes" name="test_unknown_product_returns_4xx" time="1.792" /><testcase classname="tests.test_weight_dims.TestPatchLocalSave" name="test_patch_2_fields_and_read_back" time="0.505" /><testcase classname="tests.test_weight_dims.TestPatchLocalSave" name="test_patch_empty_body_400" time="0.111" /><testcase classname="tests.test_weight_dims.TestPushPhysicalToSap" name="test_push_returns_expected_not_linked_or_not_authorized" time="1.519" /><testcase classname="tests.test_weight_dims.TestPushPhysicalToSap" name="test_push_unknown_product_404" time="0.131" /><testcase classname="tests.test_weight_dims.TestPushPhysicalToSap" name="test_push_no_values_400" time="0.131" /><testcase classname="tests.test_weight_dims.TestPushPhysicalToSap" name="test_push_unlinked_component_returns_404" time="0.002"><skipped type="pytest.skip" message="All components in this catalog have SAP links - no unlinked to test">/app/backend/tests/test_weight_dims.py:216: All components in this catalog have SAP links - no unlinked to test</skipped></testcase><testcase classname="tests.test_weight_dims.TestBomNetWeightEndpoint" name="test_returns_only_ids_with_values" time="0.115" /><testcase classname="tests.test_weight_dims.TestBomNetWeightEndpoint" name="test_empty_ids_returns_empty" time="0.192" /><testcase classname="tests.test_weight_dims.TestBomNetWeightEndpoint" name="test_unknown_ids_return_empty" time="0.122" /><testcase classname="tests.test_weight_dims.TestBomExplorerRegression" name="test_bom_search_smoke" time="12.288" /></testsuite></testsuites>