<?xml version="1.0" encoding="utf-8"?><testsuites name="pytest tests"><testsuite name="pytest" errors="0" failures="0" skipped="0" tests="6" time="0.625" timestamp="2026-09-21T16:36:17.455083+00:00" hostname="agent-env-025980c2-0ecc-461b-b2ad-6d583c87f706"><testcase classname="tests.test_iter192_inbound_receive_no_playwright" name="test_session_authenticated" time="0.211" /><testcase classname="tests.test_iter192_inbound_receive_no_playwright" name="test_receive_rejects_when_gi_not_posted" time="0.102" /><testcase classname="tests.test_iter192_inbound_receive_no_playwright" name="test_receive_rejects_when_no_sap_delivery_ref" time="0.084" /><testcase classname="tests.test_iter192_inbound_receive_no_playwright" name="test_receive_unknown_sto_returns_400" time="0.079" /><testcase classname="tests.test_iter192_inbound_receive_no_playwright" name="test_no_playwright_lines_after_receive_attempts" time="0.007" /><testcase classname="tests.test_iter192_inbound_receive_no_playwright" name="test_receive_endpoint_source_has_no_playwright_call" time="0.003" /></testsuite></testsuites>