<?xml version="1.0" encoding="utf-8"?><testsuites name="pytest tests"><testsuite name="pytest" errors="0" failures="1" skipped="1" tests="10" time="1.278" timestamp="2026-08-28T19:21:30.445755+00:00" hostname="agent-env-025980c2-0ecc-461b-b2ad-6d583c87f706"><testcase classname="tests.test_inbound_receipts_completed_iter137.TestPendingRegression" name="test_pending_shape" time="0.319" /><testcase classname="tests.test_inbound_receipts_completed_iter137.TestCompletedReceipts" name="test_completed_returns_orders_array_and_shape" time="0.291" /><testcase classname="tests.test_inbound_receipts_completed_iter137.TestCompletedReceipts" name="test_completed_sorted_desc_by_completed_at" time="0.090" /><testcase classname="tests.test_inbound_receipts_completed_iter137.TestPendingRegression" name="test_pending_and_completed_are_disjoint" time="0.118" /><testcase classname="tests.test_inbound_receipts_completed_iter137.TestCompletedReceipts" name="test_completed_site_filter" time="0.176" /><testcase classname="tests.test_inbound_receipts_completed_iter137.TestPendingRegression" name="test_sites_endpoint" time="0.056" /><testcase classname="tests.test_inbound_receipts_completed_iter137.TestCompletedReceipts" name="test_completed_date_range_filter" time="0.102"><skipped type="pytest.skip" message="no receipt_completed_at values">/app/backend/tests/test_inbound_receipts_completed_iter137.py:76: no receipt_completed_at values</skipped></testcase><testcase classname="tests.test_inbound_receipts_completed_iter137.TestCompletedReceipts" name="test_completed_future_date_range_returns_empty" time="0.089" /><testcase classname="tests.test_inbound_receipts_completed_iter137.TestCompletedReceipts" name="test_completed_invalid_date_param" time="0.093"><failure message="AssertionError: invalid date returned 500: Internal Server Error&#10;assert 500 in (400, 422)&#10; +  where 500 = &lt;Response [500]&gt;.status_code">tests/test_inbound_receipts_completed_iter137.py:97: in test_completed_invalid_date_param
    assert r.status_code in (400, 422), f"invalid date returned {r.status_code}: {r.text[:200]}"
E   AssertionError: invalid date returned 500: Internal Server Error
E   assert 500 in (400, 422)
E    +  where 500 = &lt;Response [500]&gt;.status_code</failure></testcase><testcase classname="tests.test_inbound_receipts_completed_iter137.TestCompletedReceipts" name="test_completed_unknown_site_returns_empty" time="0.088" /></testsuite></testsuites>