<?xml version="1.0" encoding="utf-8"?><testsuites name="pytest tests"><testsuite name="pytest" errors="0" failures="0" skipped="0" tests="12" time="15.295" timestamp="2026-08-26T18:58:53.906403+00:00" hostname="agent-env-025980c2-0ecc-461b-b2ad-6d583c87f706"><testcase classname="tests.test_grn_discrepancy_iter125.TestSitesAndWarehouses" name="test_sites_only_bound_site" time="0.456" /><testcase classname="tests.test_grn_discrepancy_iter125.TestSitesAndWarehouses" name="test_warehouses_for_bound_site" time="0.091" /><testcase classname="tests.test_grn_discrepancy_iter125.TestSitesAndWarehouses" name="test_warehouses_forbidden_for_unbound_site" time="0.087" /><testcase classname="tests.test_grn_discrepancy_iter125.TestSitesAndWarehouses" name="test_sites_requires_auth" time="0.161" /><testcase classname="tests.test_grn_discrepancy_iter125.TestDiscrepancyFlow" name="test_discrepancy_validation_and_mark" time="1.495" /><testcase classname="tests.test_grn_discrepancy_iter125.TestDiscrepancyFlow" name="test_reject_from_discrepancy" time="0.340" /><testcase classname="tests.test_grn_discrepancy_iter125.TestApproveTwoStep" name="test_approve_site_access_enforced" time="0.378" /><testcase classname="tests.test_grn_discrepancy_iter125.TestApproveTwoStep" name="test_approve_missing_site_id_rejected" time="0.357" /><testcase classname="tests.test_grn_discrepancy_iter125.TestApproveTwoStep" name="test_approve_from_discrepancy_two_step" time="11.568" /><testcase classname="tests.test_grn_discrepancy_iter125.TestRegression" name="test_pending_shipments_list" time="0.093" /><testcase classname="tests.test_grn_discrepancy_iter125.TestRegression" name="test_discrepancy_status_filter" time="0.097" /><testcase classname="tests.test_grn_discrepancy_iter125.TestRegression" name="test_lookup_unknown_code_404" time="0.085" /></testsuite></testsuites>