<?xml version="1.0" encoding="utf-8"?><testsuites name="pytest tests"><testsuite name="pytest" errors="0" failures="0" skipped="0" tests="3" time="3.912" timestamp="2026-08-22T13:15:51.150259+00:00" hostname="agent-env-025980c2-0ecc-461b-b2ad-6d583c87f706"><testcase classname="tests.test_confirm_job_flow" name="test_confirm_status_unknown_job_returns_404" time="0.240" /><testcase classname="tests.test_confirm_job_flow" name="test_confirm_returns_job_id_instantly_and_job_fails_cleanly" time="3.114" /><testcase classname="tests.test_confirm_job_flow" name="test_cancel_unknown_order_job" time="0.059" /></testsuite></testsuites>