<?xml version="1.0" encoding="utf-8"?><testsuites name="pytest tests"><testsuite name="pytest" errors="0" failures="1" skipped="0" tests="5" time="59.634" timestamp="2026-09-21T18:32:31.363052+00:00" hostname="agent-env-025980c2-0ecc-461b-b2ad-6d583c87f706"><testcase classname="tests.test_act_as_supplier_po_perf.TestPOLoadingFix" name="test_1_rad_p2s_shape_and_perf" time="33.532" /><testcase classname="tests.test_act_as_supplier_po_perf.TestPOLoadingFix" name="test_2_rad_p2s_math_sanity" time="0.000" /><testcase classname="tests.test_act_as_supplier_po_perf.TestPOLoadingFix" name="test_3_h1330_regression" time="25.393" /><testcase classname="tests.test_act_as_supplier_po_perf.TestPOLoadingFix" name="test_4_supplier_portal_pos" time="0.271"><failure message="AssertionError: {&quot;detail&quot;:&quot;Login required&quot;}&#10;assert 401 == 200&#10; +  where 401 = &lt;Response [401]&gt;.status_code">backend/tests/test_act_as_supplier_po_perf.py:120: in test_4_supplier_portal_pos
    assert r.status_code == 200, r.text[:300]
E   AssertionError: {"detail":"Login required"}
E   assert 401 == 200
E    +  where 401 = &lt;Response [401]&gt;.status_code</failure></testcase><testcase classname="tests.test_act_as_supplier_po_perf.TestPOLoadingFix" name="test_5_reject_oversized_ship_qty" time="0.008" /></testsuite></testsuites>