<?xml version="1.0" encoding="utf-8"?><testsuites name="pytest tests"><testsuite name="pytest" errors="0" failures="0" skipped="0" tests="10" time="0.587" timestamp="2026-09-17T16:32:54.518027+00:00" hostname="agent-env-025980c2-0ecc-461b-b2ad-6d583c87f706"><testcase classname="tests.test_sto_relocation_generalized_iter182.TestStoReadRegression" name="test_list_orders_returns_200" time="0.253" /><testcase classname="tests.test_sto_relocation_generalized_iter182.TestStoReadRegression" name="test_ship_to_sites_returns_200" time="0.202" /><testcase classname="tests.test_sto_relocation_generalized_iter182.TestSourceCleanup" name="test_no_stale_p8_symbols_in_stock_transfer_service" time="0.000" /><testcase classname="tests.test_sto_relocation_generalized_iter182.TestSourceCleanup" name="test_module_imports_cleanly" time="0.068" /><testcase classname="tests.test_sto_relocation_generalized_iter182.TestSourceCleanup" name="test_hold_warehouse_id_built_dynamically_per_site" time="0.000" /><testcase classname="tests.test_sto_relocation_generalized_iter182.TestSourceCleanup" name="test_submit_order_calls_relocation_unconditionally_when_client_provided" time="0.003" /><testcase classname="tests.test_sto_relocation_generalized_iter182.TestRelocationRunsForNonP8Site" name="test_relocation_fires_for_p1" time="0.001" /><testcase classname="tests.test_sto_relocation_generalized_iter182.TestRelocationRunsForNonP8Site" name="test_relocation_fires_for_p3" time="0.001" /><testcase classname="tests.test_sto_relocation_generalized_iter182.TestRelocationRunsForNonP8Site" name="test_relocation_still_fires_for_p8" time="0.001" /><testcase classname="tests.test_sto_relocation_generalized_iter182.TestRelocationRunsForNonP8Site" name="test_no_relocation_when_client_missing" time="0.001" /></testsuite></testsuites>