<?xml version="1.0" encoding="utf-8"?><testsuites name="pytest tests"><testsuite name="pytest" errors="0" failures="0" skipped="0" tests="3" time="47.881" timestamp="2026-09-18T15:42:16.770349+00:00" hostname="agent-env-025980c2-0ecc-461b-b2ad-6d583c87f706"><testcase classname="tests.test_po_open_qty_speed_iter185" name="test_version_smoke" time="22.086" /><testcase classname="tests.test_po_open_qty_speed_iter185" name="test_supplier_portal_me_authenticated" time="0.103" /><testcase classname="tests.test_po_open_qty_speed_iter185" name="test_purchase_orders_for_large_vendor_under_12s" time="25.633" /></testsuite></testsuites>