<?xml version="1.0" encoding="utf-8"?><testsuites name="pytest tests"><testsuite name="pytest" errors="0" failures="0" skipped="0" tests="19" time="34.081" timestamp="2026-08-20T18:37:49.957747+00:00" hostname="agent-env-025980c2-0ecc-461b-b2ad-6d583c87f706"><testcase classname="tests.test_byproduct_confirmation.TestAuthGate" name="test_open_lots_requires_session" time="0.330" /><testcase classname="tests.test_byproduct_confirmation.TestAuthGate" name="test_confirm_requires_session" time="0.162" /><testcase classname="tests.test_byproduct_confirmation.TestOpenLotsMaterialOutputs" name="test_rows_expose_material_outputs" time="9.277" /><testcase classname="tests.test_byproduct_confirmation.TestOpenLotsMaterialOutputs" name="test_material_output_line_schema" time="0.000" /><testcase classname="tests.test_byproduct_confirmation.TestOpenLotsMaterialOutputs" name="test_main_output_present_in_material_outputs" time="0.000" /><testcase classname="tests.test_byproduct_confirmation.TestOpenLotsMaterialOutputs" name="test_some_lot_has_a_byproduct_line" time="0.000" /><testcase classname="tests.test_byproduct_confirmation.TestOpenLotsMaterialOutputs" name="test_lot_by_id_matches_open_lots" time="7.391" /><testcase classname="tests.test_byproduct_confirmation.TestOpenLotsMaterialOutputs" name="test_lot_by_id_unknown_returns_404" time="7.530" /><testcase classname="tests.test_byproduct_confirmation.TestScrapCalc" name="test_available_product_returns_scrap_family" time="0.099" /><testcase classname="tests.test_byproduct_confirmation.TestScrapCalc" name="test_unavailable_product_gives_reason" time="8.319" /><testcase classname="tests.test_byproduct_confirmation.TestScrapCalc" name="test_unknown_product" time="0.111" /><testcase classname="tests.test_byproduct_confirmation.TestConfirmRequestModel" name="test_request_model_declares_byproduct_fields" time="0.001" /><testcase classname="tests.test_byproduct_confirmation.TestConfirmRequestModel" name="test_missing_required_fields_is_422" time="0.103" /><testcase classname="tests.test_byproduct_confirmation.TestConfirmRequestModel" name="test_blank_actor_rejected" time="0.091" /><testcase classname="tests.test_byproduct_confirmation.TestConfirmRequestModel" name="test_bad_byproduct_quantity_type_is_422" time="0.093" /><testcase classname="tests.test_byproduct_confirmation.TestPageRegression" name="test_supporting_endpoints_200[/production-confirmation/deviation-reasons]" time="0.106" /><testcase classname="tests.test_byproduct_confirmation.TestPageRegression" name="test_supporting_endpoints_200[/production-confirmation/history]" time="0.100" /><testcase classname="tests.test_byproduct_confirmation.TestPageRegression" name="test_supporting_endpoints_200[/production-confirmation/proposal-history]" time="0.099" /><testcase classname="tests.test_byproduct_confirmation.TestPageRegression" name="test_component_availability" time="0.117" /></testsuite></testsuites>