<?xml version="1.0" encoding="utf-8"?><testsuites name="pytest tests"><testsuite name="pytest" errors="0" failures="0" skipped="0" tests="17" time="50.683" timestamp="2026-08-26T17:28:30.559053+00:00" hostname="agent-env-025980c2-0ecc-461b-b2ad-6d583c87f706"><testcase classname="tests.test_supplier_portal_iter123.TestAuth" name="test_new_test_login" time="47.834" /><testcase classname="tests.test_supplier_portal_iter123.TestShipments" name="test_create_multi_po_shipment" time="48.199" /><testcase classname="tests.test_supplier_portal_iter123.TestAuth" name="test_demo_login_regression" time="0.542" /><testcase classname="tests.test_supplier_portal_iter123.TestShipments" name="test_over_ship_rejected" time="0.292" /><testcase classname="tests.test_supplier_portal_iter123.TestAuth" name="test_bad_password_rejected" time="0.454" /><testcase classname="tests.test_supplier_portal_iter123.TestShipments" name="test_empty_cart_rejected" time="0.116" /><testcase classname="tests.test_supplier_portal_iter123.TestShipments" name="test_unknown_item_rejected" time="0.105" /><testcase classname="tests.test_supplier_portal_iter123.TestShipments" name="test_update_shipment_items" time="0.681" /><testcase classname="tests.test_supplier_portal_iter123.TestAuth" name="test_pos_require_auth" time="0.281" /><testcase classname="tests.test_supplier_portal_iter123.TestImpersonation" name="test_vendor_directory_search" time="0.133" /><testcase classname="tests.test_supplier_portal_iter123.TestImpersonation" name="test_vendor_directory_requires_auth" time="0.202" /><testcase classname="tests.test_supplier_portal_iter123.TestShipments" name="test_update_unknown_code_404" time="0.142" /><testcase classname="tests.test_supplier_portal_iter123.TestImpersonation" name="test_as_vendor_override_changes_data" time="0.307" /><testcase classname="tests.test_supplier_portal_iter123.TestShipments" name="test_update_other_vendors_shipment_forbidden" time="0.540" /><testcase classname="tests.test_supplier_portal_iter123.TestPurchaseOrders" name="test_po_fields" time="0.097" /><testcase classname="tests.test_supplier_portal_iter123.TestPurchaseOrders" name="test_live_sync_flag_present" time="0.088" /><testcase classname="tests.test_supplier_portal_iter123.TestGrnLookup" name="test_admin_lookup_shipment" time="0.297" /></testsuite></testsuites>