<?xml version="1.0" encoding="utf-8"?><testsuites name="pytest tests"><testsuite name="pytest" errors="0" failures="0" skipped="0" tests="11" time="1.875" timestamp="2026-09-02T05:37:53.702368+00:00" hostname="agent-env-025980c2-0ecc-461b-b2ad-6d583c87f706"><testcase classname="tests.test_supplier_entity_iter141.TestMixedEntityRejection" name="test_create_mixed_entity_rejected" time="0.449" /><testcase classname="tests.test_supplier_entity_iter141.TestMixedEntityRejection" name="test_single_entity_create_still_works_and_edit_to_mixed_rejected" time="0.187" /><testcase classname="tests.test_supplier_entity_iter141.TestMixedEntityRejection" name="test_rt_only_create_allowed" time="0.054" /><testcase classname="tests.test_supplier_entity_iter141.TestSiteAccessBlocked" name="test_blocked_user_gets_flag_true_and_empty_sites" time="0.120" /><testcase classname="tests.test_supplier_entity_iter141.TestSiteAccessBlocked" name="test_super_admin_not_blocked_and_sees_only_ri_sites" time="0.123" /><testcase classname="tests.test_supplier_entity_iter141.TestSiteAccessBlocked" name="test_blocked_user_approve_still_rejected" time="0.132" /><testcase classname="tests.test_supplier_entity_iter141.TestSiteNarrowingAndWarehouses" name="test_rt_shipment_sites_exclude_ri_sites" time="0.179" /><testcase classname="tests.test_supplier_entity_iter141.TestSiteNarrowingAndWarehouses" name="test_p1_warehouses_include_qc" time="0.142" /><testcase classname="tests.test_supplier_entity_iter141.TestSiteNarrowingAndWarehouses" name="test_pending_shipments_list" time="0.130" /><testcase classname="tests.test_supplier_entity_iter141.TestSiteNarrowingAndWarehouses" name="test_lookup_unknown_404" time="0.106" /><testcase classname="tests.test_supplier_entity_iter141.TestSiteNarrowingAndWarehouses" name="test_lookup_requires_auth" time="0.136" /></testsuite></testsuites>