<?xml version="1.0" encoding="utf-8"?><testsuites name="pytest tests"><testsuite name="pytest" errors="0" failures="0" skipped="1" tests="10" time="1.552" timestamp="2026-09-12T15:25:22.838975+00:00" hostname="agent-env-025980c2-0ecc-461b-b2ad-6d583c87f706"><testcase classname="tests.test_missing_product_id_skip_iter164.TestPostOnePoMissingProducts" name="test_all_lines_missing_product_id_whole_po_skipped" time="0.001" /><testcase classname="tests.test_missing_product_id_skip_iter164.TestPostOnePoMissingProducts" name="test_partial_missing_only_bad_lines_dropped" time="0.004" /><testcase classname="tests.test_missing_product_id_skip_iter164.TestPostGoodsMovementFiltering" name="test_skipped_line_items_from_gr_results" time="0.000" /><testcase classname="tests.test_missing_product_id_skip_iter164.TestPostGoodsMovementFiltering" name="test_goods_movement_skips_flagged_lines" time="0.001" /><testcase classname="tests.test_missing_product_id_skip_iter164.TestPostGoodsMovementFiltering" name="test_goods_movement_all_flagged_no_calls" time="0.001" /><testcase classname="tests.test_missing_product_id_skip_iter164.TestSupplierPortalMissingProductIdGuard" name="test_shipment_with_missing_product_id_returns_400" time="0.721" /><testcase classname="tests.test_missing_product_id_skip_iter164.TestSupplierPortalMissingProductIdGuard" name="test_shipment_with_valid_product_id_succeeds" time="0.091" /><testcase classname="tests.test_missing_product_id_skip_iter164.TestSupplierPortalMissingProductIdGuard" name="test_mixed_valid_and_invalid_line_rejects_whole_request" time="0.091" /><testcase classname="tests.test_missing_product_id_skip_iter164.TestRegressionValidShipmentsStillWork" name="test_list_shipments_still_works" time="0.436" /><testcase classname="tests.test_missing_product_id_skip_iter164.TestRegressionValidShipmentsStillWork" name="test_list_open_pos_still_works" time="0.071"><skipped type="pytest.skip" message="open-pos endpoint not named as expected">/app/backend/tests/test_missing_product_id_skip_iter164.py:336: open-pos endpoint not named as expected</skipped></testcase></testsuite></testsuites>