<?xml version="1.0" encoding="utf-8"?><testsuites name="pytest tests"><testsuite name="pytest" errors="0" failures="1" skipped="0" tests="8" time="8.838" timestamp="2026-09-11T16:00:52.815451+00:00" hostname="agent-env-025980c2-0ecc-461b-b2ad-6d583c87f706"><testcase classname="tests.test_activate_material_site_iter159" name="test_lookup_pall_373518_happy_path" time="1.278" /><testcase classname="tests.test_activate_material_site_iter159" name="test_lookup_nonexistent_material_returns_404" time="0.973" /><testcase classname="tests.test_activate_material_site_iter159" name="test_lookup_unauthenticated_403" time="0.257" /><testcase classname="tests.test_activate_material_site_iter159" name="test_lookup_limited_user_forbidden" time="0.221" /><testcase classname="tests.test_activate_material_site_iter159" name="test_activate_unauthenticated_403" time="0.211" /><testcase classname="tests.test_activate_material_site_iter159" name="test_activate_limited_user_forbidden" time="0.462" /><testcase classname="tests.test_activate_material_site_iter159" name="test_sites_list_available" time="0.157" /><testcase classname="tests.test_activate_material_site_iter159" name="test_activate_already_active_site_is_safe_noop" time="4.856"><failure message="AssertionError: expected planning_logistics=ok, got {'planning_logistics': 'Locking object not possible; object locked by UNEECOPSTEAM (RAY INTERNATIONAL)', 'valuation': 'Locking object not possible; object locked by UNEECOPSTEAM (RAY INTERNATIONAL)'}&#10;assert 'Locking obje...NTERNATIONAL)' == 'ok'&#10;  &#10;  - ok&#10;  + Locking object not possible; object locked by UNEECOPSTEAM (RAY INTERNATIONAL)">backend/tests/test_activate_material_site_iter159.py:119: in test_activate_already_active_site_is_safe_noop
    assert data.get("planning_logistics") == "ok", f"expected planning_logistics=ok, got {data}"
E   AssertionError: expected planning_logistics=ok, got {'planning_logistics': 'Locking object not possible; object locked by UNEECOPSTEAM (RAY INTERNATIONAL)', 'valuation': 'Locking object not possible; object locked by UNEECOPSTEAM (RAY INTERNATIONAL)'}
E   assert 'Locking obje...NTERNATIONAL)' == 'ok'
E     
E     - ok
E     + Locking object not possible; object locked by UNEECOPSTEAM (RAY INTERNATIONAL)</failure></testcase></testsuite></testsuites>