<?xml version="1.0" encoding="utf-8"?><testsuites name="pytest tests"><testsuite name="pytest" errors="0" failures="0" skipped="0" tests="3" time="6.218" timestamp="2026-08-21T20:22:59.327624+00:00" hostname="agent-env-025980c2-0ecc-461b-b2ad-6d583c87f706"><testcase classname="tests.test_direct_sap_goods_movement.TestPublicApi" name="test_issue_and_double_issue_guard" time="0.642" /><testcase classname="tests.test_direct_sap_goods_movement.TestPublicApi" name="test_missing_actor_rejected" time="0.381" /><testcase classname="tests.test_direct_sap_goods_movement.TestPublicApi" name="test_unknown_request_404" time="5.073" /></testsuite></testsuites>