<?xml version="1.0" encoding="utf-8"?><testsuites name="pytest tests"><testsuite name="pytest" errors="0" failures="0" skipped="0" tests="7" time="0.844" timestamp="2026-09-11T09:18:40.395024+00:00" hostname="agent-env-025980c2-0ecc-461b-b2ad-6d583c87f706"><testcase classname="tests.test_store_partial_close" name="test_partial_issue_sap_accepts_closes_for_good" time="0.024" /><testcase classname="tests.test_store_partial_close" name="test_partial_issue_sap_rejects_stays_reopenable" time="0.016" /><testcase classname="tests.test_store_partial_close" name="test_full_issue_unchanged" time="0.016" /><testcase classname="tests.test_store_partial_close" name="test_planner_approve_partial_closes_for_good" time="0.016" /><testcase classname="tests.test_store_partial_close" name="test_planner_reject_cancels" time="0.015" /><testcase classname="tests.test_store_partial_close" name="test_reopen_round_balance_completed" time="0.036" /><testcase classname="tests.test_store_partial_close" name="test_reopen_round_partial_sap_accepts_closes" time="0.027" /></testsuite></testsuites>