<?xml version="1.0" encoding="utf-8"?><testsuites name="pytest tests"><testsuite name="pytest" errors="0" failures="0" skipped="0" tests="9" time="0.868" timestamp="2026-09-12T07:38:30.162244+00:00" hostname="agent-env-025980c2-0ecc-461b-b2ad-6d583c87f706"><testcase classname="tests.test_find_successful_byproduct_iter162" name="test_returns_bp_when_main_failed_and_bp_succeeded_matching_uuid" time="0.006" /><testcase classname="tests.test_find_successful_byproduct_iter162" name="test_returns_none_for_different_uuid" time="0.004" /><testcase classname="tests.test_find_successful_byproduct_iter162" name="test_returns_none_for_different_reporting_point" time="0.004" /><testcase classname="tests.test_find_successful_byproduct_iter162" name="test_returns_none_when_latest_main_succeeded" time="0.004" /><testcase classname="tests.test_find_successful_byproduct_iter162" name="test_returns_none_when_no_history" time="0.003" /><testcase classname="tests.test_find_successful_byproduct_iter162" name="test_returns_none_when_bp_did_not_succeed" time="0.003" /><testcase classname="tests.test_find_successful_byproduct_iter162" name="test_new_byproduct_product_id_matching" time="0.004" /><testcase classname="tests.test_find_successful_byproduct_iter162" name="test_only_considers_latest_record" time="0.014" /><testcase classname="tests.test_find_successful_byproduct_iter162" name="test_log_confirmation_stores_new_byproduct_product_id" time="0.003" /></testsuite></testsuites>