<?xml version="1.0" encoding="utf-8"?><testsuites name="pytest tests"><testsuite name="pytest" errors="0" failures="0" skipped="2" tests="16" time="0.742" timestamp="2026-08-28T14:47:35.650567+00:00" hostname="agent-env-025980c2-0ecc-461b-b2ad-6d583c87f706"><testcase classname="tests.test_batch_receive_iter134.TestPlaywrightConcurrencyWiring" name="test_dedicated_executor_and_helpers" time="0.001" /><testcase classname="tests.test_batch_receive_iter134.TestPlaywrightConcurrencyWiring" name="test_services_use_helpers_not_to_thread[sap_playwright_pgr_service.py]" time="0.000" /><testcase classname="tests.test_batch_receive_iter134.TestPlaywrightConcurrencyWiring" name="test_services_use_helpers_not_to_thread[sap_playwright_outbound_gi_service.py]" time="0.000" /><testcase classname="tests.test_batch_receive_iter134.TestPlaywrightConcurrencyWiring" name="test_shutdown_handler_exists" time="0.001" /><testcase classname="tests.test_batch_receive_iter134.TestPlaywrightConcurrencyWiring" name="test_browser_registered_immediately_after_launch" time="0.000" /><testcase classname="tests.test_batch_receive_iter134.TestOrphanRecoveryPersistsError" name="test_startup_block_updates_sto_receipt_error" time="0.001" /><testcase classname="tests.test_batch_receive_iter134.TestOrphanRecoveryPersistsError" name="test_recover_orphaned_jobs_returns_docs_and_sets_phase" time="0.000" /><testcase classname="tests.test_batch_receive_iter134.TestActiveJobExposure" name="test_pending_orders_all_carry_active_job_key" time="0.232" /><testcase classname="tests.test_batch_receive_iter134.TestActiveJobExposure" name="test_active_job_shape_when_present" time="0.000"><skipped type="pytest.skip" message="no currently-running receive job at test time">/app/backend/tests/test_batch_receive_iter134.py:55: no currently-running receive job at test time</skipped></testcase><testcase classname="tests.test_batch_receive_iter134.TestActiveJobExposure" name="test_receipt_error_field_present" time="0.000" /><testcase classname="tests.test_batch_receive_iter134.TestRegression" name="test_sites_endpoint" time="0.089" /><testcase classname="tests.test_batch_receive_iter134.TestRegression" name="test_receive_rejects_unknown_sto" time="0.071" /><testcase classname="tests.test_batch_receive_iter134.TestOrphanRecoveryPersistsError" name="test_orphaned_stos_from_prev_iteration" time="0.324" /><testcase classname="tests.test_batch_receive_iter134.TestReceiveStatusEndpoint" name="test_unknown_job_id_404" time="0.087" /><testcase classname="tests.test_batch_receive_iter134.TestStockTransferFrontendSource" name="test_line_status_matches_line_no_first" time="0.001" /><testcase classname="tests.test_batch_receive_iter134.TestReceiveStatusEndpoint" name="test_status_of_running_job_has_expected_fields" time="0.000"><skipped type="pytest.skip" message="no running job to query">/app/backend/tests/test_batch_receive_iter134.py:75: no running job to query</skipped></testcase></testsuite></testsuites>