<?xml version="1.0" encoding="utf-8"?><testsuites name="pytest tests"><testsuite name="pytest" errors="0" failures="0" skipped="0" tests="8" time="7.896" timestamp="2026-08-18T11:16:58.771464+00:00" hostname="agent-env-025980c2-0ecc-461b-b2ad-6d583c87f706"><testcase classname="tests.test_sap_valuation_fix.TestLiveMasterCartonBug" name="test_5989829_12_returns_13_45" time="2.451" /><testcase classname="tests.test_sap_valuation_fix.TestNonZeroPreference" name="test_latest_zero_is_skipped_in_favor_of_nonzero" time="0.001" /><testcase classname="tests.test_sap_valuation_fix.TestNonZeroPreference" name="test_all_zero_returns_zero" time="0.000" /><testcase classname="tests.test_sap_valuation_fix.TestNonZeroPreference" name="test_single_level_unaffected" time="0.000" /><testcase classname="tests.test_sap_valuation_fix.TestNonZeroPreference" name="test_latest_nonzero_picked_when_multiple_nonzero" time="0.000" /><testcase classname="tests.test_sap_valuation_fix.TestNonZeroPreference" name="test_expired_prices_ignored" time="0.000" /><testcase classname="tests.test_sap_valuation_fix.TestLiveMasterCartonBug" name="test_known_good_material_unchanged" time="2.591" /><testcase classname="tests.test_sap_valuation_fix.TestLiveMasterCartonBug" name="test_batch_call_both_materials" time="2.540" /></testsuite></testsuites>