<?xml version="1.0" encoding="utf-8"?><testsuites name="pytest tests"><testsuite name="pytest" errors="0" failures="0" skipped="0" tests="10" time="27.109" timestamp="2026-09-02T05:11:15.165081+00:00" hostname="agent-env-025980c2-0ecc-461b-b2ad-6d583c87f706"><testcase classname="tests.test_supplier_buyer_entity_iter140.TestSupplierPoBuyerEntity" name="test_po_list_carries_buyer_code_and_entity_name" time="26.230" /><testcase classname="tests.test_supplier_buyer_entity_iter140.TestGrnLookupAllowedSites" name="test_ri_shipment_allowed_sites" time="0.217" /><testcase classname="tests.test_supplier_buyer_entity_iter140.TestGrnLookupAllowedSites" name="test_rt_shipment_allowed_sites" time="0.054" /><testcase classname="tests.test_supplier_buyer_entity_iter140.TestGrnLookupAllowedSites" name="test_lookup_unknown_code_404" time="0.051" /><testcase classname="tests.test_supplier_buyer_entity_iter140.TestGrnLookupAllowedSites" name="test_lookup_requires_auth" time="0.154" /><testcase classname="tests.test_supplier_buyer_entity_iter140.TestGrnApproveEntityEnforcement" name="test_ri_shipment_rejects_rt_site" time="0.055" /><testcase classname="tests.test_supplier_buyer_entity_iter140.TestGrnApproveEntityEnforcement" name="test_rt_shipment_rejects_ri_site" time="0.052" /><testcase classname="tests.test_supplier_buyer_entity_iter140.TestGrnApproveEntityEnforcement" name="test_unbound_site_still_403" time="0.052" /><testcase classname="tests.test_supplier_buyer_entity_iter140.TestLegacyShipmentFallback" name="test_legacy_shipment_falls_back_to_all_sites" time="0.052" /><testcase classname="tests.test_supplier_buyer_entity_iter140.TestWarehouses" name="test_p1_warehouses_include_qc" time="0.065" /></testsuite></testsuites>