<?xml version="1.0" encoding="utf-8"?><testsuites name="pytest tests"><testsuite name="pytest" errors="0" failures="0" skipped="0" tests="14" time="7.852" timestamp="2026-09-18T08:11:15.386172+00:00" hostname="agent-env-025980c2-0ecc-461b-b2ad-6d583c87f706"><testcase classname="tests.test_act_as_supplier_iter183.TestAuthGating" name="test_accounts_no_cookie_returns_401" time="0.186" /><testcase classname="tests.test_act_as_supplier_iter183.TestAuthGating" name="test_pos_no_cookie_returns_401" time="0.132" /><testcase classname="tests.test_act_as_supplier_iter183.TestAuthGating" name="test_shipment_no_cookie_returns_401" time="0.132" /><testcase classname="tests.test_act_as_supplier_iter183.TestAuthGating" name="test_reset_password_no_cookie_returns_401" time="0.138" /><testcase classname="tests.test_act_as_supplier_iter183.TestAuthGating" name="test_accounts_forbidden_without_permission" time="0.130" /><testcase classname="tests.test_act_as_supplier_iter183.TestAuthGating" name="test_purchase_orders_forbidden_without_permission" time="0.128" /><testcase classname="tests.test_act_as_supplier_iter183.TestReadEndpoints" name="test_list_accounts_returns_only_approved" time="0.139" /><testcase classname="tests.test_act_as_supplier_iter183.TestReadEndpoints" name="test_get_purchase_orders_for_s9999" time="2.108" /><testcase classname="tests.test_act_as_supplier_iter183.TestReadEndpoints" name="test_get_purchase_orders_invalid_account_404" time="0.137" /><testcase classname="tests.test_act_as_supplier_iter183.TestResetPassword" name="test_reset_password_short_returns_400" time="0.116" /><testcase classname="tests.test_act_as_supplier_iter183.TestResetPassword" name="test_reset_password_invalid_account_returns_404" time="0.127" /><testcase classname="tests.test_act_as_supplier_iter183.TestResetPassword" name="test_reset_password_updates_hash_and_supplier_can_login" time="3.976" /><testcase classname="tests.test_act_as_supplier_iter183.TestShipmentCreation" name="test_create_shipment_stamps_created_on_behalf_by" time="0.164" /><testcase classname="tests.test_act_as_supplier_iter183.TestShipmentCreation" name="test_create_shipment_empty_items_400" time="0.117" /></testsuite></testsuites>