<?xml version="1.0" encoding="utf-8"?><testsuites name="pytest tests"><testsuite name="pytest" errors="0" failures="0" skipped="1" tests="12" time="20.695" timestamp="2026-09-21T20:27:12.966618+00:00" hostname="agent-env-025980c2-0ecc-461b-b2ad-6d583c87f706"><testcase classname="tests.test_iter194_webhook_and_check_now.TestHealth" name="test_root_fast" time="0.187" /><testcase classname="tests.test_iter194_webhook_and_check_now.TestHealth" name="test_act_as_supplier_accounts_fast" time="0.315" /><testcase classname="tests.test_iter194_webhook_and_check_now.TestSapWebhook" name="test_missing_auth_returns_401" time="0.142" /><testcase classname="tests.test_iter194_webhook_and_check_now.TestSapWebhook" name="test_wrong_auth_returns_401" time="0.131" /><testcase classname="tests.test_iter194_webhook_and_check_now.TestSapWebhook" name="test_correct_auth_returns_200_and_persists" time="0.154" /><testcase classname="tests.test_iter194_webhook_and_check_now.TestSapWebhook" name="test_no_session_cookie_required" time="0.143" /><testcase classname="tests.test_iter194_webhook_and_check_now.TestGrnCheckNow" name="test_check_now_returns_doc" time="7.264" /><testcase classname="tests.test_iter194_webhook_and_check_now.TestGrnCheckNow" name="test_check_now_idempotent" time="11.429" /><testcase classname="tests.test_iter194_webhook_and_check_now.TestGrnRegression" name="test_pending_endpoint" time="0.072" /><testcase classname="tests.test_iter194_webhook_and_check_now.TestGrnRegression" name="test_confirmed_endpoint" time="0.192" /><testcase classname="tests.test_iter194_webhook_and_check_now.TestGrnRegression" name="test_retry_put_away_on_non_applicable" time="0.295" /><testcase classname="tests.test_iter194_webhook_and_check_now.TestStoRegression" name="test_sto_list_loads" time="0.222"><skipped type="pytest.skip" message="No STO list endpoint found at common paths">/app/backend/tests/test_iter194_webhook_and_check_now.py:157: No STO list endpoint found at common paths</skipped></testcase></testsuite></testsuites>