<?xml version="1.0" encoding="utf-8"?><testsuites name="pytest tests"><testsuite name="pytest" errors="0" failures="0" skipped="0" tests="12" time="3.444" timestamp="2026-09-12T08:14:25.450580+00:00" hostname="agent-env-025980c2-0ecc-461b-b2ad-6d583c87f706"><testcase classname="tests.test_duplicate_store_request_iter163.TestRunCreateAndReleaseJobDedup" name="test_duplicate_blocks_before_proposal" time="0.007" /><testcase classname="tests.test_duplicate_store_request_iter163.TestFindOpenRequest" name="test_exact_match_returns_doc" time="0.004" /><testcase classname="tests.test_duplicate_store_request_iter163.TestFindOpenRequest" name="test_different_requester_returns_none" time="0.001" /><testcase classname="tests.test_duplicate_store_request_iter163.TestFindOpenRequest" name="test_different_quantity_returns_none" time="0.001" /><testcase classname="tests.test_duplicate_store_request_iter163.TestFindOpenRequest" name="test_different_site_returns_none" time="0.001" /><testcase classname="tests.test_duplicate_store_request_iter163.TestFindOpenRequest" name="test_different_material_returns_none" time="0.001" /><testcase classname="tests.test_duplicate_store_request_iter163.TestFindOpenRequest" name="test_resolved_status_returns_none" time="0.001" /><testcase classname="tests.test_duplicate_store_request_iter163.TestFindOpenRequest" name="test_cancelled_status_returns_none" time="0.001" /><testcase classname="tests.test_duplicate_store_request_iter163.TestFindOpenRequest" name="test_issuing_status_counts_as_open" time="0.001" /><testcase classname="tests.test_duplicate_store_request_iter163.TestFindOpenRequest" name="test_partial_pending_planner_counts_as_open" time="0.001" /><testcase classname="tests.test_duplicate_store_request_iter163.TestRunCreateAndReleaseJobDedup" name="test_different_requester_not_blocked" time="0.004" /><testcase classname="tests.test_duplicate_store_request_iter163.TestRunCreateAndReleaseJobDedup" name="test_no_shortage_no_dedup_check" time="0.003" /></testsuite></testsuites>