<?xml version="1.0" encoding="utf-8"?><testsuites name="pytest tests"><testsuite name="pytest" errors="0" failures="1" skipped="1" tests="15" time="91.314" timestamp="2026-08-18T09:36:34.393776+00:00" hostname="agent-env-025980c2-0ecc-461b-b2ad-6d583c87f706"><testcase classname="tests.test_weight_dims.TestAdminComponentsList" name="test_list_includes_new_2_physical_fields" time="0.375" /><testcase classname="tests.test_weight_dims.TestAdminComponentsList" name="test_list_no_longer_exposes_dropped_fields" time="0.195" /><testcase classname="tests.test_weight_dims.TestGetSapPhysicalAttributes" name="test_returns_attributes_dict" time="10.286" /><testcase classname="tests.test_weight_dims.TestGetSapPhysicalAttributes" name="test_unknown_product_returns_4xx" time="13.541" /><testcase classname="tests.test_weight_dims.TestPatchLocalSave" name="test_patch_2_fields_and_read_back" time="0.378" /><testcase classname="tests.test_weight_dims.TestPatchLocalSave" name="test_patch_empty_body_400" time="0.125" /><testcase classname="tests.test_weight_dims.TestPushPhysicalToSap" name="test_push_returns_success_or_actionable_error" time="19.025" /><testcase classname="tests.test_weight_dims.TestPushPhysicalToSap" name="test_push_unknown_product_404" time="0.164" /><testcase classname="tests.test_weight_dims.TestPushPhysicalToSap" name="test_push_no_values_400" time="0.110" /><testcase classname="tests.test_weight_dims.TestPushPhysicalToSap" name="test_push_unlinked_component_returns_4xx" time="0.002"><skipped type="pytest.skip" message="All components in this catalog have SAP links - no unlinked to test">/app/backend/tests/test_weight_dims.py:216: All components in this catalog have SAP links - no unlinked to test</skipped></testcase><testcase classname="tests.test_weight_dims.TestBomNetWeightEndpoint" name="test_returns_only_ids_with_values" time="0.121" /><testcase classname="tests.test_weight_dims.TestBomNetWeightEndpoint" name="test_empty_ids_returns_empty" time="0.134" /><testcase classname="tests.test_weight_dims.TestBomNetWeightEndpoint" name="test_unknown_ids_return_empty" time="0.123" /><testcase classname="tests.test_weight_dims.TestLiveSapRoundTrip" name="test_live_read_then_write_then_read" time="36.455"><failure message="AssertionError: Push failed 400: {&quot;detail&quot;:&quot;SAP write failed: HTTP 500: {\&quot;error\&quot;:{\&quot;code\&quot;:\&quot;ERROR\&quot;,\&quot;message\&quot;:{\&quot;lang\&quot;:\&quot;en\&quot;,\&quot;value\&quot;:\&quot;Locking object not possible; object locked by ITADMIN (ITADMIN)\&quot;}}}&quot;}&#10;assert 400 == 200&#10; +  where 400 = &lt;Response [400]&gt;.status_code">E   AssertionError: Push failed 400: {"detail":"SAP write failed: HTTP 500: {\"error\":{\"code\":\"ERROR\",\"message\":{\"lang\":\"en\",\"value\":\"Locking object not possible; object locked by ITADMIN (ITADMIN)\"}}}"}
    assert 400 == 200
     +  where 400 = &lt;Response [400]&gt;.status_code</failure></testcase><testcase classname="tests.test_weight_dims.TestBomExplorerRegression" name="test_bom_search_smoke" time="10.219" /></testsuite></testsuites>