<?xml version="1.0" encoding="utf-8"?><testsuites name="pytest tests"><testsuite name="pytest" errors="0" failures="0" skipped="0" tests="29" time="2.528" timestamp="2026-08-27T13:25:29.993316+00:00" hostname="agent-env-025980c2-0ecc-461b-b2ad-6d583c87f706"><testcase classname="tests.test_sto_multi_item_gi_and_company_cache.TestSingleCombinedDeliveryGrouping" name="test_three_lines_one_parent_posts_exactly_once" time="0.008" /><testcase classname="tests.test_sto_multi_item_gi_and_company_cache.TestStockTransferApiRegression" name="test_orders_list_returns_200_with_both_object_id_fields" time="0.372" /><testcase classname="tests.test_sto_multi_item_gi_and_company_cache.TestSingleCombinedDeliveryGrouping" name="test_two_distinct_parents_post_twice_with_own_groups" time="0.003" /><testcase classname="tests.test_sto_multi_item_gi_and_company_cache.TestSingleCombinedDeliveryGrouping" name="test_one_short_line_blocks_its_whole_group" time="0.002" /><testcase classname="tests.test_sto_multi_item_gi_and_company_cache.TestSingleCombinedDeliveryGrouping" name="test_single_item_regression_posts_once" time="0.002" /><testcase classname="tests.test_sto_multi_item_gi_and_company_cache.TestSingleCombinedDeliveryGrouping" name="test_finished_group_not_reposted_next_tick_and_ids_accumulate" time="0.002" /><testcase classname="tests.test_sto_multi_item_gi_and_company_cache.TestSingleCombinedDeliveryGrouping" name="test_all_finished_marks_posted_without_any_gi_call" time="0.001" /><testcase classname="tests.test_sto_multi_item_gi_and_company_cache.TestSingleCombinedDeliveryGrouping" name="test_no_delivery_items_yet_returns_waiting" time="0.001" /><testcase classname="tests.test_sto_multi_item_gi_and_company_cache.TestSingleCombinedDeliveryGrouping" name="test_already_posted_sto_short_circuits" time="0.001" /><testcase classname="tests.test_sto_multi_item_gi_and_company_cache.TestSingleCombinedDeliveryGrouping" name="test_sap_rejection_marks_failed_and_raises" time="0.002" /><testcase classname="tests.test_sto_multi_item_gi_and_company_cache.TestSingleCombinedDeliveryGrouping" name="test_missing_parent_object_id_degrades_to_per_line" time="0.002" /><testcase classname="tests.test_sto_multi_item_gi_and_company_cache.TestSingleCombinedDeliveryGrouping" name="test_unmatched_product_line_does_not_block_group" time="0.002" /><testcase classname="tests.test_sto_multi_item_gi_and_company_cache.TestCompanyCachePcodeFallback" name="test_seeded_cache_has_w2_with_pcode_p2w" time="0.001" /><testcase classname="tests.test_sto_multi_item_gi_and_company_cache.TestCompanyCachePcodeFallback" name="test_p2w_resolves_via_pcode_fallback" time="0.001" /><testcase classname="tests.test_sto_multi_item_gi_and_company_cache.TestCompanyCachePcodeFallback" name="test_direct_ccode_sites_still_resolve" time="0.001" /><testcase classname="tests.test_sto_multi_item_gi_and_company_cache.TestCompanyCachePcodeFallback" name="test_multi_code_mixed_lookup_and_lowercase" time="0.001" /><testcase classname="tests.test_sto_multi_item_gi_and_company_cache.TestCompanyCachePcodeFallback" name="test_unknown_code_omitted_no_crash" time="0.000" /><testcase classname="tests.test_sto_multi_item_gi_and_company_cache.TestFindOutboundDeliveryIdsClient" name="test_returns_deduped_ids_and_uses_itemuuid_filter" time="0.000" /><testcase classname="tests.test_sto_multi_item_gi_and_company_cache.TestFindOutboundDeliveryIdsClient" name="test_deferred_or_missing_delivery_is_skipped" time="0.000" /><testcase classname="tests.test_sto_multi_item_gi_and_company_cache.TestFindOutboundDeliveryIdsClient" name="test_empty_uuid_list_makes_no_http_call" time="0.000" /><testcase classname="tests.test_sto_multi_item_gi_and_company_cache.TestFindOutboundDeliveryIdsClient" name="test_http_error_raises_sap_error" time="0.000" /><testcase classname="tests.test_sto_multi_item_gi_and_company_cache.TestDeliveryIdLookupIsolation" name="test_lookup_error_keeps_gi_posted" time="0.002" /><testcase classname="tests.test_sto_multi_item_gi_and_company_cache.TestDeliveryIdLookupIsolation" name="test_lookup_retried_on_next_tick_after_failure" time="0.002" /><testcase classname="tests.test_sto_multi_item_gi_and_company_cache.TestFindDeliveryRequestItemsParentId" name="test_parent_object_id_and_uuid_returned" time="0.001" /><testcase classname="tests.test_sto_multi_item_gi_and_company_cache.TestStockTransferApiRegression" name="test_single_order_get_returns_200[STO-000042]" time="0.300" /><testcase classname="tests.test_sto_multi_item_gi_and_company_cache.TestStockTransferApiRegression" name="test_single_order_get_returns_200[STO-000045]" time="0.268" /><testcase classname="tests.test_sto_multi_item_gi_and_company_cache.TestStockTransferApiRegression" name="test_new_plural_field_surfaces_through_api" time="0.233" /><testcase classname="tests.test_sto_multi_item_gi_and_company_cache.TestStockTransferApiRegression" name="test_delivery_note_still_200[STO-000042]" time="0.267" /><testcase classname="tests.test_sto_multi_item_gi_and_company_cache.TestStockTransferApiRegression" name="test_delivery_note_still_200[STO-000045]" time="0.295" /></testsuite></testsuites>