<?xml version="1.0" encoding="utf-8"?><testsuites name="pytest tests"><testsuite name="pytest" errors="0" failures="2" skipped="1" tests="9" time="211.948" timestamp="2026-08-17T05:21:05.640577+00:00" hostname="agent-env-025980c2-0ecc-461b-b2ad-6d583c87f706"><testcase classname="tests.test_safe_fetch_boms_batch_backfill.TestSafeFetchBomsBatchBackfill" name="test_successful_batch_backfills_none_for_omitted_ids" time="0.001" /><testcase classname="tests.test_safe_fetch_boms_batch_backfill.TestSafeFetchBomsBatchBackfill" name="test_successful_batch_all_misses_backfills_all_none" time="0.000" /><testcase classname="tests.test_safe_fetch_boms_batch_backfill.TestSafeFetchBomsBatchBackfill" name="test_failed_batch_returns_empty_dict_not_none_values" time="0.001" /><testcase classname="tests.test_safe_fetch_boms_batch_backfill.TestSafeFetchBomsBatchBackfill" name="test_transient_failure_then_success_still_backfills" time="0.001" /><testcase classname="tests.test_safe_fetch_boms_batch_backfill.TestSafeFetchBomsBatchBackfill" name="test_backfill_does_not_overwrite_real_hits" time="0.001" /><testcase classname="tests.test_safe_fetch_boms_batch_backfill.TestNoStaleFoundFalseCache" name="test_no_bom_leaf_nodes_have_recent_last_checked_at" time="0.069" /><testcase classname="tests.test_safe_fetch_boms_batch_backfill.TestApiRegression" name="test_bom_cache_stats_endpoint" time="60.374"><failure message="AssertionError: &lt;!DOCTYPE html&gt;&#10;  &lt;!--[if lt IE 7]&gt; &lt;html class=&quot;no-js ie6 oldie&quot; lang=&quot;en-US&quot;&gt; &lt;![endif]--&gt;&#10;  &lt;!--[if IE 7]&gt;    &lt;html class=&quot;no-js ie7 oldie&quot; lang=&quot;en-US&quot;&gt; &lt;![endif]--&gt;&#10;  &lt;!--[if IE 8]&gt;    &lt;html class=&quot;no-js ie8 oldie&quot; lang=&quot;en-US&quot;&gt; &lt;![endif]--&gt;&#10;  &lt;!--[if gt IE 8]&gt;&lt;!--&gt; &lt;html class=&quot;no-js&quot; lang=&quot;en-US&quot;&gt; &lt;!--&lt;![endif]--&gt;&#10;  &lt;head&gt;&#10;  &#10;  &lt;title&gt;preview.emergentagent.com | 502: Bad gateway&lt;/title&gt;&#10;  &lt;meta charset=&quot;UTF-8&quot; /&gt;&#10;  &lt;meta http-equiv=&quot;Content-Type&quot; content=&quot;text/html; charset=UTF-8&quot; /&gt;&#10;  &lt;meta http-equiv=&quot;X-UA-Compatible&quot; content=&quot;IE=Edge&quot; /&gt;&#10;  &lt;meta name=&quot;robots&quot; content=&quot;noindex, nofollow&quot; /&gt;&#10;  &lt;meta name=&quot;viewport&quot; content=&quot;width=device-width,initial-scale=1&quot; /&gt;&#10;  &lt;link rel=&quot;stylesheet&quot; id=&quot;cf_styles-css&quot; href=&quot;/cdn-cgi/styles/main.css&quot; /&gt;&#10;  &lt;/head&gt;&#10;  &lt;body&gt;&#10;  &lt;div id=&quot;cf-wrapper&quot;&gt;&#10;      &lt;div id=&quot;cf-error-details&quot; class=&quot;p-0&quot;&gt;&#10;          &lt;header class=&quot;mx-auto pt-10 lg:pt-6 lg:px-8 w-240 lg:w-full mb-8&quot;&gt;&#10;              &lt;h1 class=&quot;inline-block sm:block sm:mb-2 font-light text-60 lg:text-4xl text-black-dark leading-tight mr-2&quot;&gt;&#10;                  &lt;span class=&quot;inline-block&quot;&gt;Bad gateway&lt;/span&gt;&#10;                  &lt;span class=&quot;code-label&quot;&gt;Error code 502&lt;/span&gt;&#10;              &lt;/h1&gt;&#10;              &lt;div&gt;&#10;                  Visit &lt;a href=&quot;https://www.cloudflare.com/5xx-error-landing?utm_source=errorcode_502&amp;utm_campaign=sap-data-sync.cluster-8.preview.emergentcf.cloud&quot; target=&quot;_blank&quot; rel=&quot;noopener noreferrer&quot;&gt;cloudflare.com&lt;/a&gt; for more information.&#10;              &lt;/div&gt;&#10;              &lt;div class=&quot;mt-3&quot;&gt;2026-08-17 05:22:06 UTC&lt;/div&gt;&#10;          &lt;/header&gt;&#10;          &lt;div class=&quot;my-8 bg-gradient-gray&quot;&gt;&#10;              &lt;div class=&quot;w-240 lg:w-full mx-auto&quot;&gt;&#10;                  &lt;div class=&quot;clearfix md:px-8&quot;&gt;&#10;                      &lt;div id=&quot;cf-browser-status&quot; class=&quot; relative w-1/3 md:w-full py-15 md:p-0 md:py-8 md:text-left md:border-solid md:border-0 md:border-b md:border-gray-400 overflow-hidden float-left md:float-none text-center&quot;&gt;&#10;    &lt;div class=&quot;relative mb-10 md:m-0&quot;&gt;&#10;      &#10;      &lt;span class=&quot;cf-icon-browser block md:hidden h-20 bg-center bg-no-repeat&quot;&gt;&lt;/span&gt;&#10;      &lt;span class=&quot;cf-icon-ok w-12 h-12 absolute left-1/2 md:left-auto md:right-0 md:top-0 -ml-6 -bottom-4&quot;&gt;&lt;/span&gt;&#10;      &#10;    &lt;/div&gt;&#10;    &lt;span class=&quot;md:block w-full truncate&quot;&gt;You&lt;/span&gt;&#10;    &lt;h3 class=&quot;md:inline-block mt-3 md:mt-0 text-2xl text-gray-600 font-light leading-1.3&quot;&gt;&#10;    &#10;      Browser&#10;    &#10;    &lt;/h3&gt;&#10;    &#10;    &lt;span class=&quot;leading-1.3 text-2xl text-green-success&quot;&gt;Working&lt;/span&gt;&#10;    &#10;  &lt;/div&gt;&#10;                      &lt;div id=&quot;cf-cloudflare-status&quot; class=&quot; relative w-1/3 md:w-full py-15 md:p-0 md:py-8 md:text-left md:border-solid md:border-0 md:border-b md:border-gray-400 overflow-hidden float-left md:float-none text-center&quot;&gt;&#10;    &lt;div class=&quot;relative mb-10 md:m-0&quot;&gt;&#10;      &lt;a href=&quot;https://www.cloudflare.com/5xx-error-landing?utm_source=errorcode_502&amp;#38;utm_campaign=sap-data-sync.cluster-8.preview.emergentcf.cloud&quot; target=&quot;_blank&quot; rel=&quot;noopener noreferrer&quot;&gt;&#10;      &lt;span class=&quot;cf-icon-cloud block md:hidden h-20 bg-center bg-no-repeat&quot;&gt;&lt;/span&gt;&#10;      &lt;span class=&quot;cf-icon-ok w-12 h-12 absolute left-1/2 md:left-auto md:right-0 md:top-0 -ml-6 -bottom-4&quot;&gt;&lt;/span&gt;&#10;      &lt;/a&gt;&#10;    &lt;/div&gt;&#10;    &lt;span class=&quot;md:block w-full truncate&quot;&gt;Chicago&lt;/span&gt;&#10;    &lt;h3 class=&quot;md:inline-block mt-3 md:mt-0 text-2xl text-gray-600 font-light leading-1.3&quot;&gt;&#10;    &lt;a href=&quot;https://www.cloudflare.com/5xx-error-landing?utm_source=errorcode_502&amp;utm_campaign=sap-data-sync.cluster-8.preview.emergentcf.cloud&quot; target=&quot;_blank&quot; rel=&quot;noopener noreferrer&quot;&gt;&#10;      Cloudflare&#10;    &lt;/a&gt;&#10;    &lt;/h3&gt;&#10;    &#10;    &lt;span class=&quot;leading-1.3 text-2xl text-green-success&quot;&gt;Working&lt;/span&gt;&#10;    &#10;  &lt;/div&gt;&#10;                      &lt;div id=&quot;cf-host-status&quot; class=&quot;cf-error-source relative w-1/3 md:w-full py-15 md:p-0 md:py-8 md:text-left md:border-solid md:border-0 md:border-b md:border-gray-400 overflow-hidden float-left md:float-none text-center&quot;&gt;&#10;    &lt;div class=&quot;relative mb-10 md:m-0&quot;&gt;&#10;      &#10;      &lt;span class=&quot;cf-icon-server block md:hidden h-20 bg-center bg-no-repeat&quot;&gt;&lt;/span&gt;&#10;      &lt;span class=&quot;cf-icon-error w-12 h-12 absolute left-1/2 md:left-auto md:right-0 md:top-0 -ml-6 -bottom-4&quot;&gt;&lt;/span&gt;&#10;      &#10;    &lt;/div&gt;&#10;    &lt;span class=&quot;md:block w-full truncate&quot;&gt;sap-data-sync.cluster-8.preview.emergentcf.cloud&lt;/span&gt;&#10;    &lt;h3 class=&quot;md:inline-block mt-3 md:mt-0 text-2xl text-gray-600 font-light leading-1.3&quot;&gt;&#10;    &#10;      Host&#10;    &#10;    &lt;/h3&gt;&#10;    &#10;    &lt;span class=&quot;leading-1.3 text-2xl text-red-error&quot;&gt;Error&lt;/span&gt;&#10;    &#10;  &lt;/div&gt;&#10;                  &lt;/div&gt;&#10;              &lt;/div&gt;&#10;          &lt;/div&gt;&#10;  &#10;          &lt;div class=&quot;w-240 lg:w-full mx-auto mb-8 lg:px-8&quot;&gt;&#10;              &lt;div class=&quot;clearfix&quot;&gt;&#10;                  &lt;div class=&quot;w-1/2 md:w-full float-left pr-6 md:pb-10 md:pr-0 leading-relaxed&quot;&gt;&#10;                      &lt;h2 class=&quot;text-3xl font-normal leading-1.3 mb-4&quot;&gt;What happened?&lt;/h2&gt;&#10;                      &lt;p&gt;The web server reported a bad gateway error.&lt;/p&gt;&#10;                  &lt;/div&gt;&#10;                  &lt;div class=&quot;w-1/2 md:w-full float-left leading-relaxed&quot;&gt;&#10;                      &lt;h2 class=&quot;text-3xl font-normal leading-1.3 mb-4&quot;&gt;What can I do?&lt;/h2&gt;&#10;                      &lt;p class=&quot;mb-6&quot;&gt;Please try again in a few minutes.&lt;/p&gt;&#10;                  &lt;/div&gt;&#10;              &lt;/div&gt;&#10;          &lt;/div&gt;&#10;  &#10;          &lt;div class=&quot;cf-error-footer cf-wrapper w-240 lg:w-full py-10 sm:py-4 sm:px-8 mx-auto text-center sm:text-left border-solid border-0 border-t border-gray-300&quot;&gt;&#10;      &lt;p class=&quot;text-13&quot;&gt;&#10;        &lt;span class=&quot;cf-footer-item sm:block sm:mb-1&quot;&gt;Cloudflare Ray ID: &lt;strong class=&quot;font-semibold&quot;&gt;a2c63bbdce4e7d03&lt;/strong&gt;&lt;/span&gt;&#10;        &lt;span class=&quot;cf-footer-separator sm:hidden&quot;&gt;&amp;bull;&lt;/span&gt;&#10;        &lt;span id=&quot;cf-footer-item-ip&quot; class=&quot;cf-footer-item hidden sm:block sm:mb-1&quot;&gt;&#10;          Your IP:&#10;          &lt;button type=&quot;button&quot; id=&quot;cf-footer-ip-reveal&quot; class=&quot;cf-footer-ip-reveal-btn&quot;&gt;Click to reveal&lt;/button&gt;&#10;          &lt;span class=&quot;hidden&quot; id=&quot;cf-footer-ip&quot;&gt;35.184.53.215&lt;/span&gt;&#10;          &lt;span class=&quot;cf-footer-separator sm:hidden&quot;&gt;&amp;bull;&lt;/span&gt;&#10;        &lt;/span&gt;&#10;        &lt;span class=&quot;cf-footer-item sm:block sm:mb-1&quot;&gt;&lt;span&gt;Performance &amp;amp; security by&lt;/span&gt; &lt;a rel=&quot;noopener noreferrer&quot; href=&quot;https://www.cloudflare.com/5xx-error-landing?utm_source=errorcode_502&amp;#38;utm_campaign=sap-data-sync.cluster-8.preview.emergentcf.cloud&quot; id=&quot;brand_link&quot; target=&quot;_blank&quot;&gt;Cloudflare&lt;/a&gt;&lt;/span&gt;&#10;        &#10;      &lt;/p&gt;&#10;      &lt;script&gt;(function(){function d(){var b=a.getElementById(&quot;cf-footer-item-ip&quot;),c=a.getElementById(&quot;cf-footer-ip-reveal&quot;);b&amp;&amp;&quot;classList&quot;in b&amp;&amp;(b.classList.remove(&quot;hidden&quot;),c.addEventListener(&quot;click&quot;,function(){c.classList.add(&quot;hidden&quot;);a.getElementById(&quot;cf-footer-ip&quot;).classList.remove(&quot;hidden&quot;)}))}var a=document;document.addEventListener&amp;&amp;a.addEventListener(&quot;DOMContentLoaded&quot;,d)})();&lt;/script&gt;&#10;    &lt;/div&gt;&lt;!-- /.error-footer --&gt;&#10;  &#10;      &lt;/div&gt;&#10;  &lt;/div&gt;&#10;  &lt;script&gt;(function(){function c(){var b=a.contentDocument||(a.contentWindow&amp;&amp;a.contentWindow.document);if(b){var d=b.createElement('script');d.innerHTML=&quot;window.__CF$cv$params={r:'a2c63bbd1fe47d03',t:'MTc4Njk0NDA2Ng=='};var a=document.createElement('script');a.src='/cdn-cgi/challenge-platform/scripts/jsd/main.js';document.getElementsByTagName('head')[0].appendChild(a);&quot;;b.getElementsByTagName('head')[0].appendChild(d)}}if(document.body){var a=document.createElement('iframe');a.height=1;a.width=1;a.style.position='absolute';a.style.top=0;a.style.left=0;a.style.border='none';a.style.visibility='hidden';document.body.appendChild(a);if('loading'!==document.readyState)c();else if(window.addEventListener)document.addEventListener('DOMContentLoaded',c);else{var e=document.onreadystatechange||function(){};document.onreadystatechange=function(b){e(b);'loading'!==document.readyState&amp;&amp;(document.onreadystatechange=e,c())}}}})();&lt;/script&gt;&lt;/body&gt;&#10;  &lt;/html&gt;&#10;assert 502 == 200&#10; +  where 502 = &lt;Response [502]&gt;.status_code">backend/tests/test_safe_fetch_boms_batch_backfill.py:232: in test_bom_cache_stats_endpoint
    assert r.status_code == 200, r.text
E   AssertionError: &lt;!DOCTYPE html&gt;
E     &lt;!--[if lt IE 7]&gt; &lt;html class="no-js ie6 oldie" lang="en-US"&gt; &lt;![endif]--&gt;
E     &lt;!--[if IE 7]&gt;    &lt;html class="no-js ie7 oldie" lang="en-US"&gt; &lt;![endif]--&gt;
E     &lt;!--[if IE 8]&gt;    &lt;html class="no-js ie8 oldie" lang="en-US"&gt; &lt;![endif]--&gt;
E     &lt;!--[if gt IE 8]&gt;&lt;!--&gt; &lt;html class="no-js" lang="en-US"&gt; &lt;!--&lt;![endif]--&gt;
E     &lt;head&gt;
E     
E     &lt;title&gt;preview.emergentagent.com | 502: Bad gateway&lt;/title&gt;
E     &lt;meta charset="UTF-8" /&gt;
E     &lt;meta http-equiv="Content-Type" content="text/html; charset=UTF-8" /&gt;
E     &lt;meta http-equiv="X-UA-Compatible" content="IE=Edge" /&gt;
E     &lt;meta name="robots" content="noindex, nofollow" /&gt;
E     &lt;meta name="viewport" content="width=device-width,initial-scale=1" /&gt;
E     &lt;link rel="stylesheet" id="cf_styles-css" href="/cdn-cgi/styles/main.css" /&gt;
E     &lt;/head&gt;
E     &lt;body&gt;
E     &lt;div id="cf-wrapper"&gt;
E         &lt;div id="cf-error-details" class="p-0"&gt;
E             &lt;header class="mx-auto pt-10 lg:pt-6 lg:px-8 w-240 lg:w-full mb-8"&gt;
E                 &lt;h1 class="inline-block sm:block sm:mb-2 font-light text-60 lg:text-4xl text-black-dark leading-tight mr-2"&gt;
E                     &lt;span class="inline-block"&gt;Bad gateway&lt;/span&gt;
E                     &lt;span class="code-label"&gt;Error code 502&lt;/span&gt;
E                 &lt;/h1&gt;
E                 &lt;div&gt;
E                     Visit &lt;a href="https://www.cloudflare.com/5xx-error-landing?utm_source=errorcode_502&amp;utm_campaign=sap-data-sync.cluster-8.preview.emergentcf.cloud" target="_blank" rel="noopener noreferrer"&gt;cloudflare.com&lt;/a&gt; for more information.
E                 &lt;/div&gt;
E                 &lt;div class="mt-3"&gt;2026-08-17 05:22:06 UTC&lt;/div&gt;
E             &lt;/header&gt;
E             &lt;div class="my-8 bg-gradient-gray"&gt;
E                 &lt;div class="w-240 lg:w-full mx-auto"&gt;
E                     &lt;div class="clearfix md:px-8"&gt;
E                         &lt;div id="cf-browser-status" class=" relative w-1/3 md:w-full py-15 md:p-0 md:py-8 md:text-left md:border-solid md:border-0 md:border-b md:border-gray-400 overflow-hidden float-left md:float-none text-center"&gt;
E       &lt;div class="relative mb-10 md:m-0"&gt;
E         
E         &lt;span class="cf-icon-browser block md:hidden h-20 bg-center bg-no-repeat"&gt;&lt;/span&gt;
E         &lt;span class="cf-icon-ok w-12 h-12 absolute left-1/2 md:left-auto md:right-0 md:top-0 -ml-6 -bottom-4"&gt;&lt;/span&gt;
E         
E       &lt;/div&gt;
E       &lt;span class="md:block w-full truncate"&gt;You&lt;/span&gt;
E       &lt;h3 class="md:inline-block mt-3 md:mt-0 text-2xl text-gray-600 font-light leading-1.3"&gt;
E       
E         Browser
E       
E       &lt;/h3&gt;
E       
E       &lt;span class="leading-1.3 text-2xl text-green-success"&gt;Working&lt;/span&gt;
E       
E     &lt;/div&gt;
E                         &lt;div id="cf-cloudflare-status" class=" relative w-1/3 md:w-full py-15 md:p-0 md:py-8 md:text-left md:border-solid md:border-0 md:border-b md:border-gray-400 overflow-hidden float-left md:float-none text-center"&gt;
E       &lt;div class="relative mb-10 md:m-0"&gt;
E         &lt;a href="https://www.cloudflare.com/5xx-error-landing?utm_source=errorcode_502&amp;#38;utm_campaign=sap-data-sync.cluster-8.preview.emergentcf.cloud" target="_blank" rel="noopener noreferrer"&gt;
E         &lt;span class="cf-icon-cloud block md:hidden h-20 bg-center bg-no-repeat"&gt;&lt;/span&gt;
E         &lt;span class="cf-icon-ok w-12 h-12 absolute left-1/2 md:left-auto md:right-0 md:top-0 -ml-6 -bottom-4"&gt;&lt;/span&gt;
E         &lt;/a&gt;
E       &lt;/div&gt;
E       &lt;span class="md:block w-full truncate"&gt;Chicago&lt;/span&gt;
E       &lt;h3 class="md:inline-block mt-3 md:mt-0 text-2xl text-gray-600 font-light leading-1.3"&gt;
E       &lt;a href="https://www.cloudflare.com/5xx-error-landing?utm_source=errorcode_502&amp;utm_campaign=sap-data-sync.cluster-8.preview.emergentcf.cloud" target="_blank" rel="noopener noreferrer"&gt;
E         Cloudflare
E       &lt;/a&gt;
E       &lt;/h3&gt;
E       
E       &lt;span class="leading-1.3 text-2xl text-green-success"&gt;Working&lt;/span&gt;
E       
E     &lt;/div&gt;
E                         &lt;div id="cf-host-status" class="cf-error-source relative w-1/3 md:w-full py-15 md:p-0 md:py-8 md:text-left md:border-solid md:border-0 md:border-b md:border-gray-400 overflow-hidden float-left md:float-none text-center"&gt;
E       &lt;div class="relative mb-10 md:m-0"&gt;
E         
E         &lt;span class="cf-icon-server block md:hidden h-20 bg-center bg-no-repeat"&gt;&lt;/span&gt;
E         &lt;span class="cf-icon-error w-12 h-12 absolute left-1/2 md:left-auto md:right-0 md:top-0 -ml-6 -bottom-4"&gt;&lt;/span&gt;
E         
E       &lt;/div&gt;
E       &lt;span class="md:block w-full truncate"&gt;sap-data-sync.cluster-8.preview.emergentcf.cloud&lt;/span&gt;
E       &lt;h3 class="md:inline-block mt-3 md:mt-0 text-2xl text-gray-600 font-light leading-1.3"&gt;
E       
E         Host
E       
E       &lt;/h3&gt;
E       
E       &lt;span class="leading-1.3 text-2xl text-red-error"&gt;Error&lt;/span&gt;
E       
E     &lt;/div&gt;
E                     &lt;/div&gt;
E                 &lt;/div&gt;
E             &lt;/div&gt;
E     
E             &lt;div class="w-240 lg:w-full mx-auto mb-8 lg:px-8"&gt;
E                 &lt;div class="clearfix"&gt;
E                     &lt;div class="w-1/2 md:w-full float-left pr-6 md:pb-10 md:pr-0 leading-relaxed"&gt;
E                         &lt;h2 class="text-3xl font-normal leading-1.3 mb-4"&gt;What happened?&lt;/h2&gt;
E                         &lt;p&gt;The web server reported a bad gateway error.&lt;/p&gt;
E                     &lt;/div&gt;
E                     &lt;div class="w-1/2 md:w-full float-left leading-relaxed"&gt;
E                         &lt;h2 class="text-3xl font-normal leading-1.3 mb-4"&gt;What can I do?&lt;/h2&gt;
E                         &lt;p class="mb-6"&gt;Please try again in a few minutes.&lt;/p&gt;
E                     &lt;/div&gt;
E                 &lt;/div&gt;
E             &lt;/div&gt;
E     
E             &lt;div class="cf-error-footer cf-wrapper w-240 lg:w-full py-10 sm:py-4 sm:px-8 mx-auto text-center sm:text-left border-solid border-0 border-t border-gray-300"&gt;
E         &lt;p class="text-13"&gt;
E           &lt;span class="cf-footer-item sm:block sm:mb-1"&gt;Cloudflare Ray ID: &lt;strong class="font-semibold"&gt;a2c63bbdce4e7d03&lt;/strong&gt;&lt;/span&gt;
E           &lt;span class="cf-footer-separator sm:hidden"&gt;&amp;bull;&lt;/span&gt;
E           &lt;span id="cf-footer-item-ip" class="cf-footer-item hidden sm:block sm:mb-1"&gt;
E             Your IP:
E             &lt;button type="button" id="cf-footer-ip-reveal" class="cf-footer-ip-reveal-btn"&gt;Click to reveal&lt;/button&gt;
E             &lt;span class="hidden" id="cf-footer-ip"&gt;35.184.53.215&lt;/span&gt;
E             &lt;span class="cf-footer-separator sm:hidden"&gt;&amp;bull;&lt;/span&gt;
E           &lt;/span&gt;
E           &lt;span class="cf-footer-item sm:block sm:mb-1"&gt;&lt;span&gt;Performance &amp;amp; security by&lt;/span&gt; &lt;a rel="noopener noreferrer" href="https://www.cloudflare.com/5xx-error-landing?utm_source=errorcode_502&amp;#38;utm_campaign=sap-data-sync.cluster-8.preview.emergentcf.cloud" id="brand_link" target="_blank"&gt;Cloudflare&lt;/a&gt;&lt;/span&gt;
E           
E         &lt;/p&gt;
E         &lt;script&gt;(function(){function d(){var b=a.getElementById("cf-footer-item-ip"),c=a.getElementById("cf-footer-ip-reveal");b&amp;&amp;"classList"in b&amp;&amp;(b.classList.remove("hidden"),c.addEventListener("click",function(){c.classList.add("hidden");a.getElementById("cf-footer-ip").classList.remove("hidden")}))}var a=document;document.addEventListener&amp;&amp;a.addEventListener("DOMContentLoaded",d)})();&lt;/script&gt;
E       &lt;/div&gt;&lt;!-- /.error-footer --&gt;
E     
E         &lt;/div&gt;
E     &lt;/div&gt;
E     &lt;script&gt;(function(){function c(){var b=a.contentDocument||(a.contentWindow&amp;&amp;a.contentWindow.document);if(b){var d=b.createElement('script');d.innerHTML="window.__CF$cv$params={r:'a2c63bbd1fe47d03',t:'MTc4Njk0NDA2Ng=='};var a=document.createElement('script');a.src='/cdn-cgi/challenge-platform/scripts/jsd/main.js';document.getElementsByTagName('head')[0].appendChild(a);";b.getElementsByTagName('head')[0].appendChild(d)}}if(document.body){var a=document.createElement('iframe');a.height=1;a.width=1;a.style.position='absolute';a.style.top=0;a.style.left=0;a.style.border='none';a.style.visibility='hidden';document.body.appendChild(a);if('loading'!==document.readyState)c();else if(window.addEventListener)document.addEventListener('DOMContentLoaded',c);else{var e=document.onreadystatechange||function(){};document.onreadystatechange=function(b){e(b);'loading'!==document.readyState&amp;&amp;(document.onreadystatechange=e,c())}}}})();&lt;/script&gt;&lt;/body&gt;
E     &lt;/html&gt;
E   assert 502 == 200
E    +  where 502 = &lt;Response [502]&gt;.status_code</failure></testcase><testcase classname="tests.test_safe_fetch_boms_batch_backfill.TestApiRegression" name="test_bom_cache_refresh_fire_and_forget" time="30.135"><failure message="requests.exceptions.ReadTimeout: HTTPSConnectionPool(host='sap-data-sync.preview.emergentagent.com', port=443): Read timed out. (read timeout=30)">/root/.venv/lib/python3.11/site-packages/urllib3/connectionpool.py:534: in _make_request
    response = conn.getresponse()
               ^^^^^^^^^^^^^^^^^^
/root/.venv/lib/python3.11/site-packages/urllib3/connection.py:571: in getresponse
    httplib_response = super().getresponse()
                       ^^^^^^^^^^^^^^^^^^^^^
/usr/local/lib/python3.11/http/client.py:1443: in getresponse
    response.begin()
/usr/local/lib/python3.11/http/client.py:337: in begin
    version, status, reason = self._read_status()
                              ^^^^^^^^^^^^^^^^^^^
/usr/local/lib/python3.11/http/client.py:298: in _read_status
    line = str(self.fp.readline(_MAXLINE + 1), "iso-8859-1")
               ^^^^^^^^^^^^^^^^^^^^^^^^^^^^^^
/usr/local/lib/python3.11/socket.py:718: in readinto
    return self._sock.recv_into(b)
           ^^^^^^^^^^^^^^^^^^^^^^^
/usr/local/lib/python3.11/ssl.py:1314: in recv_into
    return self.read(nbytes, buffer)
           ^^^^^^^^^^^^^^^^^^^^^^^^^
/usr/local/lib/python3.11/ssl.py:1166: in read
    return self._sslobj.read(len, buffer)
           ^^^^^^^^^^^^^^^^^^^^^^^^^^^^^^
E   TimeoutError: The read operation timed out

The above exception was the direct cause of the following exception:
/root/.venv/lib/python3.11/site-packages/requests/adapters.py:696: in send
    resp = conn.urlopen(
/root/.venv/lib/python3.11/site-packages/urllib3/connectionpool.py:842: in urlopen
    retries = retries.increment(
/root/.venv/lib/python3.11/site-packages/urllib3/util/retry.py:498: in increment
    raise reraise(type(error), error, _stacktrace)
          ^^^^^^^^^^^^^^^^^^^^^^^^^^^^^^^^^^^^^^^^
/root/.venv/lib/python3.11/site-packages/urllib3/util/util.py:39: in reraise
    raise value
/root/.venv/lib/python3.11/site-packages/urllib3/connectionpool.py:788: in urlopen
    response = self._make_request(
/root/.venv/lib/python3.11/site-packages/urllib3/connectionpool.py:536: in _make_request
    self._raise_timeout(err=e, url=url, timeout_value=read_timeout)
/root/.venv/lib/python3.11/site-packages/urllib3/connectionpool.py:367: in _raise_timeout
    raise ReadTimeoutError(
E   urllib3.exceptions.ReadTimeoutError: HTTPSConnectionPool(host='sap-data-sync.preview.emergentagent.com', port=443): Read timed out. (read timeout=30)

During handling of the above exception, another exception occurred:
backend/tests/test_safe_fetch_boms_batch_backfill.py:243: in test_bom_cache_refresh_fire_and_forget
    r = requests.post(f"{BASE_URL}/api/bom-cache/refresh", cookies=auth_session, timeout=30)
        ^^^^^^^^^^^^^^^^^^^^^^^^^^^^^^^^^^^^^^^^^^^^^^^^^^^^^^^^^^^^^^^^^^^^^^^^^^^^^^^^^^^^
/root/.venv/lib/python3.11/site-packages/requests/api.py:134: in post
    return request("post", url, data=data, json=json, **kwargs)
           ^^^^^^^^^^^^^^^^^^^^^^^^^^^^^^^^^^^^^^^^^^^^^^^^^^^^
/root/.venv/lib/python3.11/site-packages/requests/api.py:71: in request
    return session.request(method=method, url=url, **kwargs)
           ^^^^^^^^^^^^^^^^^^^^^^^^^^^^^^^^^^^^^^^^^^^^^^^^^
/root/.venv/lib/python3.11/site-packages/requests/sessions.py:651: in request
    resp = self.send(prep, **send_kwargs)
           ^^^^^^^^^^^^^^^^^^^^^^^^^^^^^^
/root/.venv/lib/python3.11/site-packages/requests/sessions.py:784: in send
    r = adapter.send(request, **kwargs)
        ^^^^^^^^^^^^^^^^^^^^^^^^^^^^^^^
/root/.venv/lib/python3.11/site-packages/requests/adapters.py:742: in send
    raise ReadTimeout(e, request=request)
E   requests.exceptions.ReadTimeout: HTTPSConnectionPool(host='sap-data-sync.preview.emergentagent.com', port=443): Read timed out. (read timeout=30)</failure></testcase><testcase classname="tests.test_safe_fetch_boms_batch_backfill.TestApiRegression" name="test_bom_search_known_id_still_works" time="120.485"><skipped type="pytest.skip" message="Neither known BOM id resolved with 200 - live SAP may be down">/app/backend/tests/test_safe_fetch_boms_batch_backfill.py:266: Neither known BOM id resolved with 200 - live SAP may be down</skipped></testcase></testsuite></testsuites>