<?xml version="1.0" encoding="utf-8"?><testsuites name="pytest tests"><testsuite name="pytest" errors="0" failures="0" skipped="0" tests="53" time="53.489" timestamp="2026-08-21T20:23:43.073964+00:00" hostname="agent-env-025980c2-0ecc-461b-b2ad-6d583c87f706"><testcase classname="tests.test_gm_edge_cases.TestSapLogErrorPayloadShapes" name="test_detected_on_each_key[raw_xml]" time="0.004" /><testcase classname="tests.test_store_approval.TestStoreIssue" name="test_full_issue_resolves_and_resumes_job" time="0.622" /><testcase classname="tests.test_gm_edge_cases.TestSapLogErrorPayloadShapes" name="test_detected_on_each_key[envelope]" time="0.001" /><testcase classname="tests.test_gm_edge_cases.TestSapLogErrorPayloadShapes" name="test_detected_on_each_key[raw]" time="0.000" /><testcase classname="tests.test_gm_edge_cases.TestSapLogErrorPayloadShapes" name="test_severity_9_detected" time="0.000" /><testcase classname="tests.test_gm_edge_cases.TestSapLogErrorPayloadShapes" name="test_empty_and_none_safe" time="0.000" /><testcase classname="tests.test_gm_edge_cases.TestSapLogErrorPayloadShapes" name="test_ok_false_stays_false_and_keeps_original_error" time="0.002" /><testcase classname="tests.test_gm_warehouse_id_fix.TestSapLogErrorDetection" name="test_has_sap_log_error_detects_severity_3" time="0.002" /><testcase classname="tests.test_gm_warehouse_id_fix.TestSapLogErrorDetection" name="test_has_sap_log_error_ignores_info_severity" time="0.000" /><testcase classname="tests.test_gm_warehouse_id_fix.TestSapLogErrorDetection" name="test_trigger_downgrades_ok_true_with_sap_error" time="0.000" /><testcase classname="tests.test_gm_warehouse_id_fix.TestSapLogErrorDetection" name="test_trigger_keeps_ok_true_when_clean" time="0.000" /><testcase classname="tests.test_gm_warehouse_id_fix.TestSapLogErrorDetection" name="test_trigger_handles_client_exception" time="10.001" /><testcase classname="tests.test_store_approval.TestStoreIssue" name="test_partial_proceed_resolves_and_resumes_job" time="0.190" /><testcase classname="tests.test_store_approval.TestStoreIssue" name="test_partial_send_to_planner" time="0.159" /><testcase classname="tests.test_store_approval.TestStoreIssue" name="test_partial_without_decision_is_400" time="0.443" /><testcase classname="tests.test_store_approval.TestStoreIssue" name="test_missing_component_treated_as_zero_issued" time="0.185" /><testcase classname="tests.test_store_approval.TestStoreIssue" name="test_blank_actor_is_400" time="0.241" /><testcase classname="tests.test_store_approval.TestStoreIssue" name="test_double_submit_on_non_pending_is_400" time="0.137" /><testcase classname="tests.test_store_approval.TestStoreIssue" name="test_issue_unknown_request_404" time="0.371" /><testcase classname="tests.test_store_approval.TestPlannerEndpointsAuth" name="test_by_job_requires_login" time="0.186" /><testcase classname="tests.test_store_approval.TestPlannerEndpointsAuth" name="test_by_job_requires_page_permission" time="0.160" /><testcase classname="tests.test_store_approval.TestPlannerEndpointsAuth" name="test_by_job_returns_linked_request" time="0.193" /><testcase classname="tests.test_store_approval.TestPlannerEndpointsAuth" name="test_by_job_unknown_404" time="0.139" /><testcase classname="tests.test_store_approval.TestPlannerEndpointsAuth" name="test_decision_requires_login" time="0.180" /><testcase classname="tests.test_gm_edge_cases.TestDryRunLazyRead" name="test_reads_current_env_not_import_time_cache" time="0.002" /><testcase classname="tests.test_gm_edge_cases.TestDryRunLazyRead" name="test_case_insensitive_false" time="0.001" /><testcase classname="tests.test_gm_edge_cases.TestDryRunLazyRead" name="test_env_file_has_live_mode_enabled" time="0.000" /><testcase classname="tests.test_gm_edge_cases.TestDryRunLazyRead" name="test_dry_run_false_is_forwarded_to_client" time="0.000" /><testcase classname="tests.test_gm_edge_cases.TestRadishOutageDoesNotBlockApproval" name="test_trigger_catches_radish_error[502]" time="10.001" /><testcase classname="tests.test_gm_warehouse_id_fix.TestSapLogErrorDetection" name="test_end_to_end_downgrade_visible_on_component" time="0.004" /><testcase classname="tests.test_store_approval.TestPlannerDecision" name="test_approve_resolves_and_resumes" time="0.195" /><testcase classname="tests.test_store_approval.TestPlannerDecision" name="test_reject_cancels_request_and_job" time="0.134" /><testcase classname="tests.test_store_approval.TestPlannerDecision" name="test_decision_on_pending_request_is_400" time="0.176" /><testcase classname="tests.test_store_approval.TestPlannerDecision" name="test_invalid_decision_value_is_400" time="0.139" /><testcase classname="tests.test_store_approval.TestPlannerDecision" name="test_blank_actor_is_400" time="0.189" /><testcase classname="tests.test_store_approval.TestPlannerDecision" name="test_decision_unknown_request_404" time="0.148" /><testcase classname="tests.test_gm_warehouse_id_fix.TestWarehouseIdMatching" name="test_rm_location_selected_by_warehouse_id" time="0.005" /><testcase classname="tests.test_gm_warehouse_id_fix.TestWarehouseIdMatching" name="test_no_rm_stock_means_no_movement" time="0.002" /><testcase classname="tests.test_gm_warehouse_id_fix.TestWarehouseIdMatching" name="test_legacy_doc_without_warehouse_id_does_not_move" time="0.002" /><testcase classname="tests.test_store_approval.TestPublicStoreRequestReads" name="test_list_is_public_and_returns_pending_only" time="0.144" /><testcase classname="tests.test_store_approval.TestPublicStoreRequestReads" name="test_detail_is_public_with_components" time="0.133" /><testcase classname="tests.test_store_approval.TestPublicStoreRequestReads" name="test_detail_unknown_id_404" time="0.150" /><testcase classname="tests.test_gm_edge_cases.TestNoRmStockOnFile" name="test_stock_only_in_sfg_is_not_attempted" time="0.004" /><testcase classname="tests.test_gm_edge_cases.TestNoRmStockOnFile" name="test_rm_location_without_owner_is_not_attempted" time="0.002" /><testcase classname="tests.test_gm_edge_cases.TestPartialAndZeroIssue" name="test_send_to_planner_still_records_movement" time="0.001" /><testcase classname="tests.test_gm_edge_cases.TestPartialAndZeroIssue" name="test_zero_issued_never_calls_radish" time="0.001" /><testcase classname="tests.test_gm_edge_cases.TestPublicApiGuards" name="test_double_issue_is_rejected" time="0.313" /><testcase classname="tests.test_gm_edge_cases.TestPublicApiGuards" name="test_issue_unknown_request_404" time="0.188" /><testcase classname="tests.test_gm_warehouse_id_fix.TestPlumbing" name="test_check_availability_against_stock_emits_warehouse_id" time="0.002" /><testcase classname="tests.test_gm_warehouse_id_fix.TestPlumbing" name="test_live_inventory_exposes_logistics_area_id" time="40.650" /><testcase classname="tests.test_gm_edge_cases.TestRadishOutageDoesNotBlockApproval" name="test_trigger_catches_radish_error[503]" time="10.001" /><testcase classname="tests.test_gm_edge_cases.TestRadishOutageDoesNotBlockApproval" name="test_full_issue_still_resolves_when_radish_is_down" time="10.004" /><testcase classname="tests.test_gm_edge_cases.TestRadishOutageDoesNotBlockApproval" name="test_timeout_exception_also_recorded_not_raised" time="10.005" /></testsuite></testsuites>