<?xml version="1.0" encoding="utf-8"?><testsuites name="pytest tests"><testsuite name="pytest" errors="0" failures="0" skipped="0" tests="17" time="25.513" timestamp="2026-08-25T10:26:16.037042+00:00" hostname="agent-env-025980c2-0ecc-461b-b2ad-6d583c87f706"><testcase classname="tests.test_recovery_and_byproduct_enforcement.TestResumeFailedOrder" name="test_resume_returns_new_job_that_starts_pipeline" time="2.515" /><testcase classname="tests.test_recovery_and_byproduct_enforcement.TestByProductEnforcement" name="test_a_assembly_only_item_is_not_blocked" time="0.388" /><testcase classname="tests.test_recovery_and_byproduct_enforcement.TestByProductEnforcement" name="test_b_mass_component_without_net_weight_is_blocked" time="12.493" /><testcase classname="tests.test_recovery_and_byproduct_enforcement.TestResumeFailedOrder" name="test_resume_without_proposal_id_returns_400" time="0.061" /><testcase classname="tests.test_recovery_and_byproduct_enforcement.TestResumeFailedOrder" name="test_resume_without_payload_snapshot_returns_400" time="0.060" /><testcase classname="tests.test_recovery_and_byproduct_enforcement.TestResumeFailedOrder" name="test_resume_unknown_job_returns_404" time="0.058" /><testcase classname="tests.test_recovery_and_byproduct_enforcement.TestResumeFailedOrder" name="test_resume_blank_actor_returns_400" time="0.059" /><testcase classname="tests.test_recovery_and_byproduct_enforcement.TestResumeFailedOrder" name="test_sfg_shortage_failure_shape_unchanged" time="0.117" /><testcase classname="tests.test_recovery_and_byproduct_enforcement.TestRetryWipClearing" name="test_retry_updates_history_in_place" time="11.243" /><testcase classname="tests.test_recovery_and_byproduct_enforcement.TestByProductEnforcement" name="test_c_net_weight_set_but_no_byproduct_target_is_blocked" time="0.073" /><testcase classname="tests.test_recovery_and_byproduct_enforcement.TestByProductEnforcement" name="test_d_with_byproduct_target_proceeds" time="0.070" /><testcase classname="tests.test_recovery_and_byproduct_enforcement.TestByProductEnforcement" name="test_d2_new_byproduct_target_also_proceeds" time="0.073" /><testcase classname="tests.test_recovery_and_byproduct_enforcement.TestByProductEnforcement" name="test_e_material_inputs_override_wins" time="0.158" /><testcase classname="tests.test_recovery_and_byproduct_enforcement.TestByProductEnforcement" name="test_f_blank_actor_still_rejected" time="0.069" /><testcase classname="tests.test_recovery_and_byproduct_enforcement.TestRetryWipClearing" name="test_retry_unknown_lot_returns_404" time="10.530" /><testcase classname="tests.test_recovery_and_byproduct_enforcement.TestRetryWipClearing" name="test_retry_blank_actor_returns_400" time="0.061" /><testcase classname="tests.test_recovery_and_byproduct_enforcement.TestRetryWipClearing" name="test_retry_missing_field_returns_422" time="0.062" /></testsuite></testsuites>