<?xml version="1.0" encoding="utf-8"?><testsuites name="pytest tests"><testsuite name="pytest" errors="0" failures="0" skipped="0" tests="9" time="49.923" timestamp="2026-08-18T06:20:26.288931+00:00" hostname="agent-env-025980c2-0ecc-461b-b2ad-6d583c87f706"><testcase classname="tests.test_weight_dims.TestPushPhysicalToSap" name="test_push_returns_expected_write_not_configured_error" time="22.703" /><testcase classname="tests.test_weight_dims.TestGetSapPhysicalAttributes" name="test_returns_uuid_and_attributes_dict" time="10.731" /><testcase classname="tests.test_weight_dims.TestGetSapPhysicalAttributes" name="test_unknown_product_returns_404" time="11.610" /><testcase classname="tests.test_weight_dims.TestPatchLocalSave" name="test_patch_and_read_back" time="0.510" /><testcase classname="tests.test_weight_dims.TestPushPhysicalToSap" name="test_push_unknown_product_404" time="0.268" /><testcase classname="tests.test_weight_dims.TestPatchLocalSave" name="test_patch_empty_body_400" time="0.136" /><testcase classname="tests.test_weight_dims.TestPushPhysicalToSap" name="test_push_unlinked_component_returns_404" time="0.100" /><testcase classname="tests.test_weight_dims.TestAdminComponentsList" name="test_list_includes_new_physical_fields" time="0.160" /><testcase classname="tests.test_weight_dims.TestBomExplorerRegression" name="test_bom_search_smoke" time="26.149" /></testsuite></testsuites>