<?xml version="1.0" encoding="utf-8"?><testsuites name="pytest tests"><testsuite name="pytest" errors="0" failures="0" skipped="0" tests="14" time="7.314" timestamp="2026-09-08T10:40:32.239606+00:00" hostname="agent-env-025980c2-0ecc-461b-b2ad-6d583c87f706"><testcase classname="tests.test_supplier_additional_documents_iter146" name="test_list_docs_initially" time="0.496" /><testcase classname="tests.test_supplier_additional_documents_iter146" name="test_upload_msme_v1_and_verify" time="0.700" /><testcase classname="tests.test_supplier_additional_documents_iter146" name="test_upload_msme_v2_creates_revision_and_v1_still_downloadable" time="0.891" /><testcase classname="tests.test_supplier_additional_documents_iter146" name="test_upload_bank_independent_of_msme" time="0.283" /><testcase classname="tests.test_supplier_additional_documents_iter146" name="test_invalid_doc_type_rejected" time="1.203" /><testcase classname="tests.test_supplier_additional_documents_iter146" name="test_get_nonexistent_version_returns_404" time="0.479" /><testcase classname="tests.test_supplier_additional_documents_iter146" name="test_unauthenticated_documents_returns_401" time="0.183" /><testcase classname="tests.test_supplier_additional_documents_iter146" name="test_admin_can_list_accounts" time="1.391" /><testcase classname="tests.test_supplier_additional_documents_iter146" name="test_docs_only_user_can_list_accounts" time="0.201" /><testcase classname="tests.test_supplier_additional_documents_iter146" name="test_no_permission_user_cannot_list_accounts" time="0.130" /><testcase classname="tests.test_supplier_additional_documents_iter146" name="test_docs_only_user_CANNOT_approve" time="0.204" /><testcase classname="tests.test_supplier_additional_documents_iter146" name="test_docs_only_user_CANNOT_reject" time="0.164" /><testcase classname="tests.test_supplier_additional_documents_iter146" name="test_admin_and_docs_only_can_view_msme_document" time="0.492" /><testcase classname="tests.test_supplier_additional_documents_iter146" name="test_admin_supplier_portal_documents_permission_present_in_catalog" time="0.166" /></testsuite></testsuites>