<?xml version="1.0" encoding="utf-8"?><testsuites name="pytest tests"><testsuite name="pytest" errors="0" failures="0" skipped="0" tests="16" time="1.391" timestamp="2026-08-27T12:36:13.372949+00:00" hostname="agent-env-025980c2-0ecc-461b-b2ad-6d583c87f706"><testcase classname="tests.test_sto_multi_item_gi_and_company_cache.TestCompanyCachePcodeFallback" name="test_seeded_cache_has_w2_with_pcode_p2w" time="0.006" /><testcase classname="tests.test_sto_multi_item_gi_and_company_cache.TestMultiItemGoodsIssue" name="test_four_lines_all_sufficient_posts_four_times" time="0.017" /><testcase classname="tests.test_sto_multi_item_gi_and_company_cache.TestCompanyCachePcodeFallback" name="test_p2w_resolves_via_pcode_fallback" time="0.001" /><testcase classname="tests.test_sto_multi_item_gi_and_company_cache.TestCompanyCachePcodeFallback" name="test_direct_ccode_sites_still_resolve" time="0.001" /><testcase classname="tests.test_sto_multi_item_gi_and_company_cache.TestCompanyCachePcodeFallback" name="test_multi_code_mixed_lookup_and_lowercase" time="0.001" /><testcase classname="tests.test_sto_multi_item_gi_and_company_cache.TestCompanyCachePcodeFallback" name="test_unknown_code_omitted_no_crash" time="0.001" /><testcase classname="tests.test_sto_multi_item_gi_and_company_cache.TestStockTransferApiRegression" name="test_orders_list_returns_200_with_both_object_id_fields" time="0.402" /><testcase classname="tests.test_sto_multi_item_gi_and_company_cache.TestMultiItemGoodsIssue" name="test_three_ready_one_short_then_next_tick_completes" time="0.004" /><testcase classname="tests.test_sto_multi_item_gi_and_company_cache.TestMultiItemGoodsIssue" name="test_all_finished_marks_posted_without_any_gi_call" time="0.002" /><testcase classname="tests.test_sto_multi_item_gi_and_company_cache.TestMultiItemGoodsIssue" name="test_single_item_regression" time="0.002" /><testcase classname="tests.test_sto_multi_item_gi_and_company_cache.TestMultiItemGoodsIssue" name="test_no_delivery_items_yet_returns_waiting" time="0.001" /><testcase classname="tests.test_sto_multi_item_gi_and_company_cache.TestMultiItemGoodsIssue" name="test_already_posted_sto_short_circuits" time="0.001" /><testcase classname="tests.test_sto_multi_item_gi_and_company_cache.TestMultiItemGoodsIssue" name="test_sap_rejection_marks_failed_and_raises" time="0.001" /><testcase classname="tests.test_sto_multi_item_gi_and_company_cache.TestMultiItemGoodsIssue" name="test_unmatched_product_line_is_still_posted" time="0.002" /><testcase classname="tests.test_sto_multi_item_gi_and_company_cache.TestStockTransferApiRegression" name="test_delivery_note_still_200[STO-000042]" time="0.181" /><testcase classname="tests.test_sto_multi_item_gi_and_company_cache.TestStockTransferApiRegression" name="test_delivery_note_still_200[STO-000045]" time="0.241" /></testsuite></testsuites>