<?xml version="1.0" encoding="utf-8"?><testsuites name="pytest tests"><testsuite name="pytest" errors="0" failures="0" skipped="0" tests="20" time="0.664" timestamp="2026-09-23T06:26:48.139276+00:00" hostname="agent-env-025980c2-0ecc-461b-b2ad-6d583c87f706"><testcase classname="tests.test_atomic_relocation_iter196" name="test_build_batch_envelope_wraps_all_items_under_one_external_id" time="0.002" /><testcase classname="tests.test_atomic_relocation_iter196" name="test_goods_movement_batch_dry_run_returns_multi_item_envelope" time="0.000" /><testcase classname="tests.test_atomic_relocation_iter196" name="test_goods_movement_batch_rejects_empty_lines" time="0.000" /><testcase classname="tests.test_atomic_relocation_iter196" name="test_goods_movement_batch_rejects_nonpositive_quantity" time="0.000" /><testcase classname="tests.test_atomic_relocation_iter196" name="test_extract_soap_fault_prefers_faulttext_over_faultstring" time="0.000" /><testcase classname="tests.test_atomic_relocation_iter196" name="test_extract_soap_fault_falls_back_to_faultstring" time="0.000" /><testcase classname="tests.test_atomic_relocation_iter196" name="test_extract_soap_fault_returns_none_when_no_fault" time="0.000" /><testcase classname="tests.test_atomic_relocation_iter196" name="test_attribute_fault_to_line_matches_culprit_product" time="0.000" /><testcase classname="tests.test_atomic_relocation_iter196" name="test_attribute_fault_to_line_returns_none_when_no_match" time="0.000" /><testcase classname="tests.test_atomic_relocation_iter196" name="test_goods_movement_batch_http500_fault_maps_to_culprit" time="0.001" /><testcase classname="tests.test_atomic_relocation_iter196" name="test_goods_movement_batch_http200_success_extracts_gac_id_shared" time="0.001" /><testcase classname="tests.test_atomic_relocation_iter196" name="test_goods_movement_batch_http200_severity_error_maps_to_culprit" time="0.001" /><testcase classname="tests.test_atomic_relocation_iter196" name="test_relocate_success_all_lines_share_gac_id" time="0.001" /><testcase classname="tests.test_atomic_relocation_iter196" name="test_relocate_failure_marks_culprit_and_blocked_bundled_others" time="0.001" /><testcase classname="tests.test_atomic_relocation_iter196" name="test_relocate_skipped_when_target_equals_hold" time="0.000" /><testcase classname="tests.test_atomic_relocation_iter196" name="test_retry_relocation_resubmits_all_lines_even_after_prior_failure" time="0.001" /><testcase classname="tests.test_atomic_relocation_iter196" name="test_retry_relocation_status_map_never_partial" time="0.002" /><testcase classname="tests.test_atomic_relocation_iter196.TestRegressionEndpoints" name="test_pending_endpoint_loads" time="0.175" /><testcase classname="tests.test_atomic_relocation_iter196.TestRegressionEndpoints" name="test_completed_endpoint_loads" time="0.170" /><testcase classname="tests.test_atomic_relocation_iter196.TestRegressionEndpoints" name="test_completed_relocation_status_is_never_partial" time="0.175" /></testsuite></testsuites>