<?xml version="1.0" encoding="utf-8"?><testsuites name="pytest tests"><testsuite name="pytest" errors="0" failures="0" skipped="0" tests="13" time="2.841" timestamp="2026-08-28T12:27:23.077462+00:00" hostname="agent-env-025980c2-0ecc-461b-b2ad-6d583c87f706"><testcase classname="tests.test_sto_outbound_gi_iter132.TestCreateValidation" name="test_missing_required_field_422" time="0.188" /><testcase classname="tests.test_sto_outbound_gi_iter132.TestReadEndpoints" name="test_list_orders" time="0.269" /><testcase classname="tests.test_sto_outbound_gi_iter132.TestCreateValidation" name="test_empty_items_rejected" time="0.050" /><testcase classname="tests.test_sto_outbound_gi_iter132.TestCreateValidation" name="test_unknown_product_rejected" time="2.125" /><testcase classname="tests.test_sto_outbound_gi_iter132.TestReadEndpoints" name="test_order_detail" time="0.159" /><testcase classname="tests.test_sto_outbound_gi_iter132.TestReadEndpoints" name="test_order_detail_unknown_id" time="0.070" /><testcase classname="tests.test_sto_outbound_gi_iter132.TestReadEndpoints" name="test_inventory_lookup" time="0.070" /><testcase classname="tests.test_sto_outbound_gi_iter132.TestReadEndpoints" name="test_ship_to_sites_and_locations" time="0.148" /><testcase classname="tests.test_sto_outbound_gi_iter132.TestReadEndpoints" name="test_suggest_source" time="0.073" /><testcase classname="tests.test_sto_outbound_gi_iter132.TestAuth" name="test_stock_transfer_orders_requires_session" time="0.262" /><testcase classname="tests.test_sto_outbound_gi_iter132.TestCreateValidation" name="test_qty_over_available_rejected" time="0.067" /><testcase classname="tests.test_sto_outbound_gi_iter132.TestCombinedDeliveryRegression" name="test_post_fix_multiline_orders_have_exactly_one_delivery_id" time="0.052" /><testcase classname="tests.test_sto_outbound_gi_iter132.TestCombinedDeliveryRegression" name="test_single_line_orders_still_have_one_delivery_id" time="0.053" /></testsuite></testsuites>