<?xml version="1.0" encoding="utf-8"?><testsuites name="pytest tests"><testsuite name="pytest" errors="0" failures="0" skipped="0" tests="9" time="1.503" timestamp="2026-08-21T11:29:40.867048+00:00" hostname="agent-env-025980c2-0ecc-461b-b2ad-6d583c87f706"><testcase classname="tests.test_store_journal.TestJournalEndpoint" name="test_journal_returns_all_statuses" time="0.232" /><testcase classname="tests.test_store_journal.TestJournalEndpoint" name="test_journal_no_mongo_objectid_leak" time="0.133" /><testcase classname="tests.test_store_journal.TestJournalEndpoint" name="test_queue_excludes_resolved_and_cancelled" time="0.112" /><testcase classname="tests.test_store_journal.TestJournalEndpoint" name="test_journal_sorted_desc_by_created_at" time="0.192" /><testcase classname="tests.test_store_journal.TestJournalEndpoint" name="test_journal_route_not_swallowed_by_request_id_route" time="0.339" /><testcase classname="tests.test_store_journal.TestJournalEndpoint" name="test_journal_preserves_legacy_and_new_location_shapes" time="0.111" /><testcase classname="tests.test_store_journal.TestJournalEndpoint" name="test_detail_fetch_of_resolved_request" time="0.111" /><testcase classname="tests.test_store_journal.TestJournalEndpoint" name="test_issue_on_non_pending_request_rejected" time="0.157" /><testcase classname="tests.test_store_journal.TestJournalEndpoint" name="test_real_production_docs_untouched" time="0.002" /></testsuite></testsuites>