<?xml version="1.0" encoding="utf-8"?><testsuites name="pytest tests"><testsuite name="pytest" errors="0" failures="0" skipped="0" tests="7" time="6.211" timestamp="2026-08-21T12:57:25.466764+00:00" hostname="agent-env-025980c2-0ecc-461b-b2ad-6d583c87f706"><testcase classname="tests.test_model_bom_override.TestSourceOfSupplyOptions" name="test_multiple_options_with_model_uuid" time="3.396" /><testcase classname="tests.test_model_bom_override.TestRealBomForModel" name="test_correct_model_resolves_to_real_bom" time="0.845" /><testcase classname="tests.test_model_bom_override.TestRealBomForModel" name="test_each_model_resolves_and_maps_distinctly" time="0.845" /><testcase classname="tests.test_model_bom_override.TestRealBomForModel" name="test_unknown_model_uuid_returns_none" time="0.814" /><testcase classname="tests.test_model_bom_override.TestExistingLotAvailabilityUnchanged" name="test_component_availability_endpoint" time="0.150" /><testcase classname="tests.test_model_bom_override.TestExistingLotAvailabilityUnchanged" name="test_component_availability_missing_param" time="0.054" /><testcase classname="tests.test_model_bom_override.TestCreateAndReleaseContract" name="test_accepts_payload_with_production_model_uuid" time="0.054" /></testsuite></testsuites>