<?xml version="1.0" encoding="utf-8"?><testsuites name="pytest tests"><testsuite name="pytest" errors="0" failures="0" skipped="0" tests="11" time="2.163" timestamp="2026-08-24T15:42:59.289857+00:00" hostname="agent-env-025980c2-0ecc-461b-b2ad-6d583c87f706"><testcase classname="tests.test_admin_notifications_activate_retry.TestActivateMaterialSite" name="test_no_session_401" time="0.221" /><testcase classname="tests.test_admin_notifications_activate_retry.TestAdminNotificationsAuth" name="test_no_session_returns_401" time="0.265" /><testcase classname="tests.test_admin_notifications_activate_retry.TestActivateMaterialSite" name="test_role_user_forbidden" time="0.250" /><testcase classname="tests.test_admin_notifications_activate_retry.TestAdminNotificationsAuth" name="test_role_user_forbidden" time="0.145" /><testcase classname="tests.test_admin_notifications_activate_retry.TestAdminNotificationsAuth" name="test_admin_roles_allowed[admin]" time="0.245" /><testcase classname="tests.test_admin_notifications_activate_retry.TestActivateMaterialSite" name="test_missing_fields_422" time="0.179" /><testcase classname="tests.test_admin_notifications_activate_retry.TestRetryOrder" name="test_no_session_401" time="0.216" /><testcase classname="tests.test_admin_notifications_activate_retry.TestAdminNotificationsAuth" name="test_admin_roles_allowed[super_admin]" time="0.181" /><testcase classname="tests.test_admin_notifications_activate_retry.TestNotificationLifecycle" name="test_regex_match_creates_and_dedupes" time="0.379" /><testcase classname="tests.test_admin_notifications_activate_retry.TestRetryOrder" name="test_orders_list_shape" time="0.201" /><testcase classname="tests.test_admin_notifications_activate_retry.TestRetryOrder" name="test_gst_note_pushed_flag_present" time="0.188" /></testsuite></testsuites>