<?xml version="1.0" encoding="utf-8"?><testsuites name="pytest tests"><testsuite name="pytest" errors="0" failures="0" skipped="0" tests="10" time="92.562" timestamp="2026-09-12T05:05:13.595924+00:00" hostname="agent-env-025980c2-0ecc-461b-b2ad-6d583c87f706"><testcase classname="tests.test_production_confirmation_filters.TestTodayStats" name="test_today_stats_super_admin" time="0.211" /><testcase classname="tests.test_production_confirmation_filters.TestProposalHistoryDateFilter" name="test_no_filter" time="0.142" /><testcase classname="tests.test_production_confirmation_filters.TestProposalHistoryDateFilter" name="test_with_date_range" time="0.302" /><testcase classname="tests.test_production_confirmation_filters.TestTodayStats" name="test_today_stats_site_user" time="0.311" /><testcase classname="tests.test_production_confirmation_filters.TestProposalHistoryDateFilter" name="test_future_range_zero_rows" time="0.222" /><testcase classname="tests.test_production_confirmation_filters.TestTodayStats" name="test_today_stats_unauthenticated" time="0.218" /><testcase classname="tests.test_production_confirmation_filters.TestProposalHistoryDateFilter" name="test_invalid_date_format" time="0.125" /><testcase classname="tests.test_production_confirmation_filters.TestOpenLotsStatusFilter" name="test_status_open" time="20.085" /><testcase classname="tests.test_production_confirmation_filters.TestOpenLotsStatusFilter" name="test_status_finished" time="31.758" /><testcase classname="tests.test_production_confirmation_filters.TestOpenLotsStatusFilter" name="test_status_all" time="39.582" /></testsuite></testsuites>