<?xml version="1.0" encoding="utf-8"?><testsuites name="pytest tests"><testsuite name="pytest" errors="0" failures="0" skipped="0" tests="12" time="14.435" timestamp="2026-08-26T04:38:26.168751+00:00" hostname="agent-env-025980c2-0ecc-461b-b2ad-6d583c87f706"><testcase classname="tests.test_pc_session19_wip_and_retrigger.TestReadOnlyRegression" name="test_open_lots_loads" time="11.255" /><testcase classname="tests.test_pc_session19_wip_and_retrigger.TestLatestBatch" name="test_mixed_lots_returns_200" time="0.153" /><testcase classname="tests.test_pc_session19_wip_and_retrigger.TestLatestBatch" name="test_empty_list" time="0.043" /><testcase classname="tests.test_pc_session19_wip_and_retrigger.TestLatestBatch" name="test_legacy_doc_without_reporting_point_id_does_not_500" time="0.044" /><testcase classname="tests.test_pc_session19_wip_and_retrigger.TestLatestBatch" name="test_badge_shape_for_skipped_wip" time="0.044" /><testcase classname="tests.test_pc_session19_wip_and_retrigger.TestRetryWipClearingGating" name="test_lot_70563_is_skipped_not_fired" time="2.321" /><testcase classname="tests.test_pc_session19_wip_and_retrigger.TestRetryWipClearingGating" name="test_missing_actor_rejected" time="0.044" /><testcase classname="tests.test_pc_session19_wip_and_retrigger.TestForceRetrigger" name="test_unknown_job_id" time="0.047" /><testcase classname="tests.test_pc_session19_wip_and_retrigger.TestForceRetrigger" name="test_completed_job_returns_400" time="0.053" /><testcase classname="tests.test_pc_session19_wip_and_retrigger.TestReadOnlyRegression" name="test_lot_lookup_70563_multi_step" time="2.303" /><testcase classname="tests.test_pc_session19_wip_and_retrigger.TestReadOnlyRegression" name="test_proposal_history" time="0.051" /><testcase classname="tests.test_pc_session19_wip_and_retrigger.TestReadOnlyRegression" name="test_confirmation_history" time="0.047" /></testsuite></testsuites>