<?xml version="1.0" encoding="utf-8"?><testsuites name="pytest tests"><testsuite name="pytest" errors="0" failures="0" skipped="0" tests="15" time="5.409" timestamp="2026-08-26T16:39:35.352013+00:00" hostname="agent-env-025980c2-0ecc-461b-b2ad-6d583c87f706"><testcase classname="tests.test_supplier_po_cache_fix.TestVendorPOList" name="test_response_is_fast_and_well_formed" time="0.694" /><testcase classname="tests.test_supplier_po_cache_fix.TestVendorPOList" name="test_hamidi_sees_only_own_current_pos" time="0.110" /><testcase classname="tests.test_supplier_po_cache_fix.TestVendorPOList" name="test_no_mongo_objectid_or_other_vendor_leak" time="0.103" /><testcase classname="tests.test_supplier_po_cache_fix.TestVendorPOList" name="test_dummy_vendor_gets_graceful_empty_list" time="0.602" /><testcase classname="tests.test_supplier_po_cache_fix.TestVendorPOList" name="test_unauthenticated_gets_401" time="0.170" /><testcase classname="tests.test_supplier_po_cache_fix" name="test_internal_endpoints_reachable[/health]" time="0.219" /><testcase classname="tests.test_supplier_po_cache_fix" name="test_internal_endpoints_reachable[/inventory/summary]" time="0.226" /><testcase classname="tests.test_supplier_po_cache_fix.TestShipmentOnNewCache" name="test_create_shipment_and_validate" time="3.627" /><testcase classname="tests.test_supplier_po_cache_fix" name="test_internal_endpoints_reachable[/suppliers]" time="0.240" /><testcase classname="tests.test_supplier_po_cache_fix" name="test_internal_endpoints_reachable[/products]" time="0.195" /><testcase classname="tests.test_supplier_po_cache_fix.TestWatermark" name="test_watermark_tracks_current_max" time="0.001" /><testcase classname="tests.test_supplier_po_cache_fix.TestWatermark" name="test_cache_window_is_recent" time="0.003" /><testcase classname="tests.test_supplier_po_cache_fix.TestShipmentOnNewCache" name="test_unknown_item_rejected" time="0.187" /><testcase classname="tests.test_supplier_po_cache_fix.TestShipmentOnNewCache" name="test_dummy_vendor_cannot_ship_hamidi_po" time="0.532" /><testcase classname="tests.test_supplier_po_cache_fix.TestShipmentOnNewCache" name="test_doc_codes_unique" time="0.283" /></testsuite></testsuites>