<?xml version="1.0" encoding="utf-8"?><testsuites name="pytest tests"><testsuite name="pytest" errors="0" failures="2" skipped="0" tests="7" time="284.678" timestamp="2026-08-08T04:37:09.690169+00:00" hostname="agent-env-025980c2-0ecc-461b-b2ad-6d583c87f706"><testcase classname="tests.test_job_store_migration.TestPurchasingPlanJob" name="test_generate_and_poll" time="102.224" /><testcase classname="tests.test_job_store_migration.TestBackgroundJobsCollection" name="test_ttl_index_on_created_at" time="0.005" /><testcase classname="tests.test_job_store_migration.TestBackgroundJobsCollection" name="test_unknown_job_id_returns_404" time="0.203" /><testcase classname="tests.test_job_store_migration.TestInventoryRefreshJob" name="test_generate_and_poll" time="180.321"><failure message="TimeoutError: job did not finish in 180s, last={'job_id': '09016e64-0c81-4124-bcf6-a32b6dc02931', 'status': 'running', 'result': None, 'error': None}">backend/tests/test_job_store_migration.py:82: in test_generate_and_poll
    result = poll_until_done(f"{BASE_URL}/api/inventory/{job_id}", timeout=180)
             ^^^^^^^^^^^^^^^^^^^^^^^^^^^^^^^^^^^^^^^^^^^^^^^^^^^^^^^^^^^^^^^^^^
backend/tests/test_job_store_migration.py:35: in poll_until_done
    raise TimeoutError(f"job did not finish in {timeout}s, last={last}")
E   TimeoutError: job did not finish in 180s, last={'job_id': '09016e64-0c81-4124-bcf6-a32b6dc02931', 'status': 'running', 'result': None, 'error': None}</failure></testcase><testcase classname="tests.test_job_store_migration.TestDeepBackfillJob" name="test_generate_and_poll" time="181.794"><failure message="TimeoutError: job did not finish in 180s, last={'job_id': '58d37308-01ef-4439-9728-b2116a601dfa', 'status': 'running', 'phase': 'refreshing_cache', 'progress': {'processed': 0, 'total': 0}, 'result': None, 'error': None}">backend/tests/test_job_store_migration.py:100: in test_generate_and_poll
    result = poll_until_done(f"{BASE_URL}/api/inventory/deep-backfill-uuids/{job_id}", timeout=180)
             ^^^^^^^^^^^^^^^^^^^^^^^^^^^^^^^^^^^^^^^^^^^^^^^^^^^^^^^^^^^^^^^^^^^^^^^^^^^^^^^^^^^^^^
backend/tests/test_job_store_migration.py:35: in poll_until_done
    raise TimeoutError(f"job did not finish in {timeout}s, last={last}")
E   TimeoutError: job did not finish in 180s, last={'job_id': '58d37308-01ef-4439-9728-b2116a601dfa', 'status': 'running', 'phase': 'refreshing_cache', 'progress': {'processed': 0, 'total': 0}, 'result': None, 'error': None}</failure></testcase><testcase classname="tests.test_job_store_migration.TestMrpPlanJob" name="test_generate_and_poll" time="14.996" /><testcase classname="tests.test_job_store_migration.TestPushAllToSapJob" name="test_generate_and_poll" time="10.833" /></testsuite></testsuites>