<?xml version="1.0" encoding="utf-8"?><testsuites name="pytest tests"><testsuite name="pytest" errors="0" failures="0" skipped="0" tests="7" time="58.572" timestamp="2026-08-07T19:38:13.574926+00:00" hostname="agent-env-025980c2-0ecc-461b-b2ad-6d583c87f706"><testcase classname="tests.test_production_plan.TestOpenPoDemand" name="test_open_po_demand_basic" time="13.780" /><testcase classname="tests.test_production_plan.TestBomAlternates" name="test_list_alternates" time="0.284" /><testcase classname="tests.test_production_plan.TestBomAlternates" name="test_resolve_and_clear_alternate" time="0.231" /><testcase classname="tests.test_production_plan.TestBomAlternates" name="test_resolve_unknown_product_returns_404" time="0.050" /><testcase classname="tests.test_production_plan.TestOpenPoDemand" name="test_open_po_demand_customer_filter" time="18.192" /><testcase classname="tests.test_production_plan.TestPoSelection" name="test_toggle_requires_actor" time="13.407" /><testcase classname="tests.test_production_plan.TestPoSelection" name="test_select_then_deselect_persists_and_history" time="12.846" /></testsuite></testsuites>