<?xml version="1.0" encoding="utf-8"?><testsuites name="pytest tests"><testsuite name="pytest" errors="0" failures="0" skipped="0" tests="3" time="22.572" timestamp="2026-08-07T03:09:17.799769+00:00" hostname="agent-env-025980c2-0ecc-461b-b2ad-6d583c87f706"><testcase classname="tests.test_purchasing_plan_categorization.TestPurchasingPlanCategorization" name="test_components_present" time="22.264" /><testcase classname="tests.test_purchasing_plan_categorization.TestPurchasingPlanCategorization" name="test_components_have_category_field" time="0.000" /><testcase classname="tests.test_purchasing_plan_categorization.TestPurchasingPlanCategorization" name="test_category_values_are_strings" time="0.000" /></testsuite></testsuites>