<?xml version="1.0" encoding="utf-8"?><testsuites name="pytest tests"><testsuite name="pytest" errors="0" failures="0" skipped="0" tests="12" time="30.638" timestamp="2026-08-07T07:43:45.609073+00:00" hostname="agent-env-025980c2-0ecc-461b-b2ad-6d583c87f706"><testcase classname="tests.test_admin_and_overrides.TestAdminComponentsCRUD" name="test_list_admin_components_shape" time="22.831" /><testcase classname="tests.test_admin_and_overrides.TestPartOverrides" name="test_valid_real_override_resolves" time="26.383" /><testcase classname="tests.test_admin_and_overrides.TestAdminComponentsCRUD" name="test_patch_category_sets_manual_source" time="0.171" /><testcase classname="tests.test_admin_and_overrides.TestAdminComponentsCRUD" name="test_patch_msl_only_does_not_touch_category" time="0.162" /><testcase classname="tests.test_admin_and_overrides.TestAdminComponentsCRUD" name="test_recategorize_skips_manual" time="0.083" /><testcase classname="tests.test_admin_and_overrides.TestAICategorizationQuality" name="test_rfid_is_electronics" time="0.080" /><testcase classname="tests.test_admin_and_overrides.TestAICategorizationQuality" name="test_pp_spacer_is_plastic" time="0.000" /><testcase classname="tests.test_admin_and_overrides.TestAICategorizationQuality" name="test_nylon_spacer_is_plastic" time="0.000" /><testcase classname="tests.test_admin_and_overrides.TestAICategorizationQuality" name="test_manual_hex_bolt_stays_steel" time="0.000" /><testcase classname="tests.test_admin_and_overrides.TestPartOverrides" name="test_bad_override_does_not_crash" time="3.712" /><testcase classname="tests.test_admin_and_overrides.TestPartOverrides" name="test_retry_missing_uses_saved_override_automatically" time="0.176" /><testcase classname="tests.test_admin_and_overrides.TestPartOverrides" name="test_missing_fields_400" time="0.040" /></testsuite></testsuites>