<?xml version="1.0" encoding="utf-8"?><testsuites name="pytest tests"><testsuite name="pytest" errors="0" failures="0" skipped="0" tests="9" time="85.503" timestamp="2026-08-06T13:34:09.870235+00:00" hostname="agent-env-025980c2-0ecc-461b-b2ad-6d583c87f706"><testcase classname="tests.backend_test.TestRoot" name="test_root" time="0.316" /><testcase classname="tests.backend_test.TestConnectionStatus" name="test_connection_status_connected" time="0.995" /><testcase classname="tests.backend_test.TestBomSearch" name="test_search_invalid_bom_returns_404" time="0.915" /><testcase classname="tests.backend_test.TestBomSearch" name="test_search_missing_bom_id_returns_422" time="0.069" /><testcase classname="tests.backend_test.TestBomSearch" name="test_search_empty_bom_id_returns_422" time="0.075" /><testcase classname="tests.backend_test.TestBomSearch" name="test_search_bom_whitespace_trimmed" time="6.552" /><testcase classname="tests.backend_test.TestBomSearch" name="test_search_8060522_1_regression" time="6.423" /><testcase classname="tests.backend_test.TestBomSearch" name="test_search_flt2_4_1_multilevel" time="13.208" /><testcase classname="tests.backend_test.TestFlt2StabilityAcrossRepeatedRuns" name="test_flt2_4_1_stable_across_4_runs" time="56.880" /></testsuite></testsuites>