<?xml version="1.0" encoding="utf-8"?><testsuites name="pytest tests"><testsuite name="pytest" errors="0" failures="1" skipped="0" tests="10" time="100.004" timestamp="2026-08-21T14:44:19.020796+00:00" hostname="agent-env-025980c2-0ecc-461b-b2ad-6d583c87f706"><testcase classname="tests.test_goods_movement.TestRadishClient" name="test_dry_run_goods_movement_live" time="1.347" /><testcase classname="tests.test_goods_movement.TestIssueWithGoodsMovement" name="test_issue_with_warehouse_and_target_bin" time="60.538"><failure message="AssertionError: &lt;!DOCTYPE html&gt;&#10;  &lt;!--[if lt IE 7]&gt; &lt;html class=&quot;no-js ie6 oldie&quot; lang=&quot;en-US&quot;&gt; &lt;![endif]--&gt;&#10;  &lt;!--[if IE 7]&gt;    &lt;html class=&quot;no-js ie7 oldie&quot; lang=&quot;en-US&quot;&gt; &lt;![endif]--&gt;&#10;  &lt;!--[if IE 8]&gt;    &lt;html class=&quot;no-js ie8 oldie&quot; lang=&quot;en-US&quot;&gt; &lt;![endif]--&gt;&#10;  &lt;!--[if gt IE 8]&gt;&lt;!--&gt; &lt;html class=&quot;no-js&quot; lang=&quot;en-US&quot;&gt; &lt;!--&lt;![endif]--&gt;&#10;  &lt;head&gt;&#10;  &#10;  &lt;title&gt;preview.emergentagent.com | 502: Bad gateway&lt;/title&gt;&#10;  &lt;meta charset=&quot;UTF-8&quot; /&gt;&#10;  &lt;meta http-equiv=&quot;Content-Type&quot; content=&quot;text/html; charset=UTF-8&quot; /&gt;&#10;  &lt;meta http-equiv=&quot;X-UA&#10;assert 502 == 200&#10; +  where 502 = &lt;Response [502]&gt;.status_code">tests/test_goods_movement.py:128: in test_issue_with_warehouse_and_target_bin
    assert resp.status_code == 200, resp.text[:500]
E   AssertionError: &lt;!DOCTYPE html&gt;
E     &lt;!--[if lt IE 7]&gt; &lt;html class="no-js ie6 oldie" lang="en-US"&gt; &lt;![endif]--&gt;
E     &lt;!--[if IE 7]&gt;    &lt;html class="no-js ie7 oldie" lang="en-US"&gt; &lt;![endif]--&gt;
E     &lt;!--[if IE 8]&gt;    &lt;html class="no-js ie8 oldie" lang="en-US"&gt; &lt;![endif]--&gt;
E     &lt;!--[if gt IE 8]&gt;&lt;!--&gt; &lt;html class="no-js" lang="en-US"&gt; &lt;!--&lt;![endif]--&gt;
E     &lt;head&gt;
E     
E     &lt;title&gt;preview.emergentagent.com | 502: Bad gateway&lt;/title&gt;
E     &lt;meta charset="UTF-8" /&gt;
E     &lt;meta http-equiv="Content-Type" content="text/html; charset=UTF-8" /&gt;
E     &lt;meta http-equiv="X-UA
E   assert 502 == 200
E    +  where 502 = &lt;Response [502]&gt;.status_code</failure></testcase><testcase classname="tests.test_goods_movement.TestRadishClient" name="test_session_reused_across_calls" time="1.061" /><testcase classname="tests.test_goods_movement" name="test_availability_locations_carry_owner" time="0.003" /><testcase classname="tests.test_goods_movement.TestIssueWithGoodsMovement" name="test_issue_without_target_bin_is_backward_compatible" time="28.268" /><testcase classname="tests.test_goods_movement.TestIssueWithGoodsMovement" name="test_issue_partial_with_bin_fires_movement_and_sends_to_planner" time="9.843" /><testcase classname="tests.test_goods_movement.TestIssueWithGoodsMovement" name="test_issue_with_bin_but_no_warehouse" time="0.095" /><testcase classname="tests.test_goods_movement.TestIssueWithGoodsMovement" name="test_issue_twice_rejected" time="0.169" /><testcase classname="tests.test_goods_movement.TestIssueWithGoodsMovement" name="test_issue_unknown_request_404" time="0.088" /><testcase classname="tests.test_goods_movement.TestIssueWithGoodsMovement" name="test_issue_blank_actor_400" time="0.093" /></testsuite></testsuites>