<?xml version="1.0" encoding="utf-8"?><testsuites name="pytest tests"><testsuite name="pytest" errors="0" failures="0" skipped="0" tests="10" time="61.451" timestamp="2026-08-07T19:22:08.091036+00:00" hostname="agent-env-025980c2-0ecc-461b-b2ad-6d583c87f706"><testcase classname="tests.test_production_plan.TestMrpPlan" name="test_mrp_reflects_only_selected_lines" time="31.416" /><testcase classname="tests.test_production_plan.TestBomAlternates" name="test_list_alternates" time="0.220" /><testcase classname="tests.test_production_plan.TestBomAlternates" name="test_resolve_and_clear_alternate" time="0.204" /><testcase classname="tests.test_production_plan.TestBomAlternates" name="test_resolve_unknown_product_returns_404" time="0.050" /><testcase classname="tests.test_production_plan.TestOpenPoDemand" name="test_open_po_demand_basic" time="13.025" /><testcase classname="tests.test_production_plan.TestOpenPoDemand" name="test_open_po_demand_customer_filter" time="18.165" /><testcase classname="tests.test_production_plan.TestMrpPlan" name="test_generate_and_poll_mrp_plan" time="15.228" /><testcase classname="tests.test_production_plan.TestPoSelection" name="test_toggle_requires_actor" time="15.419" /><testcase classname="tests.test_production_plan.TestMrpPlan" name="test_mrp_status_unknown_job_404" time="0.040" /><testcase classname="tests.test_production_plan.TestPoSelection" name="test_select_then_deselect_persists_and_history" time="13.996" /></testsuite></testsuites>