<?xml version="1.0" encoding="utf-8"?><testsuites name="pytest tests"><testsuite name="pytest" errors="0" failures="0" skipped="0" tests="7" time="300.672" timestamp="2026-08-08T04:59:46.891006+00:00" hostname="agent-env-025980c2-0ecc-461b-b2ad-6d583c87f706"><testcase classname="tests.test_job_store_migration.TestPurchasingPlanJob" name="test_generate_and_poll" time="103.736" /><testcase classname="tests.test_job_store_migration.TestBackgroundJobsCollection" name="test_ttl_index_on_created_at" time="0.005" /><testcase classname="tests.test_job_store_migration.TestBackgroundJobsCollection" name="test_unknown_job_id_returns_404" time="0.123" /><testcase classname="tests.test_job_store_migration.TestInventoryRefreshJob" name="test_generate_and_poll" time="117.469" /><testcase classname="tests.test_job_store_migration.TestDeepBackfillJob" name="test_generate_and_poll" time="196.353" /><testcase classname="tests.test_job_store_migration.TestMrpPlanJob" name="test_generate_and_poll" time="14.930" /><testcase classname="tests.test_job_store_migration.TestPushAllToSapJob" name="test_generate_and_poll" time="31.970" /></testsuite></testsuites>