<?xml version="1.0" encoding="utf-8"?><testsuites name="pytest tests"><testsuite name="pytest" errors="0" failures="1" skipped="0" tests="7" time="290.860" timestamp="2026-08-08T04:29:11.913784+00:00" hostname="agent-env-025980c2-0ecc-461b-b2ad-6d583c87f706"><testcase classname="tests.test_job_store_migration.TestPurchasingPlanJob" name="test_generate_and_poll" time="108.169" /><testcase classname="tests.test_job_store_migration.TestBackgroundJobsCollection" name="test_ttl_index_on_created_at" time="0.005" /><testcase classname="tests.test_job_store_migration.TestBackgroundJobsCollection" name="test_unknown_job_id_returns_404" time="0.140" /><testcase classname="tests.test_job_store_migration.TestInventoryRefreshJob" name="test_generate_and_poll" time="118.615" /><testcase classname="tests.test_job_store_migration.TestDeepBackfillJob" name="test_generate_and_poll" time="181.784"><failure message="TimeoutError: job did not finish in 180s, last={'job_id': '00985e10-5c62-4b7e-aaea-6f926c8a5fb5', 'status': 'running', 'phase': 'refreshing_cache', 'progress': {'processed': 0, 'total': 0}, 'result': None, 'error': None}">backend/tests/test_job_store_migration.py:100: in test_generate_and_poll
    result = poll_until_done(f"{BASE_URL}/api/inventory/deep-backfill-uuids/{job_id}", timeout=180)
             ^^^^^^^^^^^^^^^^^^^^^^^^^^^^^^^^^^^^^^^^^^^^^^^^^^^^^^^^^^^^^^^^^^^^^^^^^^^^^^^^^^^^^^
backend/tests/test_job_store_migration.py:35: in poll_until_done
    raise TimeoutError(f"job did not finish in {timeout}s, last={last}")
E   TimeoutError: job did not finish in 180s, last={'job_id': '00985e10-5c62-4b7e-aaea-6f926c8a5fb5', 'status': 'running', 'phase': 'refreshing_cache', 'progress': {'processed': 0, 'total': 0}, 'result': None, 'error': None}</failure></testcase><testcase classname="tests.test_job_store_migration.TestMrpPlanJob" name="test_generate_and_poll" time="14.930" /><testcase classname="tests.test_job_store_migration.TestPushAllToSapJob" name="test_generate_and_poll" time="10.695" /></testsuite></testsuites>