<?xml version="1.0" encoding="utf-8"?><testsuites name="pytest tests"><testsuite name="pytest" errors="0" failures="0" skipped="0" tests="5" time="20.731" timestamp="2026-08-07T17:39:58.976327+00:00" hostname="agent-env-025980c2-0ecc-461b-b2ad-6d583c87f706"><testcase classname="tests.test_production_plan.TestOpenPoDemand" name="test_open_po_demand_basic" time="8.293" /><testcase classname="tests.test_production_plan.TestBomAlternates" name="test_list_alternates" time="0.137" /><testcase classname="tests.test_production_plan.TestBomAlternates" name="test_resolve_and_clear_alternate" time="0.268" /><testcase classname="tests.test_production_plan.TestBomAlternates" name="test_resolve_unknown_product_returns_404" time="0.053" /><testcase classname="tests.test_production_plan.TestOpenPoDemand" name="test_open_po_demand_customer_filter" time="12.095" /></testsuite></testsuites>