<?xml version="1.0" encoding="utf-8"?><testsuites name="pytest tests"><testsuite name="pytest" errors="0" failures="0" skipped="0" tests="13" time="5.344" timestamp="2026-08-07T09:46:26.592610+00:00" hostname="agent-env-025980c2-0ecc-461b-b2ad-6d583c87f706"><testcase classname="tests.test_sap_planning_writeback.TestDurationHelpers" name="test_duration_to_days_valid" time="0.000" /><testcase classname="tests.test_sap_planning_writeback.TestAdminComponentsListing" name="test_list_admin_components_shape" time="0.135" /><testcase classname="tests.test_sap_planning_writeback.TestDurationHelpers" name="test_duration_to_days_empty" time="0.000" /><testcase classname="tests.test_sap_planning_writeback.TestDurationHelpers" name="test_duration_to_days_none" time="0.000" /><testcase classname="tests.test_sap_planning_writeback.TestDurationHelpers" name="test_duration_to_days_invalid_format" time="0.000" /><testcase classname="tests.test_sap_planning_writeback.TestDurationHelpers" name="test_days_to_duration" time="0.000" /><testcase classname="tests.test_sap_planning_writeback.TestDurationHelpers" name="test_days_to_duration_float" time="0.000" /><testcase classname="tests.test_sap_planning_writeback.TestPushToSap" name="test_push_to_sap_updates_all_planning_areas" time="4.632" /><testcase classname="tests.test_sap_planning_writeback.TestAdminComponentsListing" name="test_spc5wm_has_sap_link" time="0.139" /><testcase classname="tests.test_sap_planning_writeback.TestSapPlanningPull" name="test_get_sap_planning_for_linked_component" time="0.963" /><testcase classname="tests.test_sap_planning_writeback.TestSapPlanningPull" name="test_get_sap_planning_for_unknown_component_404" time="0.120" /><testcase classname="tests.test_sap_planning_writeback.TestPushToSap" name="test_push_to_sap_unknown_component_404" time="0.095" /><testcase classname="tests.test_sap_planning_writeback.TestLeadTimePatch" name="test_patch_lead_time_persists" time="0.209" /></testsuite></testsuites>