<?xml version="1.0" encoding="utf-8"?><testsuites name="pytest tests"><testsuite name="pytest" errors="0" failures="0" skipped="0" tests="16" time="3.357" timestamp="2026-08-07T09:46:47.556705+00:00" hostname="agent-env-025980c2-0ecc-461b-b2ad-6d583c87f706"><testcase classname="tests.test_admin_and_overrides.TestPartOverrides" name="test_valid_real_override_resolves" time="2.564" /><testcase classname="tests.test_category_master.TestCategoryMaster" name="test_add_new_category_appears_in_list" time="0.175" /><testcase classname="tests.test_category_master.TestCategoryMaster" name="test_add_duplicate_category_case_insensitive_is_noop" time="0.085" /><testcase classname="tests.test_category_master.TestCategoryMaster" name="test_add_category_empty_name_400" time="0.046" /><testcase classname="tests.test_category_master.TestCategoryMaster" name="test_new_category_applies_to_component_via_patch" time="0.086" /><testcase classname="tests.test_admin_and_overrides.TestAdminComponentsCRUD" name="test_list_admin_components_shape" time="0.115" /><testcase classname="tests.test_admin_and_overrides.TestAdminComponentsCRUD" name="test_patch_category_sets_manual_source" time="0.105" /><testcase classname="tests.test_admin_and_overrides.TestAdminComponentsCRUD" name="test_patch_msl_only_does_not_touch_category" time="0.104" /><testcase classname="tests.test_admin_and_overrides.TestAdminComponentsCRUD" name="test_recategorize_skips_manual" time="0.045" /><testcase classname="tests.test_admin_and_overrides.TestAICategorizationQuality" name="test_rfid_is_electronics" time="0.065" /><testcase classname="tests.test_admin_and_overrides.TestAICategorizationQuality" name="test_pp_spacer_is_plastic" time="0.000" /><testcase classname="tests.test_admin_and_overrides.TestAICategorizationQuality" name="test_nylon_spacer_is_plastic" time="0.000" /><testcase classname="tests.test_admin_and_overrides.TestAICategorizationQuality" name="test_manual_hex_bolt_stays_steel" time="0.000" /><testcase classname="tests.test_admin_and_overrides.TestPartOverrides" name="test_bad_override_does_not_crash" time="0.193" /><testcase classname="tests.test_admin_and_overrides.TestPartOverrides" name="test_retry_missing_uses_saved_override_automatically" time="0.207" /><testcase classname="tests.test_admin_and_overrides.TestPartOverrides" name="test_missing_fields_400" time="0.041" /></testsuite></testsuites>