<?xml version="1.0" encoding="utf-8"?><testsuites name="pytest tests"><testsuite name="pytest" errors="0" failures="0" skipped="0" tests="9" time="0.848" timestamp="2026-09-04T07:24:01.324894+00:00" hostname="agent-env-025980c2-0ecc-461b-b2ad-6d583c87f706"><testcase classname="tests.test_po_billto_and_history_iter100.TestPurchaseOrderHistory" name="test_history_requires_auth" time="0.124" /><testcase classname="tests.test_po_billto_and_history_iter100.TestPurchaseOrderHistory" name="test_history_returns_array_with_expected_fields" time="0.140" /><testcase classname="tests.test_po_billto_and_history_iter100.TestPurchaseOrderHistory" name="test_history_limit_respected" time="0.067" /><testcase classname="tests.test_po_billto_and_history_iter100.TestBillToValidation" name="test_sites_endpoint" time="0.067" /><testcase classname="tests.test_po_billto_and_history_iter100.TestBillToValidation" name="test_rt_billto_rejected_for_ri_site" time="0.065" /><testcase classname="tests.test_po_billto_and_history_iter100.TestBillToValidation" name="test_ri_billto_rejected_for_rt_site" time="0.065" /><testcase classname="tests.test_po_billto_and_history_iter100.TestBillToValidation" name="test_legacy_bare_company_code_rejected" time="0.129" /><testcase classname="tests.test_po_billto_and_history_iter100.TestBillToValidation" name="test_garbage_billto_rejected" time="0.067" /><testcase classname="tests.test_po_billto_and_history_iter100.TestBillToValidation" name="test_bad_dates_rejected_before_sap" time="0.064" /></testsuite></testsuites>