<?xml version="1.0" encoding="utf-8"?><testsuites name="pytest tests"><testsuite name="pytest" errors="0" failures="0" skipped="0" tests="8" time="1.000" timestamp="2026-08-07T20:23:02.216378+00:00" hostname="agent-env-025980c2-0ecc-461b-b2ad-6d583c87f706"><testcase classname="tests.test_mrp_save_autosave.TestAutosave" name="test_autosave_found_and_structure" time="0.127" /><testcase classname="tests.test_mrp_save_autosave.TestAutosave" name="test_autosave_created_at_is_isoformat" time="0.000" /><testcase classname="tests.test_mrp_save_autosave.TestSavedPlansCRUD" name="test_create_named_plan_TEST_" time="0.192" /><testcase classname="tests.test_mrp_save_autosave.TestSavedPlansCRUD" name="test_full_crud_lifecycle" time="0.277" /><testcase classname="tests.test_mrp_save_autosave.TestSavedPlansCRUD" name="test_create_missing_name_returns_400" time="0.056" /><testcase classname="tests.test_mrp_save_autosave.TestSavedPlansCRUD" name="test_create_missing_actor_returns_400" time="0.054" /><testcase classname="tests.test_mrp_save_autosave.TestSavedPlansCRUD" name="test_delete_nonexistent_plan_returns_404" time="0.055" /><testcase classname="tests.test_mrp_save_autosave.TestSavedPlansCRUD" name="test_cannot_delete_autosave_via_saved_plans_delete" time="0.051" /></testsuite></testsuites>