<?xml version="1.0" encoding="utf-8"?><testsuites name="pytest tests"><testsuite name="pytest" errors="0" failures="0" skipped="0" tests="7" time="50.544" timestamp="2026-08-07T05:41:51.100624+00:00" hostname="agent-env-025980c2-0ecc-461b-b2ad-6d583c87f706"><testcase classname="tests.test_purchasing_plan_inventory.TestOnHandInventoryFields" name="test_components_present" time="50.194" /><testcase classname="tests.test_purchasing_plan_inventory.TestOnHandInventoryFields" name="test_component_has_new_fields" time="0.000" /><testcase classname="tests.test_purchasing_plan_inventory.TestOnHandInventoryFields" name="test_some_components_have_on_hand_data" time="0.000" /><testcase classname="tests.test_purchasing_plan_inventory.TestOnHandInventoryFields" name="test_net_qty_formula_when_on_hand_present" time="0.000" /><testcase classname="tests.test_purchasing_plan_inventory.TestOnHandInventoryFields" name="test_net_qty_never_negative" time="0.000" /><testcase classname="tests.test_purchasing_plan_inventory.TestOnHandInventoryFields" name="test_net_qty_fallback_when_no_on_hand_data" time="0.000" /><testcase classname="tests.test_purchasing_plan_inventory.TestOnHandInventoryFields" name="test_net_value_consistent_with_net_qty_and_unit_cost" time="0.000" /></testsuite></testsuites>