<?xml version="1.0" encoding="utf-8"?><testsuites name="pytest tests"><testsuite name="pytest" errors="0" failures="0" skipped="0" tests="4" time="1.436" timestamp="2026-08-12T13:08:06.353986+00:00" hostname="agent-env-025980c2-0ecc-461b-b2ad-6d583c87f706"><testcase classname="tests.test_bom_comments.TestBomComments" name="test_comments_known_real_id" time="0.329" /><testcase classname="tests.test_bom_comments.TestBomComments" name="test_comments_nonexistent_id_returns_empty_object" time="0.126" /><testcase classname="tests.test_bom_comments.TestBomComments" name="test_drawing_urls_regression" time="0.132" /><testcase classname="tests.test_bom_comments.TestBomComments" name="test_comments_unauthenticated_rejected" time="0.127" /></testsuite></testsuites>