<?xml version="1.0" encoding="utf-8"?><testsuites name="pytest tests"><testsuite name="pytest" errors="0" failures="0" skipped="0" tests="4" time="20.469" timestamp="2026-08-07T04:45:16.679692+00:00" hostname="agent-env-025980c2-0ecc-461b-b2ad-6d583c87f706"><testcase classname="tests.test_bom_cache.TestBomCachePurchasingPlan" name="test_run1_cold_then_run2_warm_identical_and_faster" time="10.130" /><testcase classname="tests.test_bom_cache.TestBomCachePurchasingPlan" name="test_run3_stable_after_cache_warm" time="5.008" /><testcase classname="tests.test_bom_cache.TestBomCacheStats" name="test_stats_shape_and_positive_after_generation" time="5.187" /><testcase classname="tests.test_bom_cache.TestBomCacheRefresh" name="test_refresh_returns_fast_and_triggered" time="0.094" /></testsuite></testsuites>