<?xml version="1.0" encoding="utf-8"?><testsuites name="pytest tests"><testsuite name="pytest" errors="0" failures="0" skipped="0" tests="8" time="1.910" timestamp="2026-08-21T13:23:30.397514+00:00" hostname="agent-env-025980c2-0ecc-461b-b2ad-6d583c87f706"><testcase classname="tests.test_short_request_id.TestComponentAvailabilityLocations" name="test_requires_auth" time="0.218" /><testcase classname="tests.test_short_request_id.TestShortIdGeneration" name="test_generate_short_id_format" time="0.005" /><testcase classname="tests.test_short_request_id.TestShortIdGeneration" name="test_create_request_uses_short_id" time="0.004" /><testcase classname="tests.test_short_request_id.TestShortIdGeneration" name="test_short_id_reachable_via_api" time="0.226" /><testcase classname="tests.test_short_request_id.TestStoreRequestEndpoints" name="test_queue_and_journal_include_ids" time="0.307" /><testcase classname="tests.test_short_request_id.TestStoreRequestEndpoints" name="test_unknown_request_id_404" time="0.209" /><testcase classname="tests.test_short_request_id.TestComponentAvailabilityLocations" name="test_locations_present_and_shaped" time="0.811" /><testcase classname="tests.test_short_request_id.TestComponentAvailabilityLocations" name="test_zero_quantity_and_bad_bom" time="0.162" /></testsuite></testsuites>