<?xml version="1.0" encoding="utf-8"?><testsuites name="pytest tests"><testsuite name="pytest" errors="0" failures="0" skipped="0" tests="4" time="53.436" timestamp="2026-08-12T22:54:16.357215+00:00" hostname="agent-env-025980c2-0ecc-461b-b2ad-6d583c87f706"><testcase classname="tests.test_refresh_attachments.TestRefreshAttachments" name="test_auth_me_sanity" time="51.107" /><testcase classname="tests.test_refresh_attachments.TestRefreshAttachments" name="test_empty_product_ids_returns_zero_immediately" time="0.223" /><testcase classname="tests.test_refresh_attachments.TestRefreshAttachments" name="test_single_known_product_id" time="1.135" /><testcase classname="tests.test_refresh_attachments.TestRefreshAttachments" name="test_no_auth_rejected" time="0.114" /></testsuite></testsuites>