<?xml version="1.0" encoding="utf-8"?><testsuites name="pytest tests"><testsuite name="pytest" errors="0" failures="0" skipped="2" tests="34" time="5.622" timestamp="2026-08-24T06:54:41.366864+00:00" hostname="agent-env-025980c2-0ecc-461b-b2ad-6d583c87f706"><testcase classname="tests.test_roles_and_store_approval_auth.TestStoreApprovalAuthGate" name="test_unauthenticated_gets_401[/api/store-requests]" time="0.122" /><testcase classname="tests.test_roles_and_store_approval_auth.TestStoreApprovalAuthGate" name="test_unauthenticated_gets_401[/api/store-requests/journal]" time="0.134" /><testcase classname="tests.test_roles_and_store_approval_auth.TestStoreApprovalAuthGate" name="test_unauthenticated_gets_401[/api/store-requests/balance-pending]" time="0.106" /><testcase classname="tests.test_roles_and_store_approval_auth.TestStoreApprovalAuthGate" name="test_unauthenticated_gets_401[/api/store-requests/P1-000004]" time="0.107" /><testcase classname="tests.test_roles_and_store_approval_auth.TestStoreApprovalAuthGate" name="test_unauthenticated_issue_post_401" time="0.107" /><testcase classname="tests.test_roles_and_store_approval_auth.TestStoreApprovalAuthGate" name="test_user_with_store_approval_can_read[/api/store-requests]" time="0.194" /><testcase classname="tests.test_roles_and_store_approval_auth.TestStoreApprovalAuthGate" name="test_user_with_store_approval_can_read[/api/store-requests/journal]" time="0.143" /><testcase classname="tests.test_roles_and_store_approval_auth.TestStoreApprovalAuthGate" name="test_user_with_store_approval_can_read[/api/store-requests/balance-pending]" time="0.124" /><testcase classname="tests.test_roles_and_store_approval_auth.TestStoreApprovalAuthGate" name="test_user_without_store_approval_403[/api/store-requests]" time="0.107" /><testcase classname="tests.test_roles_and_store_approval_auth.TestStoreApprovalAuthGate" name="test_user_without_store_approval_403[/api/store-requests/journal]" time="0.109" /><testcase classname="tests.test_roles_and_store_approval_auth.TestStoreApprovalAuthGate" name="test_admin_role_can_read_without_explicit_page" time="0.117" /><testcase classname="tests.test_roles_and_store_approval_auth.TestStoreApprovalAuthGate" name="test_super_admin_can_read" time="0.129" /><testcase classname="tests.test_roles_and_store_approval_auth.TestAuthMe" name="test_admin_gets_all_pages" time="0.114" /><testcase classname="tests.test_roles_and_store_approval_auth.TestAuthMe" name="test_super_admin_gets_all_pages" time="0.176" /><testcase classname="tests.test_roles_and_store_approval_auth.TestAuthMe" name="test_plain_user_pages_unchanged" time="0.174" /><testcase classname="tests.test_roles_and_store_approval_auth.TestAuthMe" name="test_store_user_pages" time="0.119" /><testcase classname="tests.test_roles_and_store_approval_auth.TestAuthMe" name="test_unauthenticated_me" time="0.124" /><testcase classname="tests.test_roles_and_store_approval_auth.TestAuthMe" name="test_store_approval_in_page_catalog" time="0.111" /><testcase classname="tests.test_roles_and_store_approval_auth.TestAdminEndpointAccess" name="test_pages_and_users_ok_for_admin" time="0.172" /><testcase classname="tests.test_roles_and_store_approval_auth.TestAdminEndpointAccess" name="test_pages_and_users_forbidden_for_plain_user" time="0.180" /><testcase classname="tests.test_roles_and_store_approval_auth.TestAdminEndpointAccess" name="test_users_unauthenticated_401" time="0.101" /><testcase classname="tests.test_roles_and_store_approval_auth.TestUpdateAccessRules" name="test_admin_can_set_user_role_and_pages" time="0.226" /><testcase classname="tests.test_roles_and_store_approval_auth.TestUpdateAccessRules" name="test_admin_cannot_assign_admin_role" time="0.247" /><testcase classname="tests.test_roles_and_store_approval_auth.TestUpdateAccessRules" name="test_admin_cannot_assign_super_admin_role" time="0.110" /><testcase classname="tests.test_roles_and_store_approval_auth.TestUpdateAccessRules" name="test_admin_cannot_touch_super_admin_target" time="0.233" /><testcase classname="tests.test_roles_and_store_approval_auth.TestUpdateAccessRules" name="test_plain_user_cannot_update_access" time="0.110" /><testcase classname="tests.test_roles_and_store_approval_auth.TestUpdateAccessRules" name="test_super_admin_can_promote_to_admin_and_back" time="0.752" /><testcase classname="tests.test_roles_and_store_approval_auth.TestUpdateAccessRules" name="test_super_admin_can_modify_super_admin" time="0.247" /><testcase classname="tests.test_roles_and_store_approval_auth.TestUpdateAccessRules" name="test_invalid_role_rejected" time="0.135" /><testcase classname="tests.test_roles_and_store_approval_auth.TestUpdateAccessRules" name="test_unknown_page_key_rejected" time="0.117" /><testcase classname="tests.test_roles_and_store_approval_auth.TestUpdateAccessRules" name="test_unknown_user_404" time="0.123" /><testcase classname="tests.test_roles_and_store_approval_auth.TestStoreApprovalRegression" name="test_queue_shape_and_material_type_and_restricted_flags" time="0.148"><skipped type="pytest.skip" message="no store requests in DB to shape-check">/app/backend/tests/test_roles_and_store_approval_auth.py:270: no store requests in DB to shape-check</skipped></testcase><testcase classname="tests.test_roles_and_store_approval_auth.TestStoreApprovalRegression" name="test_request_detail_components" time="0.115"><skipped type="pytest.skip" message="no requests available">/app/backend/tests/test_roles_and_store_approval_auth.py:282: no requests available</skipped></testcase><testcase classname="tests.test_roles_and_store_approval_auth.TestStoreApprovalRegression" name="test_refresh_live_stock_job_starts" time="0.161" /></testsuite></testsuites>