<?xml version="1.0" encoding="utf-8"?><testsuites name="pytest tests"><testsuite name="pytest" errors="0" failures="0" skipped="0" tests="10" time="3.307" timestamp="2026-08-23T13:34:53.600002+00:00" hostname="agent-env-025980c2-0ecc-461b-b2ad-6d583c87f706"><testcase classname="tests.test_roles_and_store_approval_auth.TestStoreApprovalAuthGate" name="test_unauthenticated_gets_401[/api/store-requests]" time="2.015" /><testcase classname="tests.test_roles_and_store_approval_auth.TestStoreApprovalAuthGate" name="test_unauthenticated_gets_401[/api/store-requests/journal]" time="0.105" /><testcase classname="tests.test_roles_and_store_approval_auth.TestStoreApprovalAuthGate" name="test_unauthenticated_gets_401[/api/store-requests/balance-pending]" time="0.141" /><testcase classname="tests.test_roles_and_store_approval_auth.TestStoreApprovalAuthGate" name="test_unauthenticated_gets_401[/api/store-requests/P1-000004]" time="0.108" /><testcase classname="tests.test_roles_and_store_approval_auth.TestStoreApprovalAuthGate" name="test_unauthenticated_issue_post_401" time="0.100" /><testcase classname="tests.test_roles_and_store_approval_auth.TestAuthMe" name="test_unauthenticated_me" time="0.096" /><testcase classname="tests.test_roles_and_store_approval_auth.TestAdminEndpointAccess" name="test_users_unauthenticated_401" time="0.100" /><testcase classname="tests.test_roles_and_store_approval_auth.TestStoreApprovalRegression" name="test_queue_shape_and_material_type_and_restricted_flags" time="0.120" /><testcase classname="tests.test_roles_and_store_approval_auth.TestStoreApprovalRegression" name="test_request_detail_components" time="0.232" /><testcase classname="tests.test_roles_and_store_approval_auth.TestStoreApprovalRegression" name="test_refresh_live_stock_job_starts" time="0.146" /></testsuite></testsuites>