<?xml version="1.0" encoding="utf-8"?><testsuites name="pytest tests"><testsuite name="pytest" errors="0" failures="0" skipped="0" tests="11" time="6.048" timestamp="2026-08-22T11:15:10.720495+00:00" hostname="agent-env-025980c2-0ecc-461b-b2ad-6d583c87f706"><testcase classname="tests.test_balance_pending_reopen.TestPartialThenReopenLifecycle" name="test_full_cycle" time="3.470" /><testcase classname="tests.test_balance_pending_reopen.TestPlannerApproveWithShortfall" name="test_approve_lands_in_balance_pending" time="0.722" /><testcase classname="tests.test_balance_pending_reopen.TestPlannerApproveWithShortfall" name="test_approve_with_no_shortfall_is_plain_resolved" time="0.112" /><testcase classname="tests.test_balance_pending_reopen.TestPlannerApproveWithShortfall" name="test_reject_cancels" time="0.221" /><testcase classname="tests.test_balance_pending_reopen.TestFullIssueRegression" name="test_full_issue_resolves_directly" time="0.420" /><testcase classname="tests.test_balance_pending_reopen.TestFullIssueRegression" name="test_routing_static_paths_not_shadowed" time="0.329" /><testcase classname="tests.test_balance_pending_reopen.TestFullIssueRegression" name="test_no_mongo_object_id_leaked" time="0.351" /><testcase classname="tests.test_balance_pending_reopen.TestPartialThenReopenLifecycle" name="test_multiple_reopens_until_fully_issued" time="1.022" /><testcase classname="tests.test_balance_pending_reopen.TestPartialThenReopenLifecycle" name="test_overissue_is_clamped_to_required" time="0.563" /><testcase classname="tests.test_balance_pending_reopen.TestPartialThenReopenLifecycle" name="test_reopen_rejected_on_fully_resolved_request" time="0.120" /><testcase classname="tests.test_balance_pending_reopen.TestPartialThenReopenLifecycle" name="test_negative_qty_rejected" time="0.250" /></testsuite></testsuites>