<?xml version="1.0" encoding="utf-8"?><testsuites name="pytest tests"><testsuite name="pytest" errors="0" failures="0" skipped="0" tests="6" time="4.436" timestamp="2026-09-16T06:51:44.887236+00:00" hostname="agent-env-025980c2-0ecc-461b-b2ad-6d583c87f706"><testcase classname="tests.test_sap_password_fix" name="test_bom_connection_status_soap" time="1.044" /><testcase classname="tests.test_sap_password_fix" name="test_bom_search_soap" time="0.138" /><testcase classname="tests.test_sap_password_fix" name="test_production_source_of_supply_odata" time="1.915" /><testcase classname="tests.test_sap_password_fix" name="test_inventory_odata" time="0.308" /><testcase classname="tests.test_sap_password_fix" name="test_admin_sap_planning_odata" time="1.009" /><testcase classname="tests.test_sap_password_fix" name="test_env_passwords_present" time="0.000" /></testsuite></testsuites>