<?xml version="1.0" encoding="utf-8"?><testsuites name="pytest tests"><testsuite name="pytest" errors="0" failures="0" skipped="0" tests="10" time="60.288" timestamp="2026-08-20T12:32:57.949466+00:00" hostname="agent-env-025980c2-0ecc-461b-b2ad-6d583c87f706"><testcase classname="tests.test_scrap_calc.TestProductionConfirmationSmoke" name="test_open_lots" time="57.154" /><testcase classname="tests.test_scrap_calc.TestScrapCalc" name="test_maz_material_expected_values" time="51.315" /><testcase classname="tests.test_scrap_calc.TestScrapCalc" name="test_missing_net_weight_reports_unavailable" time="0.064" /><testcase classname="tests.test_scrap_calc.TestScrapCalc" name="test_no_mass_component_reports_unavailable" time="0.061" /><testcase classname="tests.test_scrap_calc.TestScrapCalc" name="test_unknown_product_graceful" time="0.069" /><testcase classname="tests.test_scrap_calc.TestScrapCalc" name="test_product_id_with_slash_or_space_no_500" time="0.061" /><testcase classname="tests.test_scrap_calc.TestScrapCalcAuth" name="test_requires_session" time="0.870" /><testcase classname="tests.test_scrap_calc.TestProductionConfirmationSmoke" name="test_deviation_reasons" time="0.080" /><testcase classname="tests.test_scrap_calc.TestProductionConfirmationSmoke" name="test_history" time="0.077" /><testcase classname="tests.test_scrap_calc.TestProductionConfirmationSmoke" name="test_source_of_supply_options" time="2.560" /></testsuite></testsuites>