<?xml version="1.0" encoding="utf-8"?><testsuites name="pytest tests"><testsuite name="pytest" errors="0" failures="0" skipped="0" tests="20" time="9.265" timestamp="2026-08-20T13:53:07.997037+00:00" hostname="agent-env-025980c2-0ecc-461b-b2ad-6d583c87f706"><testcase classname="tests.test_scrap_classification.TestClassificationHelpers" name="test_family_rules[HRCOIL1.9X80.5-HR COIL 1.9mm X 80.5mm-expected0]" time="1.803" /><testcase classname="tests.test_scrap_classification.TestScrapCalcClassification" name="test_maz_iron_scrap_family" time="1.103" /><testcase classname="tests.test_scrap_classification.TestScrapCalcClassification" name="test_zinc_never_picked_as_rm" time="0.088" /><testcase classname="tests.test_scrap_classification.TestScrapCalcClassification" name="test_unknown_product_graceful" time="0.086" /><testcase classname="tests.test_scrap_classification.TestScrapCalcClassification" name="test_requires_session" time="0.171" /><testcase classname="tests.test_scrap_classification.TestPageSmoke" name="test_open_lots" time="6.240" /><testcase classname="tests.test_scrap_classification.TestClassificationHelpers" name="test_family_rules[CDA-260-Brass strip-expected1]" time="0.001" /><testcase classname="tests.test_scrap_classification.TestClassificationHelpers" name="test_family_rules[COPPER-ROD-Copper rod 8mm-expected2]" time="0.000" /><testcase classname="tests.test_scrap_classification.TestClassificationHelpers" name="test_family_rules[ALUMINIUM-SHT-Aluminium sheet-expected3]" time="0.000" /><testcase classname="tests.test_scrap_classification.TestClassificationHelpers" name="test_family_rules[SS304-COIL-Stainless steel coil-expected4]" time="0.000" /><testcase classname="tests.test_scrap_classification.TestClassificationHelpers" name="test_family_rules[CRCOIL0.8-CR Coil 0.8mm-expected5]" time="0.000" /><testcase classname="tests.test_scrap_classification.TestClassificationHelpers" name="test_family_rules[STEELFLAT25-Steel flat 25mm-expected6]" time="0.000" /><testcase classname="tests.test_scrap_classification.TestClassificationHelpers" name="test_unclassifiable_returns_none" time="0.000" /><testcase classname="tests.test_scrap_classification.TestClassificationHelpers" name="test_pick_rm_excludes_zinc_even_when_largest" time="0.000" /><testcase classname="tests.test_scrap_classification.TestClassificationHelpers" name="test_pick_rm_returns_none_when_only_zinc" time="0.000" /><testcase classname="tests.test_scrap_classification.TestClassificationHelpers" name="test_pick_rm_prefers_classified_over_larger_unclassified" time="0.000" /><testcase classname="tests.test_scrap_classification.TestClassificationHelpers" name="test_pick_rm_falls_back_to_largest_unclassified" time="0.000" /><testcase classname="tests.test_scrap_classification.TestSourceOfSupply" name="test_htbs_spain_two_combos" time="3.277" /><testcase classname="tests.test_scrap_classification.TestPageSmoke" name="test_deviation_reasons" time="0.101" /><testcase classname="tests.test_scrap_classification.TestPageSmoke" name="test_proposal_history" time="0.752" /></testsuite></testsuites>