<?xml version="1.0" encoding="utf-8"?><testsuites name="pytest tests"><testsuite name="pytest" errors="0" failures="0" skipped="0" tests="10" time="7.828" timestamp="2026-08-20T11:41:13.029234+00:00" hostname="agent-env-025980c2-0ecc-461b-b2ad-6d583c87f706"><testcase classname="tests.test_source_of_supply.TestSourceOfSupplyOptions" name="test_requires_auth" time="0.199" /><testcase classname="tests.test_source_of_supply.TestRegressionProductionConfirmation" name="test_proposal_history" time="0.200" /><testcase classname="tests.test_source_of_supply.TestSourceOfSupplyOptions" name="test_multi_model_material_bk0021_p2" time="1.851" /><testcase classname="tests.test_source_of_supply.TestRegressionProductionConfirmation" name="test_reasons_list" time="0.059" /><testcase classname="tests.test_source_of_supply.TestRegressionProductionConfirmation" name="test_open_lots" time="6.264" /><testcase classname="tests.test_source_of_supply.TestSourceOfSupplyOptions" name="test_single_model_material_htbs_spain_p2" time="1.768" /><testcase classname="tests.test_source_of_supply.TestSourceOfSupplyOptions" name="test_site_scoping_changes_result" time="2.764" /><testcase classname="tests.test_source_of_supply.TestRegressionProductionConfirmation" name="test_create_and_release_validation_missing_actor" time="0.056" /><testcase classname="tests.test_source_of_supply.TestSourceOfSupplyOptions" name="test_bogus_material_returns_empty_not_error" time="0.044" /><testcase classname="tests.test_source_of_supply.TestSourceOfSupplyOptions" name="test_bogus_site_handled" time="0.860" /></testsuite></testsuites>