<?xml version="1.0" encoding="utf-8"?><testsuites name="pytest tests"><testsuite name="pytest" errors="0" failures="0" skipped="0" tests="5" time="2.893" timestamp="2026-08-22T11:21:30.298007+00:00" hostname="agent-env-025980c2-0ecc-461b-b2ad-6d583c87f706"><testcase classname="tests.test_stale_stock_refresh.TestStaleStockRefresh" name="test_detail_read_picks_up_new_rm_row" time="0.322" /><testcase classname="tests.test_stale_stock_refresh.TestStaleStockRefresh" name="test_queue_journal_and_balance_pending_reflect_refresh" time="0.398" /><testcase classname="tests.test_stale_stock_refresh.TestStaleStockRefresh" name="test_refresh_is_display_only_not_persisted_over_history" time="0.202" /><testcase classname="tests.test_stale_stock_refresh.TestStaleStockRefresh" name="test_product_absent_from_cache_keeps_frozen_snapshot" time="0.111" /><testcase classname="tests.test_stale_stock_refresh.TestStaleStockRefresh" name="test_issue_uses_refreshed_rm_location" time="1.360" /></testsuite></testsuites>