<?xml version="1.0" encoding="utf-8"?><testsuites name="pytest tests"><testsuite name="pytest" errors="0" failures="0" skipped="0" tests="42" time="3.956" timestamp="2026-08-22T08:29:55.746647+00:00" hostname="agent-env-025980c2-0ecc-461b-b2ad-6d583c87f706"><testcase classname="tests.test_store_approval.TestStoreIssue" name="test_full_issue_resolves_and_resumes_job" time="0.468" /><testcase classname="tests.test_store_journal.TestJournalEndpoint" name="test_journal_returns_all_statuses" time="0.283" /><testcase classname="tests.test_store_journal.TestJournalEndpoint" name="test_journal_no_mongo_objectid_leak" time="0.115" /><testcase classname="tests.test_store_journal.TestJournalEndpoint" name="test_queue_excludes_resolved_and_cancelled" time="0.098" /><testcase classname="tests.test_store_approval.TestStoreIssue" name="test_partial_proceed_resolves_and_resumes_job" time="0.235" /><testcase classname="tests.test_store_journal.TestJournalEndpoint" name="test_journal_sorted_desc_by_created_at" time="0.112" /><testcase classname="tests.test_store_journal.TestJournalEndpoint" name="test_journal_route_not_swallowed_by_request_id_route" time="0.204" /><testcase classname="tests.test_store_approval.TestStoreIssue" name="test_partial_send_to_planner" time="0.199" /><testcase classname="tests.test_store_journal.TestJournalEndpoint" name="test_journal_preserves_legacy_and_new_location_shapes" time="0.111" /><testcase classname="tests.test_store_approval.TestStoreIssue" name="test_partial_without_decision_is_400" time="0.197" /><testcase classname="tests.test_store_journal.TestJournalEndpoint" name="test_detail_fetch_of_resolved_request" time="0.102" /><testcase classname="tests.test_store_journal.TestJournalEndpoint" name="test_issue_on_non_pending_request_rejected" time="0.136" /><testcase classname="tests.test_store_approval.TestStoreIssue" name="test_missing_component_treated_as_zero_issued" time="0.095" /><testcase classname="tests.test_store_journal.TestJournalEndpoint" name="test_real_production_docs_untouched" time="0.002" /><testcase classname="tests.test_store_approval.TestPlannerDecision" name="test_approve_resolves_and_resumes" time="0.104" /><testcase classname="tests.test_store_approval.TestStoreIssue" name="test_blank_actor_is_400" time="0.090" /><testcase classname="tests.test_store_approval.TestPlannerDecision" name="test_reject_cancels_request_and_job" time="0.102" /><testcase classname="tests.test_store_approval.TestStoreIssue" name="test_double_submit_on_non_pending_is_400" time="0.140" /><testcase classname="tests.test_store_approval.TestPlannerDecision" name="test_decision_on_pending_request_is_400" time="0.099" /><testcase classname="tests.test_store_approval.TestStoreIssue" name="test_issue_unknown_request_404" time="0.099" /><testcase classname="tests.test_store_approval.TestPlannerDecision" name="test_invalid_decision_value_is_400" time="0.099" /><testcase classname="tests.test_store_approval.TestPlannerEndpointsAuth" name="test_by_job_requires_login" time="0.098" /><testcase classname="tests.test_store_approval.TestPlannerDecision" name="test_blank_actor_is_400" time="0.096" /><testcase classname="tests.test_store_approval.TestPlannerEndpointsAuth" name="test_by_job_requires_page_permission" time="0.088" /><testcase classname="tests.test_store_approval.TestPlannerDecision" name="test_decision_unknown_request_404" time="0.097" /><testcase classname="tests.test_store_approval.TestPlannerEndpointsAuth" name="test_by_job_returns_linked_request" time="0.096" /><testcase classname="tests.test_store_issue_job.TestIssueValidation" name="test_second_submit_while_issuing_is_400" time="0.100" /><testcase classname="tests.test_store_approval.TestPlannerEndpointsAuth" name="test_by_job_unknown_404" time="0.136" /><testcase classname="tests.test_store_issue_job.TestIssueValidation" name="test_partial_without_decision_is_400_and_stays_pending" time="0.190" /><testcase classname="tests.test_store_approval.TestPlannerEndpointsAuth" name="test_decision_requires_login" time="0.094" /><testcase classname="tests.test_store_approval.TestPublicStoreRequestReads" name="test_list_is_public_and_returns_pending_only" time="0.099" /><testcase classname="tests.test_store_issue_job.TestIssueValidation" name="test_blank_actor_is_400" time="0.134" /><testcase classname="tests.test_store_approval.TestPublicStoreRequestReads" name="test_detail_is_public_with_components" time="0.096" /><testcase classname="tests.test_store_issue_job.TestIssueValidation" name="test_unknown_request_404" time="0.100" /><testcase classname="tests.test_store_approval.TestPublicStoreRequestReads" name="test_detail_unknown_id_404" time="0.136" /><testcase classname="tests.test_store_issue_job.TestIssueValidation" name="test_unknown_job_id_404" time="0.092" /><testcase classname="tests.test_store_issue_job.TestIssueReturnsImmediately" name="test_response_is_fast_and_shaped_correctly" time="0.294" /><testcase classname="tests.test_store_issue_job.TestIssueDecisionBranches" name="test_partial_send_to_planner" time="0.361" /><testcase classname="tests.test_store_issue_job.TestIssueReturnsImmediately" name="test_zero_issued_skips_movement_entirely" time="0.370" /><testcase classname="tests.test_store_issue_job.TestIssueDecisionBranches" name="test_partial_proceed_resumes_order_job" time="0.368" /><testcase classname="tests.test_store_issue_job.TestQueueAndJournal" name="test_issuing_request_appears_in_queue" time="0.097" /><testcase classname="tests.test_store_issue_job.TestQueueAndJournal" name="test_journal_shape" time="0.118" /></testsuite></testsuites>