<?xml version="1.0" encoding="utf-8"?><testsuites name="pytest tests"><testsuite name="pytest" errors="0" failures="0" skipped="0" tests="25" time="6.344" timestamp="2026-08-24T06:45:24.156729+00:00" hostname="agent-env-025980c2-0ecc-461b-b2ad-6d583c87f706"><testcase classname="tests.test_store_site_binding.TestAdminKnownSites" name="test_super_admin_sees_all_sites" time="1.048" /><testcase classname="tests.test_store_site_binding.TestAdminKnownSites" name="test_admin_sees_all_sites" time="0.143" /><testcase classname="tests.test_store_site_binding.TestAdminKnownSites" name="test_plain_user_forbidden" time="0.187" /><testcase classname="tests.test_store_site_binding.TestAdminKnownSites" name="test_unauthenticated_rejected" time="0.117" /><testcase classname="tests.test_store_site_binding.TestBindSites" name="test_bind_and_persist" time="0.360" /><testcase classname="tests.test_store_site_binding.TestBindSites" name="test_unbind_back_to_empty" time="0.332" /><testcase classname="tests.test_store_site_binding.TestBindSites" name="test_admin_can_bind" time="0.262" /><testcase classname="tests.test_store_site_binding.TestBindSites" name="test_plain_user_cannot_bind" time="0.141" /><testcase classname="tests.test_store_site_binding.TestBindSites" name="test_unknown_user_404" time="0.101" /><testcase classname="tests.test_store_site_binding.TestBindSites" name="test_unknown_site_code_accepted_no_validation" time="0.496" /><testcase classname="tests.test_store_site_binding.TestRequestFiltering" name="test_super_admin_sees_multiple_sites" time="0.216" /><testcase classname="tests.test_store_site_binding.TestRequestFiltering" name="test_unbound_user_sees_nothing" time="0.239" /><testcase classname="tests.test_store_site_binding.TestRequestFiltering" name="test_unbound_user_sees_no_sites" time="0.103" /><testcase classname="tests.test_store_site_binding.TestRequestFiltering" name="test_p1_user_sees_only_p1" time="0.286" /><testcase classname="tests.test_store_site_binding.TestRequestFiltering" name="test_admin_not_restricted" time="0.251" /><testcase classname="tests.test_store_site_binding.TestSiteScopedActions" name="test_refresh_live_stock_unbound_site_403" time="0.095" /><testcase classname="tests.test_store_site_binding.TestSiteScopedActions" name="test_refresh_live_stock_bound_site_ok" time="0.095" /><testcase classname="tests.test_store_site_binding.TestSiteScopedActions" name="test_refresh_live_stock_unbound_user_403" time="0.140" /><testcase classname="tests.test_store_site_binding.TestSiteScopedActions" name="test_refresh_live_stock_admin_allowed" time="0.098" /><testcase classname="tests.test_store_site_binding.TestSiteScopedActions" name="test_get_request_detail_other_site_403" time="0.255" /><testcase classname="tests.test_store_site_binding.TestSiteScopedActions" name="test_get_request_detail_own_site_200" time="0.133" /><testcase classname="tests.test_store_site_binding.TestSiteScopedActions" name="test_issue_other_site_403" time="0.175" /><testcase classname="tests.test_store_site_binding.TestSiteScopedActions" name="test_issue_unbound_user_403" time="0.112" /><testcase classname="tests.test_store_site_binding.TestAuthMe" name="test_bound_sites_exposed" time="0.119" /><testcase classname="tests.test_store_site_binding.TestAuthMe" name="test_admin_bound_sites_empty" time="0.779" /></testsuite></testsuites>