<?xml version="1.0" encoding="utf-8"?><testsuites name="pytest tests"><testsuite name="pytest" errors="0" failures="0" skipped="0" tests="7" time="4.976" timestamp="2026-08-21T09:56:30.161143+00:00" hostname="agent-env-025980c2-0ecc-461b-b2ad-6d583c87f706"><testcase classname="tests.test_store_locations.TestLocationsPassthrough" name="test_public_get_returns_locations" time="0.288" /><testcase classname="tests.test_store_locations.TestLocationsPassthrough" name="test_public_queue_returns_locations" time="0.190" /><testcase classname="tests.test_store_locations.TestLocationsPassthrough" name="test_locations_survive_full_issue" time="0.235" /><testcase classname="tests.test_store_locations.TestLocationsPassthrough" name="test_locations_survive_send_to_planner_then_planner_decision" time="0.444" /><testcase classname="tests.test_store_locations.TestLocationsPassthrough" name="test_missing_locations_field_is_tolerated" time="0.114" /><testcase classname="tests.test_store_locations.TestSourceOfSupplyOptionsUnchanged" name="test_multi_option_material_shape" time="1.798" /><testcase classname="tests.test_store_locations.TestSourceOfSupplyOptionsUnchanged" name="test_single_option_material_still_one" time="1.794" /></testsuite></testsuites>