<?xml version="1.0" encoding="utf-8"?><testsuites name="pytest tests"><testsuite name="pytest" errors="0" failures="0" skipped="0" tests="22" time="3.608" timestamp="2026-08-21T09:56:42.057655+00:00" hostname="agent-env-025980c2-0ecc-461b-b2ad-6d583c87f706"><testcase classname="tests.test_store_approval.TestPublicStoreRequestReads" name="test_list_is_public_and_returns_pending_only" time="0.145" /><testcase classname="tests.test_store_approval.TestPublicStoreRequestReads" name="test_detail_is_public_with_components" time="0.125" /><testcase classname="tests.test_store_approval.TestPublicStoreRequestReads" name="test_detail_unknown_id_404" time="0.124" /><testcase classname="tests.test_store_approval.TestStoreIssue" name="test_full_issue_resolves_and_resumes_job" time="0.472" /><testcase classname="tests.test_store_approval.TestStoreIssue" name="test_partial_proceed_resolves_and_resumes_job" time="0.097" /><testcase classname="tests.test_store_approval.TestStoreIssue" name="test_partial_send_to_planner" time="0.232" /><testcase classname="tests.test_store_approval.TestStoreIssue" name="test_partial_without_decision_is_400" time="0.254" /><testcase classname="tests.test_store_approval.TestStoreIssue" name="test_missing_component_treated_as_zero_issued" time="0.121" /><testcase classname="tests.test_store_approval.TestStoreIssue" name="test_blank_actor_is_400" time="0.103" /><testcase classname="tests.test_store_approval.TestStoreIssue" name="test_double_submit_on_non_pending_is_400" time="0.137" /><testcase classname="tests.test_store_approval.TestStoreIssue" name="test_issue_unknown_request_404" time="0.121" /><testcase classname="tests.test_store_approval.TestPlannerEndpointsAuth" name="test_by_job_requires_login" time="0.105" /><testcase classname="tests.test_store_approval.TestPlannerEndpointsAuth" name="test_by_job_requires_page_permission" time="0.136" /><testcase classname="tests.test_store_approval.TestPlannerEndpointsAuth" name="test_by_job_returns_linked_request" time="0.118" /><testcase classname="tests.test_store_approval.TestPlannerEndpointsAuth" name="test_by_job_unknown_404" time="0.118" /><testcase classname="tests.test_store_approval.TestPlannerEndpointsAuth" name="test_decision_requires_login" time="0.210" /><testcase classname="tests.test_store_approval.TestPlannerDecision" name="test_approve_resolves_and_resumes" time="0.137" /><testcase classname="tests.test_store_approval.TestPlannerDecision" name="test_reject_cancels_request_and_job" time="0.143" /><testcase classname="tests.test_store_approval.TestPlannerDecision" name="test_decision_on_pending_request_is_400" time="0.211" /><testcase classname="tests.test_store_approval.TestPlannerDecision" name="test_invalid_decision_value_is_400" time="0.103" /><testcase classname="tests.test_store_approval.TestPlannerDecision" name="test_blank_actor_is_400" time="0.143" /><testcase classname="tests.test_store_approval.TestPlannerDecision" name="test_decision_unknown_request_404" time="0.131" /></testsuite></testsuites>