<?xml version="1.0" encoding="utf-8"?><testsuites name="pytest tests"><testsuite name="pytest" errors="0" failures="1" skipped="0" tests="25" time="4.897" timestamp="2026-08-26T10:50:53.553075+00:00" hostname="agent-env-025980c2-0ecc-461b-b2ad-6d583c87f706"><testcase classname="tests.test_supplier_portal.TestSignupValidation" name="test_missing_text_field_rejected" time="0.127" /><testcase classname="tests.test_supplier_portal.TestSignupApprovePipeline" name="test_01_signup_success" time="0.919" /><testcase classname="tests.test_supplier_portal.TestSignupValidation" name="test_blank_text_field_rejected_400" time="0.115" /><testcase classname="tests.test_supplier_portal.TestSignupValidation" name="test_missing_file_rejected" time="0.113" /><testcase classname="tests.test_supplier_portal.TestSignupValidation" name="test_short_password_rejected" time="0.100" /><testcase classname="tests.test_supplier_portal.TestSignupValidation" name="test_duplicate_email_rejected" time="0.103" /><testcase classname="tests.test_supplier_portal.TestInternalAuthRegression" name="test_logged_out_internal_route_401" time="0.376" /><testcase classname="tests.test_supplier_portal.TestSignupApprovePipeline" name="test_02_login_while_pending_works" time="0.435" /><testcase classname="tests.test_supplier_portal.TestInternalAuthRegression" name="test_admin_supplier_portal_requires_login" time="0.102" /><testcase classname="tests.test_supplier_portal.TestInternalAuthRegression" name="test_supplier_admin_session_denied_on_other_internal_pages" time="0.092" /><testcase classname="tests.test_supplier_portal.TestInternalAuthRegression" name="test_supplier_token_does_not_grant_internal_access" time="0.361" /><testcase classname="tests.test_supplier_portal.TestSignupApprovePipeline" name="test_03_wrong_password_401" time="0.332" /><testcase classname="tests.test_supplier_portal.TestSupplierMe" name="test_me_logged_out_returns_200_not_authenticated" time="0.185" /><testcase classname="tests.test_supplier_portal.TestSupplierMe" name="test_me_with_garbage_token_returns_200" time="0.125" /><testcase classname="tests.test_supplier_portal.TestSignupApprovePipeline" name="test_04_admin_lists_pending" time="0.127" /><testcase classname="tests.test_supplier_portal.TestPasswordHashing" name="test_bcrypt_hash_format" time="0.070" /><testcase classname="tests.test_supplier_portal.TestSignupApprovePipeline" name="test_05_admin_downloads_documents" time="0.441" /><testcase classname="tests.test_supplier_portal.TestPasswordHashing" name="test_login_sets_httponly_secure_cookie" time="0.340" /><testcase classname="tests.test_supplier_portal.TestBruteForceLockout" name="test_lockout_after_5_failed_attempts" time="1.216"><failure message="AssertionError: {&quot;detail&quot;:&quot;Invalid email or password&quot;}&#10;assert 'too many failed attempts' in 'invalid email or password'&#10; +  where 'invalid email or password' = &lt;built-in method lower of str object at 0xff1888ba6ce0&gt;()&#10; +    where &lt;built-in method lower of str object at 0xff1888ba6ce0&gt; = 'Invalid email or password'.lower">E   AssertionError: {"detail":"Invalid email or password"}
    assert 'too many failed attempts' in 'invalid email or password'
     +  where 'invalid email or password' = &lt;built-in method lower of str object at 0xff1888ba6ce0&gt;()
     +    where &lt;built-in method lower of str object at 0xff1888ba6ce0&gt; = 'Invalid email or password'.lower</failure></testcase><testcase classname="tests.test_supplier_portal.TestSignupApprovePipeline" name="test_06_invalid_doc_type_400" time="0.066" /><testcase classname="tests.test_supplier_portal.TestSignupApprovePipeline" name="test_07_reject_then_login_shows_reason" time="0.481" /><testcase classname="tests.test_supplier_portal.TestSignupApprovePipeline" name="test_08_approve_moves_out_of_pending" time="0.228" /><testcase classname="tests.test_supplier_portal.TestSignupApprovePipeline" name="test_09_approved_vendor_login_and_po_503" time="0.368" /><testcase classname="tests.test_supplier_portal.TestSignupApprovePipeline" name="test_10_logout_clears_session" time="0.505" /><testcase classname="tests.test_supplier_portal.TestSignupApprovePipeline" name="test_11_po_requires_login" time="0.184" /></testsuite></testsuites>