<?xml version="1.0" encoding="utf-8"?><testsuites name="pytest tests"><testsuite name="pytest" errors="0" failures="0" skipped="0" tests="49" time="9.392" timestamp="2026-08-26T16:47:28.391460+00:00" hostname="agent-env-025980c2-0ecc-461b-b2ad-6d583c87f706"><testcase classname="tests.test_supplier_portal.TestSignupApprovePipeline" name="test_01_signup_success" time="0.894" /><testcase classname="tests.test_supplier_shipment_grn.TestShipmentCreation" name="test_create_shipment_returns_6char_code_and_persists" time="0.831" /><testcase classname="tests.test_supplier_shipment_grn.TestShipmentCreation" name="test_ship_qty_zero_rejected" time="0.134" /><testcase classname="tests.test_supplier_portal.TestSignupApprovePipeline" name="test_02_login_while_pending_works" time="0.515" /><testcase classname="tests.test_supplier_shipment_grn.TestShipmentCreation" name="test_ship_qty_negative_rejected" time="0.086" /><testcase classname="tests.test_supplier_shipment_grn.TestShipmentCreation" name="test_ship_more_than_po_qty_rejected" time="0.102" /><testcase classname="tests.test_supplier_shipment_grn.TestShipmentCreation" name="test_ship_exceeding_remaining_after_prior_shipments_rejected" time="0.258" /><testcase classname="tests.test_supplier_portal.TestSignupApprovePipeline" name="test_03_wrong_password_401" time="0.377" /><testcase classname="tests.test_supplier_shipment_grn.TestShipmentCreation" name="test_unknown_item_rejected" time="0.087" /><testcase classname="tests.test_supplier_shipment_grn.TestShipmentCreation" name="test_empty_items_rejected" time="0.089" /><testcase classname="tests.test_supplier_shipment_grn.TestShipmentCreation" name="test_unknown_po_rejected" time="0.090" /><testcase classname="tests.test_supplier_shipment_grn.TestShipmentCreation" name="test_shipment_creation_requires_login" time="0.165" /><testcase classname="tests.test_supplier_portal.TestSignupApprovePipeline" name="test_04_admin_lists_pending" time="0.133" /><testcase classname="tests.test_supplier_shipment_grn.TestShipmentCreation" name="test_doc_codes_are_unique" time="0.653" /><testcase classname="tests.test_supplier_portal.TestSignupApprovePipeline" name="test_05_admin_downloads_documents" time="0.625" /><testcase classname="tests.test_supplier_shipment_grn.TestGrnAdmin" name="test_lookup_case_insensitive" time="0.398" /><testcase classname="tests.test_supplier_portal.TestSignupApprovePipeline" name="test_06_invalid_doc_type_400" time="0.080" /><testcase classname="tests.test_supplier_portal.TestSignupApprovePipeline" name="test_07_reject_then_login_shows_reason" time="0.711" /><testcase classname="tests.test_supplier_shipment_grn.TestGrnAdmin" name="test_lookup_unknown_code_404" time="0.073" /><testcase classname="tests.test_supplier_shipment_grn.TestGrnAdmin" name="test_pending_list_filtered_by_status" time="0.172" /><testcase classname="tests.test_supplier_shipment_grn.TestGrnAdmin" name="test_approve_never_blocked_by_missing_sap_config" time="0.277" /><testcase classname="tests.test_supplier_portal.TestSignupApprovePipeline" name="test_08_approve_moves_out_of_pending" time="0.233" /><testcase classname="tests.test_supplier_shipment_grn.TestGrnAdmin" name="test_approved_shipment_cannot_be_reprocessed" time="0.425" /><testcase classname="tests.test_supplier_portal.TestSignupApprovePipeline" name="test_09_approved_vendor_login_and_po_cached_fallback" time="0.452" /><testcase classname="tests.test_supplier_shipment_grn.TestGrnAdmin" name="test_reject_stores_reason_and_releases_qty" time="0.533" /><testcase classname="tests.test_supplier_portal.TestSignupApprovePipeline" name="test_10_logout_clears_session" time="0.748" /><testcase classname="tests.test_supplier_shipment_grn.TestGrnAdmin" name="test_rejected_shipment_cannot_be_reprocessed" time="0.314" /><testcase classname="tests.test_supplier_shipment_grn.TestGrnAdmin" name="test_approve_unknown_code_404" time="0.137" /><testcase classname="tests.test_supplier_portal.TestSignupApprovePipeline" name="test_11_po_requires_login" time="0.132" /><testcase classname="tests.test_supplier_portal.TestInternalAuthRegression" name="test_logged_out_internal_route_401" time="0.519" /><testcase classname="tests.test_supplier_portal.TestSignupValidation" name="test_missing_text_field_rejected" time="0.237" /><testcase classname="tests.test_supplier_portal.TestSignupValidation" name="test_blank_text_field_rejected_400" time="0.153" /><testcase classname="tests.test_supplier_portal.TestSignupValidation" name="test_missing_file_rejected" time="0.196" /><testcase classname="tests.test_supplier_portal.TestInternalAuthRegression" name="test_admin_supplier_portal_requires_login" time="0.132" /><testcase classname="tests.test_supplier_portal.TestInternalAuthRegression" name="test_supplier_admin_session_denied_on_other_internal_pages" time="0.176" /><testcase classname="tests.test_supplier_portal.TestSignupValidation" name="test_short_password_rejected" time="0.140" /><testcase classname="tests.test_supplier_portal.TestSignupValidation" name="test_duplicate_email_rejected" time="0.126" /><testcase classname="tests.test_supplier_portal.TestInternalAuthRegression" name="test_supplier_token_does_not_grant_internal_access" time="0.458" /><testcase classname="tests.test_supplier_portal.TestSupplierMe" name="test_me_logged_out_returns_200_not_authenticated" time="0.198" /><testcase classname="tests.test_supplier_portal.TestSupplierMe" name="test_me_with_garbage_token_returns_200" time="0.155" /><testcase classname="tests.test_supplier_portal.TestPasswordHashing" name="test_bcrypt_hash_format" time="0.064" /><testcase classname="tests.test_supplier_shipment_grn.TestGrnPermissions" name="test_grn_routes_require_login" time="1.115" /><testcase classname="tests.test_supplier_portal.TestPasswordHashing" name="test_login_sets_httponly_secure_cookie" time="0.431" /><testcase classname="tests.test_supplier_shipment_grn.TestPurchaseOrderList" name="test_po_list_returns_seeded_items_and_live_sync_false" time="0.468" /><testcase classname="tests.test_supplier_shipment_grn.TestPurchaseOrderList" name="test_po_list_requires_login" time="0.140" /><testcase classname="tests.test_supplier_portal.TestBruteForceLockout" name="test_lockout_after_5_failed_attempts" time="1.665" /><testcase classname="tests.test_supplier_shipment_grn.TestGrnPermissions" name="test_supplier_jwt_does_not_authenticate_grn_routes" time="0.511" /><testcase classname="tests.test_supplier_shipment_grn.TestGrnPermissions" name="test_user_without_page_permission_gets_403" time="0.172" /><testcase classname="tests.test_supplier_shipment_grn.TestGrnPermissions" name="test_internal_user_without_supplier_portal_admin_gets_403_on_grn" time="1.087" /></testsuite></testsuites>